
> @acme/nextjs@ typecheck C:\antigravity\gasera\apps\nextjs
> tsc --noEmit

src/app/dashboard/assets/page.tsx(61,44): error TS2339: Property 'useMutation' does not exist on type 'DecorateMutationProcedure<{ input: { id: string; }; output: { success: boolean; }; transformer: true; errorShape: { data: { zodError: typeToFlattenedError<Record<string, unknown>, string> | null; code: "BAD_REQUEST" | ... 19 more ... | "CLIENT_CLOSED_REQUEST"; httpStatus: number; path?: string | undefined; stack?: s...'.
src/app/dashboard/customers/[id]/edit/page.tsx(160,7): error TS2345: Argument of type '{ customerType: "residential" | "corporate" | "government"; businessName: string; tradeName: string; taxId: string; email: string; phone: string; alternatePhone: string; notes: string; status: string; id: string; }' is not assignable to parameter of type 'void'.
src/app/dashboard/customers/page.tsx(67,9): error TS2345: Argument of type '{ id: string; }' is not assignable to parameter of type 'void'.
src/app/dashboard/deliveries/[id]/page.tsx(119,9): error TS2551: Property 'drivers' does not exist on type 'TRPCOptionsProxy<BuiltRouter<{ ctx: { authApi: InferAPI<{ readonly ok: { <AsResponse extends boolean = false, ReturnHeaders extends boolean = false>(inputCtx_0?: ({ body?: undefined; } & { method?: "GET" | undefined; } & { query?: Record<string, any> | undefined; } & { params?: Record<...> | undefined; } & { ...; } ...'. Did you mean 'driver'?
src/app/dashboard/deliveries/[id]/page.tsx(176,33): error TS2339: Property 'name' does not exist on type '{}'.
src/app/dashboard/dispatch/page.tsx(36,21): error TS2339: Property 'useUtils' does not exist on type 'TRPCOptionsProxy<BuiltRouter<{ ctx: { authApi: InferAPI<{ readonly ok: { <AsResponse extends boolean = false, ReturnHeaders extends boolean = false>(inputCtx_0?: ({ body?: undefined; } & { method?: "GET" | undefined; } & { query?: Record<string, any> | undefined; } & { params?: Record<...> | undefined; } & { ...; } ...'.
src/app/dashboard/dispatch/page.tsx(43,56): error TS2339: Property 'useMutation' does not exist on type 'DecorateMutationProcedure<{ input: { orderId: string; newStatus: "delivered" | "pending" | "cancelled" | "assigned" | "in_progress" | "failed"; notes?: string | undefined; }; output: { success: boolean; }; transformer: true; errorShape: { ...; }; featureFlags: { ...; }; }>'.
src/app/dashboard/dispatch/page.tsx(48,15): error TS7006: Parameter 'err' implicitly has an 'any' type.
src/app/dashboard/faqs/[id]/page.tsx(47,16): error TS2322: Type '{ id: string; tenantId: string; categoryId: string; question: string; answer: string; keywords: string | null; views: number; isActive: number; isFeatured: number; createdAt: Date; updatedAt: Date; }' is not assignable to type '{ categoryId: string; question: string; answer: string; isFeatured: boolean; keywords?: string | undefined; } & { id: string; }'.
  Type '{ id: string; tenantId: string; categoryId: string; question: string; answer: string; keywords: string | null; views: number; isActive: number; isFeatured: number; createdAt: Date; updatedAt: Date; }' is not assignable to type '{ categoryId: string; question: string; answer: string; isFeatured: boolean; keywords?: string | undefined; }'.
    Types of property 'isFeatured' are incompatible.
      Type 'number' is not assignable to type 'boolean'.
src/app/dashboard/faqs/_components/faq-form.tsx(57,5): error TS2322: Type 'Resolver<{ categoryId: string; question: string; answer: string; keywords?: string | undefined; isFeatured?: boolean | undefined; }, any, { categoryId: string; question: string; answer: string; isFeatured: boolean; keywords?: string | undefined; }>' is not assignable to type 'Resolver<{ categoryId: string; question: string; answer: string; isFeatured: boolean; keywords?: string | undefined; }, any, { categoryId: string; question: string; answer: string; isFeatured: boolean; keywords?: string | undefined; }>'.
  Types of parameters 'options' and 'options' are incompatible.
    Type 'ResolverOptions<{ categoryId: string; question: string; answer: string; isFeatured: boolean; keywords?: string | undefined; }>' is not assignable to type 'ResolverOptions<{ categoryId: string; question: string; answer: string; keywords?: string | undefined; isFeatured?: boolean | undefined; }>'.
      Type 'boolean | undefined' is not assignable to type 'boolean'.
        Type 'undefined' is not assignable to type 'boolean'.
src/app/dashboard/faqs/_components/faq-form.tsx(137,41): error TS2345: Argument of type '(data: FaqFormValues) => void' is not assignable to parameter of type 'SubmitHandler<TFieldValues>'.
  Types of parameters 'data' and 'data' are incompatible.
    Type 'TFieldValues' is not assignable to type '{ categoryId: string; question: string; answer: string; isFeatured: boolean; keywords?: string | undefined; }'.
      Type 'FieldValues' is missing the following properties from type '{ categoryId: string; question: string; answer: string; isFeatured: boolean; keywords?: string | undefined; }': categoryId, question, answer, isFeatured
src/app/dashboard/faqs/_components/faq-form.tsx(148,15): error TS2322: Type 'Control<{ categoryId: string; question: string; answer: string; isFeatured: boolean; keywords?: string | undefined; }, any, TFieldValues>' is not assignable to type 'Control<{ categoryId: string; question: string; answer: string; isFeatured: boolean; keywords?: string | undefined; }, any, { categoryId: string; question: string; answer: string; isFeatured: boolean; keywords?: string | undefined; }>'.
  The types of '_options.resolver' are incompatible between these types.
    Type 'Resolver<{ categoryId: string; question: string; answer: string; isFeatured: boolean; keywords?: string | undefined; }, any, TFieldValues> | undefined' is not assignable to type 'Resolver<{ categoryId: string; question: string; answer: string; isFeatured: boolean; keywords?: string | undefined; }, any, { categoryId: string; question: string; answer: string; isFeatured: boolean; keywords?: string | undefined; }> | undefined'.
      Type 'Resolver<{ categoryId: string; question: string; answer: string; isFeatured: boolean; keywords?: string | undefined; }, any, TFieldValues>' is not assignable to type 'Resolver<{ categoryId: string; question: string; answer: string; isFeatured: boolean; keywords?: string | undefined; }, any, { categoryId: string; question: string; answer: string; isFeatured: boolean; keywords?: string | undefined; }>'.
        Type 'ResolverResult<{ categoryId: string; question: string; answer: string; isFeatured: boolean; keywords?: string | undefined; }, TFieldValues> | Promise<ResolverResult<{ ...; }, TFieldValues>>' is not assignable to type 'ResolverResult<{ categoryId: string; question: string; answer: string; isFeatured: boolean; keywords?: string | undefined; }, { categoryId: string; question: string; answer: string; isFeatured: boolean; keywords?: string | undefined; }> | Promise<...>'.
          Type 'ResolverSuccess<TFieldValues>' is not assignable to type 'ResolverResult<{ categoryId: string; question: string; answer: string; isFeatured: boolean; keywords?: string | undefined; }, { categoryId: string; question: string; answer: string; isFeatured: boolean; keywords?: string | undefined; }> | Promise<...>'.
            Type 'ResolverSuccess<TFieldValues>' is not assignable to type 'ResolverSuccess<{ categoryId: string; question: string; answer: string; isFeatured: boolean; keywords?: string | undefined; }>'.
              Type 'TFieldValues' is not assignable to type '{ categoryId: string; question: string; answer: string; isFeatured: boolean; keywords?: string | undefined; }'.
                Type 'FieldValues' is missing the following properties from type '{ categoryId: string; question: string; answer: string; isFeatured: boolean; keywords?: string | undefined; }': categoryId, question, answer, isFeatured
src/app/dashboard/faqs/_components/faq-form.tsx(186,15): error TS2322: Type 'Control<{ categoryId: string; question: string; answer: string; isFeatured: boolean; keywords?: string | undefined; }, any, TFieldValues>' is not assignable to type 'Control<{ categoryId: string; question: string; answer: string; isFeatured: boolean; keywords?: string | undefined; }, any, { categoryId: string; question: string; answer: string; isFeatured: boolean; keywords?: string | undefined; }>'.
  The types of '_options.resolver' are incompatible between these types.
    Type 'Resolver<{ categoryId: string; question: string; answer: string; isFeatured: boolean; keywords?: string | undefined; }, any, TFieldValues> | undefined' is not assignable to type 'Resolver<{ categoryId: string; question: string; answer: string; isFeatured: boolean; keywords?: string | undefined; }, any, { categoryId: string; question: string; answer: string; isFeatured: boolean; keywords?: string | undefined; }> | undefined'.
      Type 'Resolver<{ categoryId: string; question: string; answer: string; isFeatured: boolean; keywords?: string | undefined; }, any, TFieldValues>' is not assignable to type 'Resolver<{ categoryId: string; question: string; answer: string; isFeatured: boolean; keywords?: string | undefined; }, any, { categoryId: string; question: string; answer: string; isFeatured: boolean; keywords?: string | undefined; }>'.
        Type 'ResolverResult<{ categoryId: string; question: string; answer: string; isFeatured: boolean; keywords?: string | undefined; }, TFieldValues> | Promise<ResolverResult<{ ...; }, TFieldValues>>' is not assignable to type 'ResolverResult<{ categoryId: string; question: string; answer: string; isFeatured: boolean; keywords?: string | undefined; }, { categoryId: string; question: string; answer: string; isFeatured: boolean; keywords?: string | undefined; }> | Promise<...>'.
          Type 'ResolverSuccess<TFieldValues>' is not assignable to type 'ResolverResult<{ categoryId: string; question: string; answer: string; isFeatured: boolean; keywords?: string | undefined; }, { categoryId: string; question: string; answer: string; isFeatured: boolean; keywords?: string | undefined; }> | Promise<...>'.
            Type 'ResolverSuccess<TFieldValues>' is not assignable to type 'ResolverSuccess<{ categoryId: string; question: string; answer: string; isFeatured: boolean; keywords?: string | undefined; }>'.
              Type 'TFieldValues' is not assignable to type '{ categoryId: string; question: string; answer: string; isFeatured: boolean; keywords?: string | undefined; }'.
                Type 'FieldValues' is missing the following properties from type '{ categoryId: string; question: string; answer: string; isFeatured: boolean; keywords?: string | undefined; }': categoryId, question, answer, isFeatured
src/app/dashboard/faqs/_components/faq-form.tsx(203,15): error TS2322: Type 'Control<{ categoryId: string; question: string; answer: string; isFeatured: boolean; keywords?: string | undefined; }, any, TFieldValues>' is not assignable to type 'Control<{ categoryId: string; question: string; answer: string; isFeatured: boolean; keywords?: string | undefined; }, any, { categoryId: string; question: string; answer: string; isFeatured: boolean; keywords?: string | undefined; }>'.
  The types of '_options.resolver' are incompatible between these types.
    Type 'Resolver<{ categoryId: string; question: string; answer: string; isFeatured: boolean; keywords?: string | undefined; }, any, TFieldValues> | undefined' is not assignable to type 'Resolver<{ categoryId: string; question: string; answer: string; isFeatured: boolean; keywords?: string | undefined; }, any, { categoryId: string; question: string; answer: string; isFeatured: boolean; keywords?: string | undefined; }> | undefined'.
      Type 'Resolver<{ categoryId: string; question: string; answer: string; isFeatured: boolean; keywords?: string | undefined; }, any, TFieldValues>' is not assignable to type 'Resolver<{ categoryId: string; question: string; answer: string; isFeatured: boolean; keywords?: string | undefined; }, any, { categoryId: string; question: string; answer: string; isFeatured: boolean; keywords?: string | undefined; }>'.
        Type 'ResolverResult<{ categoryId: string; question: string; answer: string; isFeatured: boolean; keywords?: string | undefined; }, TFieldValues> | Promise<ResolverResult<{ ...; }, TFieldValues>>' is not assignable to type 'ResolverResult<{ categoryId: string; question: string; answer: string; isFeatured: boolean; keywords?: string | undefined; }, { categoryId: string; question: string; answer: string; isFeatured: boolean; keywords?: string | undefined; }> | Promise<...>'.
          Type 'ResolverSuccess<TFieldValues>' is not assignable to type 'ResolverResult<{ categoryId: string; question: string; answer: string; isFeatured: boolean; keywords?: string | undefined; }, { categoryId: string; question: string; answer: string; isFeatured: boolean; keywords?: string | undefined; }> | Promise<...>'.
            Type 'ResolverSuccess<TFieldValues>' is not assignable to type 'ResolverSuccess<{ categoryId: string; question: string; answer: string; isFeatured: boolean; keywords?: string | undefined; }>'.
              Type 'TFieldValues' is not assignable to type '{ categoryId: string; question: string; answer: string; isFeatured: boolean; keywords?: string | undefined; }'.
                Type 'FieldValues' is missing the following properties from type '{ categoryId: string; question: string; answer: string; isFeatured: boolean; keywords?: string | undefined; }': categoryId, question, answer, isFeatured
src/app/dashboard/faqs/_components/faq-form.tsx(222,17): error TS2322: Type 'Control<{ categoryId: string; question: string; answer: string; isFeatured: boolean; keywords?: string | undefined; }, any, TFieldValues>' is not assignable to type 'Control<{ categoryId: string; question: string; answer: string; isFeatured: boolean; keywords?: string | undefined; }, any, { categoryId: string; question: string; answer: string; isFeatured: boolean; keywords?: string | undefined; }>'.
  The types of '_options.resolver' are incompatible between these types.
    Type 'Resolver<{ categoryId: string; question: string; answer: string; isFeatured: boolean; keywords?: string | undefined; }, any, TFieldValues> | undefined' is not assignable to type 'Resolver<{ categoryId: string; question: string; answer: string; isFeatured: boolean; keywords?: string | undefined; }, any, { categoryId: string; question: string; answer: string; isFeatured: boolean; keywords?: string | undefined; }> | undefined'.
      Type 'Resolver<{ categoryId: string; question: string; answer: string; isFeatured: boolean; keywords?: string | undefined; }, any, TFieldValues>' is not assignable to type 'Resolver<{ categoryId: string; question: string; answer: string; isFeatured: boolean; keywords?: string | undefined; }, any, { categoryId: string; question: string; answer: string; isFeatured: boolean; keywords?: string | undefined; }>'.
        Type 'ResolverResult<{ categoryId: string; question: string; answer: string; isFeatured: boolean; keywords?: string | undefined; }, TFieldValues> | Promise<ResolverResult<{ ...; }, TFieldValues>>' is not assignable to type 'ResolverResult<{ categoryId: string; question: string; answer: string; isFeatured: boolean; keywords?: string | undefined; }, { categoryId: string; question: string; answer: string; isFeatured: boolean; keywords?: string | undefined; }> | Promise<...>'.
          Type 'ResolverSuccess<TFieldValues>' is not assignable to type 'ResolverResult<{ categoryId: string; question: string; answer: string; isFeatured: boolean; keywords?: string | undefined; }, { categoryId: string; question: string; answer: string; isFeatured: boolean; keywords?: string | undefined; }> | Promise<...>'.
            Type 'ResolverSuccess<TFieldValues>' is not assignable to type 'ResolverSuccess<{ categoryId: string; question: string; answer: string; isFeatured: boolean; keywords?: string | undefined; }>'.
              Type 'TFieldValues' is not assignable to type '{ categoryId: string; question: string; answer: string; isFeatured: boolean; keywords?: string | undefined; }'.
                Type 'FieldValues' is missing the following properties from type '{ categoryId: string; question: string; answer: string; isFeatured: boolean; keywords?: string | undefined; }': categoryId, question, answer, isFeatured
src/app/dashboard/faqs/_components/faq-form.tsx(239,17): error TS2322: Type 'Control<{ categoryId: string; question: string; answer: string; isFeatured: boolean; keywords?: string | undefined; }, any, TFieldValues>' is not assignable to type 'Control<{ categoryId: string; question: string; answer: string; isFeatured: boolean; keywords?: string | undefined; }, any, { categoryId: string; question: string; answer: string; isFeatured: boolean; keywords?: string | undefined; }>'.
  The types of '_options.resolver' are incompatible between these types.
    Type 'Resolver<{ categoryId: string; question: string; answer: string; isFeatured: boolean; keywords?: string | undefined; }, any, TFieldValues> | undefined' is not assignable to type 'Resolver<{ categoryId: string; question: string; answer: string; isFeatured: boolean; keywords?: string | undefined; }, any, { categoryId: string; question: string; answer: string; isFeatured: boolean; keywords?: string | undefined; }> | undefined'.
      Type 'Resolver<{ categoryId: string; question: string; answer: string; isFeatured: boolean; keywords?: string | undefined; }, any, TFieldValues>' is not assignable to type 'Resolver<{ categoryId: string; question: string; answer: string; isFeatured: boolean; keywords?: string | undefined; }, any, { categoryId: string; question: string; answer: string; isFeatured: boolean; keywords?: string | undefined; }>'.
        Type 'ResolverResult<{ categoryId: string; question: string; answer: string; isFeatured: boolean; keywords?: string | undefined; }, TFieldValues> | Promise<ResolverResult<{ ...; }, TFieldValues>>' is not assignable to type 'ResolverResult<{ categoryId: string; question: string; answer: string; isFeatured: boolean; keywords?: string | undefined; }, { categoryId: string; question: string; answer: string; isFeatured: boolean; keywords?: string | undefined; }> | Promise<...>'.
          Type 'ResolverSuccess<TFieldValues>' is not assignable to type 'ResolverResult<{ categoryId: string; question: string; answer: string; isFeatured: boolean; keywords?: string | undefined; }, { categoryId: string; question: string; answer: string; isFeatured: boolean; keywords?: string | undefined; }> | Promise<...>'.
            Type 'ResolverSuccess<TFieldValues>' is not assignable to type 'ResolverSuccess<{ categoryId: string; question: string; answer: string; isFeatured: boolean; keywords?: string | undefined; }>'.
              Type 'TFieldValues' is not assignable to type '{ categoryId: string; question: string; answer: string; isFeatured: boolean; keywords?: string | undefined; }'.
                Type 'FieldValues' is missing the following properties from type '{ categoryId: string; question: string; answer: string; isFeatured: boolean; keywords?: string | undefined; }': categoryId, question, answer, isFeatured
src/app/dashboard/fleet/page.tsx(151,21): error TS2769: No overload matches this call.
  Overload 1 of 2, '(props: FleetMapProps, context?: any): string | number | bigint | boolean | ReactElement<unknown, string | JSXElementConstructor<any>> | ... 4 more ... | undefined', gave the following error.
    Type '{ vehicleId: string; vehicleName: string; latitude: string | null; longitude: string | null; status: "in_route" | "loading" | "idle" | "problem" | "offline"; speed: string; batteryLevel: string; updatedAt: Date | null; }[]' is not assignable to type 'Vehicle[]'.
      Type '{ vehicleId: string; vehicleName: string; latitude: string | null; longitude: string | null; status: "in_route" | "loading" | "idle" | "problem" | "offline"; speed: string; batteryLevel: string; updatedAt: Date | null; }' is not assignable to type 'Vehicle'.
        Types of property 'latitude' are incompatible.
          Type 'string | null' is not assignable to type 'number'.
            Type 'null' is not assignable to type 'number'.
  Overload 2 of 2, '(props: FleetMapProps): string | number | bigint | boolean | ReactElement<unknown, string | JSXElementConstructor<any>> | ... 4 more ... | undefined', gave the following error.
    Type '{ vehicleId: string; vehicleName: string; latitude: string | null; longitude: string | null; status: "in_route" | "loading" | "idle" | "problem" | "offline"; speed: string; batteryLevel: string; updatedAt: Date | null; }[]' is not assignable to type 'Vehicle[]'.
      Type '{ vehicleId: string; vehicleName: string; latitude: string | null; longitude: string | null; status: "in_route" | "loading" | "idle" | "problem" | "offline"; speed: string; batteryLevel: string; updatedAt: Date | null; }' is not assignable to type 'Vehicle'.
        Types of property 'latitude' are incompatible.
          Type 'string | null' is not assignable to type 'number'.
            Type 'null' is not assignable to type 'number'.
src/app/dashboard/legal/documents/page.tsx(51,22): error TS2339: Property 'data' does not exist on type '{ id: string; tenantId: string; documentType: "privacy_policy" | "terms_of_service" | "cookie_policy" | "disclaimer"; title: string; description: string | null; currentVersion: string; isActive: number; createdAt: Date; updatedAt: Date; }[]'.
src/app/dashboard/legal/versions/page.tsx(80,22): error TS2339: Property 'data' does not exist on type '{ id: string; tenantId: string; platform: "driver_app" | "client_app"; versionCode: string; versionNumber: number; downloadUrl: string | null; storeUrl: string | null; minOsVersion: string | null; ... 5 more ...; createdAt: Date; }[]'.
src/app/dashboard/messages/page.tsx(28,21): error TS2339: Property 'useUtils' does not exist on type 'TRPCOptionsProxy<BuiltRouter<{ ctx: { authApi: InferAPI<{ readonly ok: { <AsResponse extends boolean = false, ReturnHeaders extends boolean = false>(inputCtx_0?: ({ body?: undefined; } & { method?: "GET" | undefined; } & { query?: Record<string, any> | undefined; } & { params?: Record<...> | undefined; } & { ...; } ...'.
src/app/dashboard/messages/page.tsx(45,49): error TS2339: Property 'useMutation' does not exist on type 'DecorateMutationProcedure<{ input: { content: string; recipientId: string; }; output: { success: boolean; messageId: string; }; transformer: true; errorShape: { data: { zodError: typeToFlattenedError<Record<string, unknown>, string> | null; code: "BAD_REQUEST" | ... 19 more ... | "CLIENT_CLOSED_REQUEST"; httpStatus:...'.
src/app/dashboard/messages/page.tsx(53,15): error TS7006: Parameter 'err' implicitly has an 'any' type.
src/app/dashboard/messages/page.tsx(58,50): error TS2339: Property 'useMutation' does not exist on type 'DecorateMutationProcedure<{ input: { messageId: string; }; output: { success: boolean; }; transformer: true; errorShape: { data: { zodError: typeToFlattenedError<Record<string, unknown>, string> | null; code: "BAD_REQUEST" | ... 19 more ... | "CLIENT_CLOSED_REQUEST"; httpStatus: number; path?: string | undefined; st...'.
src/app/dashboard/operations/reconciliation/page.tsx(80,44): error TS18047: 'l.totalMissing' is possibly 'null'.
src/app/dashboard/operations/reconciliation/page.tsx(153,22): error TS18047: 'load.totalMissing' is possibly 'null'.
src/app/dashboard/operations/reconciliation/page.tsx(153,42): error TS18047: 'load.totalDamaged' is possibly 'null'.
src/app/dashboard/operations/reconciliation/page.tsx(156,26): error TS18047: 'load.totalMissing' is possibly 'null'.
src/app/dashboard/operations/reconciliation/page.tsx(156,46): error TS18047: 'load.totalDamaged' is possibly 'null'.
src/app/dashboard/orders/new/page.tsx(80,42): error TS18048: 'data' is possibly 'undefined'.
src/app/dashboard/orders/new/page.tsx(125,39): error TS2769: No overload matches this call.
  Overload 1 of 4, '(value: string | number | Date): Date', gave the following error.
    Argument of type 'string | undefined' is not assignable to parameter of type 'string | number | Date'.
      Type 'undefined' is not assignable to type 'string | number | Date'.
  Overload 2 of 4, '(value: string | number): Date', gave the following error.
    Argument of type 'string | undefined' is not assignable to parameter of type 'string | number'.
      Type 'undefined' is not assignable to type 'string | number'.
src/app/dashboard/reports/customers/page.tsx(73,7): error TS2769: No overload matches this call.
  Overload 1 of 3, '(input: { search?: string | undefined; limit?: number | undefined; status?: string | undefined; priority?: string | undefined; }, opts?: UnusedSkipTokenTRPCQueryOptionsIn<{ data: { id: string; tenantId: string; reportNumber: string; ... 8 more ...; resolvedAt: Date | null; }[]; total: number; }, { ...; }, TRPCClientErrorLike<...>, { ...; }> | undefined): UnusedSkipTokenTRPCQueryOptionsOut<...>', gave the following error.
    Object literal may only specify known properties, and 'offset' does not exist in type '{ search?: string | undefined; limit?: number | undefined; status?: string | undefined; priority?: string | undefined; }'.
  Overload 2 of 3, '(input: { search?: string | undefined; limit?: number | undefined; status?: string | undefined; priority?: string | undefined; } | typeof skipToken, opts?: UndefinedTRPCQueryOptionsIn<{ data: { id: string; ... 10 more ...; resolvedAt: Date | null; }[]; total: number; }, { ...; }, TRPCClientErrorLike<...>, { ...; }> | undefined): UndefinedTRPCQueryOptionsOut<...>', gave the following error.
    Object literal may only specify known properties, and 'offset' does not exist in type '{ search?: string | undefined; limit?: number | undefined; status?: string | undefined; priority?: string | undefined; }'.
src/app/dashboard/reports/drivers/page.tsx(54,7): error TS2769: No overload matches this call.
  Overload 1 of 3, '(input: { search?: string | undefined; limit?: number | undefined; status?: string | undefined; }, opts?: UnusedSkipTokenTRPCQueryOptionsIn<{ data: { id: string; tenantId: string; reportNumber: string; driverId: string; unitId: string | null; ... 6 more ...; resolvedAt: Date | null; }[]; total: number; }, { ...; }, TRPCClientErrorLike<...>, { ...; }> | undefined): UnusedSkipTokenTRPCQueryOptionsOut<...>', gave the following error.
    Object literal may only specify known properties, and 'priority' does not exist in type '{ search?: string | undefined; limit?: number | undefined; status?: string | undefined; }'.
  Overload 2 of 3, '(input: { search?: string | undefined; limit?: number | undefined; status?: string | undefined; } | typeof skipToken, opts?: UndefinedTRPCQueryOptionsIn<{ data: { id: string; tenantId: string; reportNumber: string; ... 8 more ...; resolvedAt: Date | null; }[]; total: number; }, { ...; }, TRPCClientErrorLike<...>, { ...; }> | undefined): UndefinedTRPCQueryOptionsOut<...>', gave the following error.
    Object literal may only specify known properties, and 'priority' does not exist in type '{ search?: string | undefined; limit?: number | undefined; status?: string | undefined; }'.
src/app/dashboard/support/faq/page.tsx(475,7): error TS2322: Type 'string | undefined' is not assignable to type 'string'.
  Type 'undefined' is not assignable to type 'string'.
 ELIFECYCLE  Command failed with exit code 1.
