ÔÇëWARNÔÇë Unsupported engine: wanted: {"node":"^22.21.0"} (current: {"node":"v24.13.0","pnpm":"10.19.0"})

> create-t3-turbo@ typecheck C:\antigravity\gasera
> turbo run typecheck

node.exe : turbo 
2.5.8
En C:\Users\patys\App
Data\Roaming\npm\pnpm
.ps1: 24 Carácter: 5
+     & "node$exe"  "
$basedir/node_modules
/pnpm/bin/pnpm.cjs" 
$args
+     ~~~~~~~~~~~~~~~
~~~~~~~~~~~~~~~~~~~~~
~~~~~~~~~~~~~~~~~~~~~
~~~~
    + CategoryInfo   
           : NotSpe  
  cified: (turbo 2   
 .5.8:String) [],    
 RemoteException
    + FullyQualified 
   ErrorId : Native  
  CommandError
 

ÔÇó Packages in scope: @acme/api, @acme/auth, @acme/db, @acme/eslint-config, @acme/expo, @acme/github, @acme/nextjs, @acme/prettier-config, @acme/tailwind-config, @acme/tanstack-start, @acme/tsconfig, @acme/ui, @acme/validators
ÔÇó Running typecheck in 13 packages
ÔÇó Remote caching disabled
@acme/tailwind-config:typecheck: cache hit, replaying logs 435e56249b947d8f
@acme/tailwind-config:typecheck: 
@acme/tailwind-config:typecheck: > @acme/tailwind-config@ typecheck C:\antigravity\gasera\tooling\tailwind
@acme/tailwind-config:typecheck: > tsc --noEmit
@acme/tailwind-config:typecheck: 
@acme/ui:typecheck: cache hit, replaying logs 0a530b280ea18004
@acme/ui:typecheck: [?9001h[?1004h[?25l[2J[m[2;1H> @acme/ui@ typecheck C:\antigravity\gasera\packages\ui
@acme/ui:typecheck: > tsc --noEmit[7;1H]0;C:\WINDOWS\system32\cmd.exe[?25h[?9001l[?1004l
@acme/eslint-config:typecheck: cache hit, replaying logs f2aed496261e69b6
@acme/eslint-config:typecheck: 
@acme/eslint-config:typecheck: > @acme/eslint-config@ typecheck C:\antigravity\gasera\tooling\eslint
@acme/eslint-config:typecheck: > tsc --noEmit
@acme/eslint-config:typecheck: 
@acme/validators:typecheck: cache hit, replaying logs a0a11ff75e8016a8
@acme/validators:typecheck: 
@acme/validators:typecheck: > @acme/validators@ typecheck C:\antigravity\gasera\packages\validators
@acme/validators:typecheck: > tsc --noEmit --emitDeclarationOnly false
@acme/validators:typecheck: 
@acme/validators:build: cache hit, replaying logs 08347fc53b39e5cf
@acme/validators:build: 
@acme/validators:build: > @acme/validators@ build C:\antigravity\gasera\packages\validators
@acme/validators:build: > tsc
@acme/validators:build: 
@acme/db:typecheck: cache hit, replaying logs 87f13749c70dfedb
@acme/db:typecheck: [?9001h[?1004h[?25l[2J[m[2;1H> @acme/db@ typecheck C:\antigravity\gasera\packages\db
@acme/db:typecheck: > tsc --noEmit[7;1H]0;C:\WINDOWS\system32\cmd.exe[?25h[?9001l[?1004l
@acme/prettier-config:typecheck: cache hit, replaying logs e1563ea62b9929ed
@acme/prettier-config:typecheck: 
@acme/prettier-config:typecheck: > @acme/prettier-config@ typecheck C:\antigravity\gasera\tooling\prettier
@acme/prettier-config:typecheck: > tsc --noEmit
@acme/prettier-config:typecheck: 
@acme/db:build: cache hit, replaying logs c9693b511d21922e
@acme/db:build: [?9001h[?1004h[?25l[2J[m[2;1H> @acme/db@ build C:\antigravity\gasera\packages\db
@acme/db:build: > tsc[7;1H]0;C:\WINDOWS\system32\cmd.exe[?25h[?9001l[?1004l
@acme/api:build: cache miss, executing e95043af90c66579
@acme/api:typecheck: cache miss, executing 3e7717fe4d055cea
@acme/auth:typecheck: cache hit, replaying logs 6a05e2f8d806c08e
@acme/auth:typecheck: [?9001h[?1004h[?25l[2J[m[2;1H> @acme/auth@ typecheck C:\antigravity\gasera\packages\auth
@acme/auth:typecheck: > tsc --noEmit[8;1H]0;C:\WINDOWS\system32\cmd.exe[?25h[?9001l[?1004l
@acme/api:build: 
@acme/api:build: > @acme/api@ build C:\antigravity\gasera\packages\api
@acme/api:build: > tsc
@acme/api:build: 
@acme/api:typecheck: 
@acme/api:typecheck: > @acme/api@ typecheck C:\antigravity\gasera\packages\api
@acme/api:typecheck: > tsc --noEmit
@acme/api:typecheck: 
@acme/api:typecheck: src/router/assets.ts(66,9): error TS2578: Unused '@ts-expect-error' directive.
@acme/api:build: src/router/assets.ts(66,9): error TS2578: Unused '@ts-expect-error' directive.
@acme/api:typecheck: src/router/assets.ts(69,48): error TS2339: Property 'tenantId' does not exist on type '{ id: string; createdAt: Date; updatedAt: Date; email: string; emailVerified: boolean; name: string; image?: string | null | undefined; }'.
@acme/api:typecheck: src/router/assets.ts(170,9): error TS2578: Unused '@ts-expect-error' directive.
@acme/api:typecheck: src/router/assets.ts(173,48): error TS2339: Property 'tenantId' does not exist on type '{ id: string; createdAt: Date; updatedAt: Date; email: string; emailVerified: boolean; name: string; image?: string | null | undefined; }'.
@acme/api:build: src/router/assets.ts(69,48): error TS2339: Property 'tenantId' does not exist on type '{ id: string; createdAt: Date; updatedAt: Date; email: string; emailVerified: boolean; name: string; image?: string | null | undefined; }'.
@acme/api:build: src/router/assets.ts(170,9): error TS2578: Unused '@ts-expect-error' directive.
@acme/api:typecheck: src/router/assets.ts(219,9): error TS2578: Unused '@ts-expect-error' directive.
@acme/api:typecheck: src/router/assets.ts(222,48): error TS2339: Property 'tenantId' does not exist on type '{ id: string; createdAt: Date; updatedAt: Date; email: string; emailVerified: boolean; name: string; image?: string | null | undefined; }'.
@acme/api:typecheck: src/router/customers.ts(43,11): error TS2345: Argument of type 'SQL<unknown> | undefined' is not assignable to parameter of type 'SQL<unknown>'.
@acme/api:typecheck:   Type 'undefined' is not assignable to type 'SQL<unknown>'.
@acme/api:typecheck: src/router/customers.ts(133,10): error TS2769: No overload matches this call.
@acme/api:typecheck:   Overload 1 of 2, '(value: { email: string | SQL<unknown> | Placeholder<string, any>; id: string | SQL<unknown> | Placeholder<string, any>; tenantId: string | SQL<unknown> | Placeholder<...>; ... 15 more ...; paymentTerms?: string | ... 3 more ... | undefined; }): PgInsertBase<...> | PgInsertBase<...>', gave the following error.
@acme/api:build: src/router/assets.ts(173,48): error TS2339: Property 'tenantId' does not exist on type '{ id: string; createdAt: Date; updatedAt: Date; email: string; emailVerified: boolean; name: string; image?: string | null | undefined; }'.
@acme/api:typecheck:     Argument of type '{ customerCode: string; email: string; phone: string; businessName?: string | undefined; taxId?: string | undefined; id: `${string}-${string}-${string}-${string}-${string}`; tenantId: any; }' is not assignable to parameter of type '{ email: string | SQL<unknown> | Placeholder<string, any>; id: string | SQL<unknown> | Placeholder<string, any>; tenantId: string | SQL<unknown> | Placeholder<string, any>; ... 15 more ...; paymentTerms?: string | ... 3 more ... | undefined; }'.
@acme/api:typecheck:       Type '{ customerCode: string; email: string; phone: string; businessName?: string | undefined; taxId?: string | undefined; id: `${string}-${string}-${string}-${string}-${string}`; tenantId: any; }' is missing the following properties from type '{ email: string | SQL<unknown> | Placeholder<string, any>; id: string | SQL<unknown> | Placeholder<string, any>; tenantId: string | SQL<unknown> | Placeholder<string, any>; ... 15 more ...; paymentTerms?: string | ... 3 more ... | undefined; }': createdBy, customerType
@acme/api:typecheck:   Overload 2 of 2, '(values: { email: string | SQL<unknown> | Placeholder<string, any>; id: string | SQL<unknown> | Placeholder<string, any>; tenantId: string | SQL<unknown> | Placeholder<...>; ... 15 more ...; paymentTerms?: string | ... 3 more ... | undefined; }[]): PgInsertBase<...> | PgInsertBase<...>', gave the following error.
@acme/api:typecheck:     Object literal may only specify known properties, and 'id' does not exist in type '{ email: string | SQL<unknown> | Placeholder<string, any>; id: string | SQL<unknown> | Placeholder<string, any>; tenantId: string | SQL<unknown> | Placeholder<string, any>; ... 15 more ...; paymentTerms?: string | ... 3 more ... | undefined; }[]'.
@acme/api:typecheck: src/router/customers.ts(173,18): error TS2322: Type 'false' is not assignable to type 'number | SQL<unknown> | PgColumn<ColumnBaseConfig<ColumnDataType, string>, {}, {}> | undefined'.
@acme/api:typecheck: src/router/customers.ts(179,10): error TS2769: No overload matches this call.
@acme/api:typecheck:   Overload 1 of 2, '(value: { state: string | SQL<unknown> | Placeholder<string, any>; id: string | SQL<unknown> | Placeholder<string, any>; tenantId: string | SQL<unknown> | Placeholder<...>; ... 19 more ...; isActive?: number | ... 2 more ... | undefined; }): PgInsertBase<...> | PgInsertBase<...>', gave the following error.
@acme/api:build: src/router/assets.ts(219,9): error TS2578: Unused '@ts-expect-error' directive.
@acme/api:typecheck:     Argument of type '{ customerId: string; street: string; externalNumber: string; neighborhood: string; postalCode: string; city: string; state: string; country: string; isDefaultDelivery: boolean; isDefaultBilling: boolean; ... 5 more ...; tenantId: any; }' is not assignable to parameter of type '{ state: string | SQL<unknown> | Placeholder<string, any>; id: string | SQL<unknown> | Placeholder<string, any>; tenantId: string | SQL<unknown> | Placeholder<string, any>; ... 19 more ...; isActive?: number | ... 2 more ... | undefined; }'.
@acme/api:build: src/router/assets.ts(222,48): error TS2339: Property 'tenantId' does not exist on type '{ id: string; createdAt: Date; updatedAt: Date; email: string; emailVerified: boolean; name: string; image?: string | null | undefined; }'.
@acme/api:typecheck:       Property 'municipality' is missing in type '{ customerId: string; street: string; externalNumber: string; neighborhood: string; postalCode: string; city: string; state: string; country: string; isDefaultDelivery: boolean; isDefaultBilling: boolean; ... 5 more ...; tenantId: any; }' but required in type '{ state: string | SQL<unknown> | Placeholder<string, any>; id: string | SQL<unknown> | Placeholder<string, any>; tenantId: string | SQL<unknown> | Placeholder<string, any>; ... 19 more ...; isActive?: number | ... 2 more ... | undefined; }'.
@acme/api:typecheck:   Overload 2 of 2, '(values: { state: string | SQL<unknown> | Placeholder<string, any>; id: string | SQL<unknown> | Placeholder<string, any>; tenantId: string | SQL<unknown> | Placeholder<...>; ... 19 more ...; isActive?: number | ... 2 more ... | undefined; }[]): PgInsertBase<...> | PgInsertBase<...>', gave the following error.
@acme/api:typecheck:     Object literal may only specify known properties, and 'id' does not exist in type '{ state: string | SQL<unknown> | Placeholder<string, any>; id: string | SQL<unknown> | Placeholder<string, any>; tenantId: string | SQL<unknown> | Placeholder<string, any>; ... 19 more ...; isActive?: number | ... 2 more ... | undefined; }[]'.
@acme/api:typecheck: src/router/orders.ts(58,9): error TS2578: Unused '@ts-expect-error' directive.
@acme/api:typecheck: src/router/orders.ts(61,48): error TS2339: Property 'tenantId' does not exist on type '{ id: string; createdAt: Date; updatedAt: Date; email: string; emailVerified: boolean; name: string; image?: string | null | undefined; }'.
@acme/api:typecheck: src/router/orders.ts(189,9): error TS2578: Unused '@ts-expect-error' directive.
@acme/api:typecheck: src/router/orders.ts(192,48): error TS2339: Property 'tenantId' does not exist on type '{ id: string; createdAt: Date; updatedAt: Date; email: string; emailVerified: boolean; name: string; image?: string | null | undefined; }'.
@acme/api:build: src/router/customers.ts(43,11): error TS2345: Argument of type 'SQL<unknown> | undefined' is not assignable to parameter of type 'SQL<unknown>'.
@acme/api:build:   Type 'undefined' is not assignable to type 'SQL<unknown>'.
@acme/api:typecheck: src/router/sanity.test.ts(1,38): error TS2307: Cannot find module 'vitest' or its corresponding type declarations.
@acme/api:typecheck: src/test/setup.ts(1,20): error TS2307: Cannot find module 'vitest' or its corresponding type declarations.
@acme/api:typecheck: vitest.config.ts(1,30): error TS2307: Cannot find module 'vitest/config' or its corresponding type declarations.
@acme/api:build: src/router/customers.ts(133,10): error TS2769: No overload matches this call.
@acme/api:build:   Overload 1 of 2, '(value: { email: string | SQL<unknown> | Placeholder<string, any>; id: string | SQL<unknown> | Placeholder<string, any>; tenantId: string | SQL<unknown> | Placeholder<...>; ... 15 more ...; paymentTerms?: string | ... 3 more ... | undefined; }): PgInsertBase<...> | PgInsertBase<...>', gave the following error.
@acme/api:build:     Argument of type '{ customerCode: string; email: string; phone: string; businessName?: string | undefined; taxId?: string | undefined; id: `${string}-${string}-${string}-${string}-${string}`; tenantId: any; }' is not assignable to parameter of type '{ email: string | SQL<unknown> | Placeholder<string, any>; id: string | SQL<unknown> | Placeholder<string, any>; tenantId: string | SQL<unknown> | Placeholder<string, any>; ... 15 more ...; paymentTerms?: string | ... 3 more ... | undefined; }'.
@acme/api:build:       Type '{ customerCode: string; email: string; phone: string; businessName?: string | undefined; taxId?: string | undefined; id: `${string}-${string}-${string}-${string}-${string}`; tenantId: any; }' is missing the following properties from type '{ email: string | SQL<unknown> | Placeholder<string, any>; id: string | SQL<unknown> | Placeholder<string, any>; tenantId: string | SQL<unknown> | Placeholder<string, any>; ... 15 more ...; paymentTerms?: string | ... 3 more ... | undefined; }': createdBy, customerType
@acme/api:build:   Overload 2 of 2, '(values: { email: string | SQL<unknown> | Placeholder<string, any>; id: string | SQL<unknown> | Placeholder<string, any>; tenantId: string | SQL<unknown> | Placeholder<...>; ... 15 more ...; paymentTerms?: string | ... 3 more ... | undefined; }[]): PgInsertBase<...> | PgInsertBase<...>', gave the following error.
@acme/api:build:     Object literal may only specify known properties, and 'id' does not exist in type '{ email: string | SQL<unknown> | Placeholder<string, any>; id: string | SQL<unknown> | Placeholder<string, any>; tenantId: string | SQL<unknown> | Placeholder<string, any>; ... 15 more ...; paymentTerms?: string | ... 3 more ... | undefined; }[]'.
@acme/api:build: src/router/customers.ts(173,18): error TS2322: Type 'false' is not assignable to type 'number | SQL<unknown> | PgColumn<ColumnBaseConfig<ColumnDataType, string>, {}, {}> | undefined'.
@acme/api:build: src/router/customers.ts(179,10): error TS2769: No overload matches this call.
@acme/api:build:   Overload 1 of 2, '(value: { state: string | SQL<unknown> | Placeholder<string, any>; id: string | SQL<unknown> | Placeholder<string, any>; tenantId: string | SQL<unknown> | Placeholder<...>; ... 19 more ...; isActive?: number | ... 2 more ... | undefined; }): PgInsertBase<...> | PgInsertBase<...>', gave the following error.
@acme/api:build:     Argument of type '{ customerId: string; street: string; externalNumber: string; neighborhood: string; postalCode: string; city: string; state: string; country: string; isDefaultDelivery: boolean; isDefaultBilling: boolean; ... 5 more ...; tenantId: any; }' is not assignable to parameter of type '{ state: string | SQL<unknown> | Placeholder<string, any>; id: string | SQL<unknown> | Placeholder<string, any>; tenantId: string | SQL<unknown> | Placeholder<string, any>; ... 19 more ...; isActive?: number | ... 2 more ... | undefined; }'.
@acme/api:build:       Property 'municipality' is missing in type '{ customerId: string; street: string; externalNumber: string; neighborhood: string; postalCode: string; city: string; state: string; country: string; isDefaultDelivery: boolean; isDefaultBilling: boolean; ... 5 more ...; tenantId: any; }' but required in type '{ state: string | SQL<unknown> | Placeholder<string, any>; id: string | SQL<unknown> | Placeholder<string, any>; tenantId: string | SQL<unknown> | Placeholder<string, any>; ... 19 more ...; isActive?: number | ... 2 more ... | undefined; }'.
@acme/api:build:   Overload 2 of 2, '(values: { state: string | SQL<unknown> | Placeholder<string, any>; id: string | SQL<unknown> | Placeholder<string, any>; tenantId: string | SQL<unknown> | Placeholder<...>; ... 19 more ...; isActive?: number | ... 2 more ... | undefined; }[]): PgInsertBase<...> | PgInsertBase<...>', gave the following error.
@acme/api:build:     Object literal may only specify known properties, and 'id' does not exist in type '{ state: string | SQL<unknown> | Placeholder<string, any>; id: string | SQL<unknown> | Placeholder<string, any>; tenantId: string | SQL<unknown> | Placeholder<string, any>; ... 19 more ...; isActive?: number | ... 2 more ... | undefined; }[]'.
@acme/api:build: src/router/orders.ts(58,9): error TS2578: Unused '@ts-expect-error' directive.
@acme/api:build: src/router/orders.ts(61,48): error TS2339: Property 'tenantId' does not exist on type '{ id: string; createdAt: Date; updatedAt: Date; email: string; emailVerified: boolean; name: string; image?: string | null | undefined; }'.
@acme/api:build: src/router/orders.ts(189,9): error TS2578: Unused '@ts-expect-error' directive.
@acme/api:build: src/router/orders.ts(192,48): error TS2339: Property 'tenantId' does not exist on type '{ id: string; createdAt: Date; updatedAt: Date; email: string; emailVerified: boolean; name: string; image?: string | null | undefined; }'.
@acme/api:build: src/router/sanity.test.ts(1,38): error TS2307: Cannot find module 'vitest' or its corresponding type declarations.
@acme/api:build: src/test/setup.ts(1,20): error TS2307: Cannot find module 'vitest' or its corresponding type declarations.
@acme/api:build: vitest.config.ts(1,30): error TS2307: Cannot find module 'vitest/config' or its corresponding type declarations.
@acme/api:build: ÔÇëELIFECYCLEÔÇë Command failed with exit code 2.
@acme/api:typecheck: ÔÇëELIFECYCLEÔÇë Command failed with exit code 2.
@acme/api:build: 
ERROR: command 
finished with error: 
command (C:\antigravi
ty\gasera\packages\ap
i) C:\Users\patys\App
Data\Local\pnpm\.tool
s\pnpm\10.19.0\bin\pn
pm.CMD run build 
exited (2)
@acme/api:typecheck: 
ERROR: command 
finished with error: 
command (C:\antigravi
ty\gasera\packages\ap
i) C:\Users\patys\App
Data\Local\pnpm\.tool
s\pnpm\10.19.0\bin\pn
pm.CMD run typecheck 
exited (2)
@acme/api#build: 
command (C:\antigravi
ty\gasera\packages\ap
i) C:\Users\patys\App
Data\Local\pnpm\.tool
s\pnpm\10.19.0\bin\pn
pm.CMD run build 
exited (2)
@acme/api#typecheck: 
command (C:\antigravi
ty\gasera\packages\ap
i) C:\Users\patys\App
Data\Local\pnpm\.tool
s\pnpm\10.19.0\bin\pn
pm.CMD run typecheck 
exited (2)

 Tasks:    9 successful, 11 total
Cached:    9 cached, 11 total
  Time:    26.52s 
Failed:    @acme/api#build, @acme/api#typecheck

 ERROR  run failed: 
command  exited (2)
ÔÇëELIFECYCLEÔÇë Command failed with exit code 2.
