src/router/assets.ts(45,24): error TS2769: No overload matches this call.
  Overload 1 of 3, '(left: PgColumn<{ name: "tenant_id"; tableName: "assets"; dataType: "string"; columnType: "PgText"; data: string; driverParam: string; notNull: true; hasDefault: false; isPrimaryKey: false; isAutoincrement: false; ... 4 more ...; generated: undefined; }, {}, {}>, right: string | SQLWrapper): SQL<...>', gave the following error.
    Argument of type 'string | null | undefined' is not assignable to parameter of type 'string | SQLWrapper'.
      Type 'undefined' is not assignable to type 'string | SQLWrapper'.
  Overload 2 of 3, '(left: Aliased<string | null | undefined>, right: string | SQLWrapper | null | undefined): SQL<unknown>', gave the following error.
    Argument of type 'PgColumn<{ name: "tenant_id"; tableName: "assets"; dataType: "string"; columnType: "PgText"; data: string; driverParam: string; notNull: true; hasDefault: false; isPrimaryKey: false; isAutoincrement: false; ... 4 more ...; generated: undefined; }, {}, {}>' is not assignable to parameter of type 'Aliased<string | null | undefined>'.
      Type 'PgColumn<{ name: "tenant_id"; tableName: "assets"; dataType: "string"; columnType: "PgText"; data: string; driverParam: string; notNull: true; hasDefault: false; isPrimaryKey: false; isAutoincrement: false; ... 4 more ...; generated: undefined; }, {}, {}>' is missing the following properties from type 'Aliased<string | null | undefined>': sql, fieldAlias
  Overload 3 of 3, '(left: never, right: unknown): SQL<unknown>', gave the following error.
    Argument of type 'PgColumn<{ name: "tenant_id"; tableName: "assets"; dataType: "string"; columnType: "PgText"; data: string; driverParam: string; notNull: true; hasDefault: false; isPrimaryKey: false; isAutoincrement: false; ... 4 more ...; generated: undefined; }, {}, {}>' is not assignable to parameter of type 'never'.
src/router/assets.ts(81,45): error TS2769: No overload matches this call.
  Overload 1 of 3, '(left: PgColumn<{ name: "tenant_id"; tableName: "assets"; dataType: "string"; columnType: "PgText"; data: string; driverParam: string; notNull: true; hasDefault: false; isPrimaryKey: false; isAutoincrement: false; ... 4 more ...; generated: undefined; }, {}, {}>, right: string | SQLWrapper): SQL<...>', gave the following error.
    Argument of type 'string | null | undefined' is not assignable to parameter of type 'string | SQLWrapper'.
      Type 'undefined' is not assignable to type 'string | SQLWrapper'.
  Overload 2 of 3, '(left: Aliased<string | null | undefined>, right: string | SQLWrapper | null | undefined): SQL<unknown>', gave the following error.
    Argument of type 'PgColumn<{ name: "tenant_id"; tableName: "assets"; dataType: "string"; columnType: "PgText"; data: string; driverParam: string; notNull: true; hasDefault: false; isPrimaryKey: false; isAutoincrement: false; ... 4 more ...; generated: undefined; }, {}, {}>' is not assignable to parameter of type 'Aliased<string | null | undefined>'.
      Type 'PgColumn<{ name: "tenant_id"; tableName: "assets"; dataType: "string"; columnType: "PgText"; data: string; driverParam: string; notNull: true; hasDefault: false; isPrimaryKey: false; isAutoincrement: false; ... 4 more ...; generated: undefined; }, {}, {}>' is missing the following properties from type 'Aliased<string | null | undefined>': sql, fieldAlias
  Overload 3 of 3, '(left: never, right: unknown): SQL<unknown>', gave the following error.
    Argument of type 'PgColumn<{ name: "tenant_id"; tableName: "assets"; dataType: "string"; columnType: "PgText"; data: string; driverParam: string; notNull: true; hasDefault: false; isPrimaryKey: false; isAutoincrement: false; ... 4 more ...; generated: undefined; }, {}, {}>' is not assignable to parameter of type 'never'.
src/router/assets.ts(135,10): error TS2769: No overload matches this call.
  Overload 1 of 2, '(value: { tenantId: string | SQL<unknown> | Placeholder<string, any>; id: string | SQL<unknown> | Placeholder<string, any>; serialNumber: string | SQL<unknown> | Placeholder<...>; ... 15 more ...; weightEmpty?: number | ... 3 more ... | undefined; }): PgInsertBase<...> | PgInsertBase<...>', gave the following error.
    Type 'string | null | undefined' is not assignable to type 'string | SQL<unknown> | Placeholder<string, any>'.
      Type 'undefined' is not assignable to type 'string | SQL<unknown> | Placeholder<string, any>'.
  Overload 2 of 2, '(values: { tenantId: string | SQL<unknown> | Placeholder<string, any>; id: string | SQL<unknown> | Placeholder<string, any>; serialNumber: string | SQL<unknown> | Placeholder<...>; ... 15 more ...; weightEmpty?: number | ... 3 more ... | undefined; }[]): PgInsertBase<...> | PgInsertBase<...>', gave the following error.
    Object literal may only specify known properties, and 'id' does not exist in type '{ tenantId: string | SQL<unknown> | Placeholder<string, any>; id: string | SQL<unknown> | Placeholder<string, any>; serialNumber: string | SQL<unknown> | Placeholder<...>; ... 15 more ...; weightEmpty?: number | ... 3 more ... | undefined; }[]'.
src/router/assets.ts(185,45): error TS2769: No overload matches this call.
  Overload 1 of 3, '(left: PgColumn<{ name: "tenant_id"; tableName: "assets"; dataType: "string"; columnType: "PgText"; data: string; driverParam: string; notNull: true; hasDefault: false; isPrimaryKey: false; isAutoincrement: false; ... 4 more ...; generated: undefined; }, {}, {}>, right: string | SQLWrapper): SQL<...>', gave the following error.
    Argument of type 'string | null | undefined' is not assignable to parameter of type 'string | SQLWrapper'.
      Type 'undefined' is not assignable to type 'string | SQLWrapper'.
  Overload 2 of 3, '(left: Aliased<string | null | undefined>, right: string | SQLWrapper | null | undefined): SQL<unknown>', gave the following error.
    Argument of type 'PgColumn<{ name: "tenant_id"; tableName: "assets"; dataType: "string"; columnType: "PgText"; data: string; driverParam: string; notNull: true; hasDefault: false; isPrimaryKey: false; isAutoincrement: false; ... 4 more ...; generated: undefined; }, {}, {}>' is not assignable to parameter of type 'Aliased<string | null | undefined>'.
      Type 'PgColumn<{ name: "tenant_id"; tableName: "assets"; dataType: "string"; columnType: "PgText"; data: string; driverParam: string; notNull: true; hasDefault: false; isPrimaryKey: false; isAutoincrement: false; ... 4 more ...; generated: undefined; }, {}, {}>' is missing the following properties from type 'Aliased<string | null | undefined>': sql, fieldAlias
  Overload 3 of 3, '(left: never, right: unknown): SQL<unknown>', gave the following error.
    Argument of type 'PgColumn<{ name: "tenant_id"; tableName: "assets"; dataType: "string"; columnType: "PgText"; data: string; driverParam: string; notNull: true; hasDefault: false; isPrimaryKey: false; isAutoincrement: false; ... 4 more ...; generated: undefined; }, {}, {}>' is not assignable to parameter of type 'never'.
src/router/assets.ts(233,50): error TS2769: No overload matches this call.
  Overload 1 of 3, '(left: PgColumn<{ name: "tenant_id"; tableName: "assets"; dataType: "string"; columnType: "PgText"; data: string; driverParam: string; notNull: true; hasDefault: false; isPrimaryKey: false; isAutoincrement: false; ... 4 more ...; generated: undefined; }, {}, {}>, right: string | SQLWrapper): SQL<...>', gave the following error.
    Argument of type 'string | null | undefined' is not assignable to parameter of type 'string | SQLWrapper'.
      Type 'undefined' is not assignable to type 'string | SQLWrapper'.
  Overload 2 of 3, '(left: Aliased<string | null | undefined>, right: string | SQLWrapper | null | undefined): SQL<unknown>', gave the following error.
    Argument of type 'PgColumn<{ name: "tenant_id"; tableName: "assets"; dataType: "string"; columnType: "PgText"; data: string; driverParam: string; notNull: true; hasDefault: false; isPrimaryKey: false; isAutoincrement: false; ... 4 more ...; generated: undefined; }, {}, {}>' is not assignable to parameter of type 'Aliased<string | null | undefined>'.
      Type 'PgColumn<{ name: "tenant_id"; tableName: "assets"; dataType: "string"; columnType: "PgText"; data: string; driverParam: string; notNull: true; hasDefault: false; isPrimaryKey: false; isAutoincrement: false; ... 4 more ...; generated: undefined; }, {}, {}>' is missing the following properties from type 'Aliased<string | null | undefined>': sql, fieldAlias
  Overload 3 of 3, '(left: never, right: unknown): SQL<unknown>', gave the following error.
    Argument of type 'PgColumn<{ name: "tenant_id"; tableName: "assets"; dataType: "string"; columnType: "PgText"; data: string; driverParam: string; notNull: true; hasDefault: false; isPrimaryKey: false; isAutoincrement: false; ... 4 more ...; generated: undefined; }, {}, {}>' is not assignable to parameter of type 'never'.
src/router/assets.ts(274,45): error TS2769: No overload matches this call.
  Overload 1 of 3, '(left: PgColumn<{ name: "tenant_id"; tableName: "assets"; dataType: "string"; columnType: "PgText"; data: string; driverParam: string; notNull: true; hasDefault: false; isPrimaryKey: false; isAutoincrement: false; ... 4 more ...; generated: undefined; }, {}, {}>, right: string | SQLWrapper): SQL<...>', gave the following error.
    Argument of type 'string | null | undefined' is not assignable to parameter of type 'string | SQLWrapper'.
      Type 'undefined' is not assignable to type 'string | SQLWrapper'.
  Overload 2 of 3, '(left: Aliased<string | null | undefined>, right: string | SQLWrapper | null | undefined): SQL<unknown>', gave the following error.
    Argument of type 'PgColumn<{ name: "tenant_id"; tableName: "assets"; dataType: "string"; columnType: "PgText"; data: string; driverParam: string; notNull: true; hasDefault: false; isPrimaryKey: false; isAutoincrement: false; ... 4 more ...; generated: undefined; }, {}, {}>' is not assignable to parameter of type 'Aliased<string | null | undefined>'.
      Type 'PgColumn<{ name: "tenant_id"; tableName: "assets"; dataType: "string"; columnType: "PgText"; data: string; driverParam: string; notNull: true; hasDefault: false; isPrimaryKey: false; isAutoincrement: false; ... 4 more ...; generated: undefined; }, {}, {}>' is missing the following properties from type 'Aliased<string | null | undefined>': sql, fieldAlias
  Overload 3 of 3, '(left: never, right: unknown): SQL<unknown>', gave the following error.
    Argument of type 'PgColumn<{ name: "tenant_id"; tableName: "assets"; dataType: "string"; columnType: "PgText"; data: string; driverParam: string; notNull: true; hasDefault: false; isPrimaryKey: false; isAutoincrement: false; ... 4 more ...; generated: undefined; }, {}, {}>' is not assignable to parameter of type 'never'.
src/router/assets.ts(286,45): error TS2769: No overload matches this call.
  Overload 1 of 3, '(left: PgColumn<{ name: "tenant_id"; tableName: "assets"; dataType: "string"; columnType: "PgText"; data: string; driverParam: string; notNull: true; hasDefault: false; isPrimaryKey: false; isAutoincrement: false; ... 4 more ...; generated: undefined; }, {}, {}>, right: string | SQLWrapper): SQL<...>', gave the following error.
    Argument of type 'string | null | undefined' is not assignable to parameter of type 'string | SQLWrapper'.
      Type 'undefined' is not assignable to type 'string | SQLWrapper'.
  Overload 2 of 3, '(left: Aliased<string | null | undefined>, right: string | SQLWrapper | null | undefined): SQL<unknown>', gave the following error.
    Argument of type 'PgColumn<{ name: "tenant_id"; tableName: "assets"; dataType: "string"; columnType: "PgText"; data: string; driverParam: string; notNull: true; hasDefault: false; isPrimaryKey: false; isAutoincrement: false; ... 4 more ...; generated: undefined; }, {}, {}>' is not assignable to parameter of type 'Aliased<string | null | undefined>'.
      Type 'PgColumn<{ name: "tenant_id"; tableName: "assets"; dataType: "string"; columnType: "PgText"; data: string; driverParam: string; notNull: true; hasDefault: false; isPrimaryKey: false; isAutoincrement: false; ... 4 more ...; generated: undefined; }, {}, {}>' is missing the following properties from type 'Aliased<string | null | undefined>': sql, fieldAlias
  Overload 3 of 3, '(left: never, right: unknown): SQL<unknown>', gave the following error.
    Argument of type 'PgColumn<{ name: "tenant_id"; tableName: "assets"; dataType: "string"; columnType: "PgText"; data: string; driverParam: string; notNull: true; hasDefault: false; isPrimaryKey: false; isAutoincrement: false; ... 4 more ...; generated: undefined; }, {}, {}>' is not assignable to parameter of type 'never'.
src/router/certifications.ts(21,7): error TS2578: Unused '@ts-expect-error' directive.
src/router/certifications.ts(41,13): error TS2769: No overload matches this call.
  Overload 1 of 3, '(left: PgColumn<{ name: "tenant_id"; tableName: "driver_certifications"; dataType: "string"; columnType: "PgText"; data: string; driverParam: string; notNull: true; hasDefault: false; isPrimaryKey: false; ... 5 more ...; generated: undefined; }, {}, {}>, right: string | SQLWrapper): SQL<...>', gave the following error.
    Argument of type 'string | null | undefined' is not assignable to parameter of type 'string | SQLWrapper'.
      Type 'undefined' is not assignable to type 'string | SQLWrapper'.
  Overload 2 of 3, '(left: Aliased<string | null | undefined>, right: string | SQLWrapper | null | undefined): SQL<unknown>', gave the following error.
    Argument of type 'PgColumn<{ name: "tenant_id"; tableName: "driver_certifications"; dataType: "string"; columnType: "PgText"; data: string; driverParam: string; notNull: true; hasDefault: false; isPrimaryKey: false; ... 5 more ...; generated: undefined; }, {}, {}>' is not assignable to parameter of type 'Aliased<string | null | undefined>'.
      Type 'PgColumn<{ name: "tenant_id"; tableName: "driver_certifications"; dataType: "string"; columnType: "PgText"; data: string; driverParam: string; notNull: true; hasDefault: false; isPrimaryKey: false; ... 5 more ...; generated: undefined; }, {}, {}>' is missing the following properties from type 'Aliased<string | null | undefined>': sql, fieldAlias
  Overload 3 of 3, '(left: never, right: unknown): SQL<unknown>', gave the following error.
    Argument of type 'PgColumn<{ name: "tenant_id"; tableName: "driver_certifications"; dataType: "string"; columnType: "PgText"; data: string; driverParam: string; notNull: true; hasDefault: false; isPrimaryKey: false; ... 5 more ...; generated: undefined; }, {}, {}>' is not assignable to parameter of type 'never'.
src/router/certifications.ts(83,7): error TS2578: Unused '@ts-expect-error' directive.
src/router/certifications.ts(87,27): error TS2769: No overload matches this call.
  Overload 1 of 3, '(left: PgColumn<{ name: "tenant_id"; tableName: "driver_certifications"; dataType: "string"; columnType: "PgText"; data: string; driverParam: string; notNull: true; hasDefault: false; isPrimaryKey: false; ... 5 more ...; generated: undefined; }, {}, {}>, right: string | SQLWrapper): SQL<...>', gave the following error.
    Argument of type 'string | null | undefined' is not assignable to parameter of type 'string | SQLWrapper'.
      Type 'undefined' is not assignable to type 'string | SQLWrapper'.
  Overload 2 of 3, '(left: Aliased<string | null | undefined>, right: string | SQLWrapper | null | undefined): SQL<unknown>', gave the following error.
    Argument of type 'PgColumn<{ name: "tenant_id"; tableName: "driver_certifications"; dataType: "string"; columnType: "PgText"; data: string; driverParam: string; notNull: true; hasDefault: false; isPrimaryKey: false; ... 5 more ...; generated: undefined; }, {}, {}>' is not assignable to parameter of type 'Aliased<string | null | undefined>'.
      Type 'PgColumn<{ name: "tenant_id"; tableName: "driver_certifications"; dataType: "string"; columnType: "PgText"; data: string; driverParam: string; notNull: true; hasDefault: false; isPrimaryKey: false; ... 5 more ...; generated: undefined; }, {}, {}>' is missing the following properties from type 'Aliased<string | null | undefined>': sql, fieldAlias
  Overload 3 of 3, '(left: never, right: unknown): SQL<unknown>', gave the following error.
    Argument of type 'PgColumn<{ name: "tenant_id"; tableName: "driver_certifications"; dataType: "string"; columnType: "PgText"; data: string; driverParam: string; notNull: true; hasDefault: false; isPrimaryKey: false; ... 5 more ...; generated: undefined; }, {}, {}>' is not assignable to parameter of type 'never'.
src/router/certifications.ts(133,7): error TS2578: Unused '@ts-expect-error' directive.
src/router/certifications.ts(138,35): error TS2769: No overload matches this call.
  Overload 1 of 3, '(left: PgColumn<{ name: "tenant_id"; tableName: "driver_certifications"; dataType: "string"; columnType: "PgText"; data: string; driverParam: string; notNull: true; hasDefault: false; isPrimaryKey: false; ... 5 more ...; generated: undefined; }, {}, {}>, right: string | SQLWrapper): SQL<...>', gave the following error.
    Argument of type 'string | null | undefined' is not assignable to parameter of type 'string | SQLWrapper'.
      Type 'undefined' is not assignable to type 'string | SQLWrapper'.
  Overload 2 of 3, '(left: Aliased<string | null | undefined>, right: string | SQLWrapper | null | undefined): SQL<unknown>', gave the following error.
    Argument of type 'PgColumn<{ name: "tenant_id"; tableName: "driver_certifications"; dataType: "string"; columnType: "PgText"; data: string; driverParam: string; notNull: true; hasDefault: false; isPrimaryKey: false; ... 5 more ...; generated: undefined; }, {}, {}>' is not assignable to parameter of type 'Aliased<string | null | undefined>'.
      Type 'PgColumn<{ name: "tenant_id"; tableName: "driver_certifications"; dataType: "string"; columnType: "PgText"; data: string; driverParam: string; notNull: true; hasDefault: false; isPrimaryKey: false; ... 5 more ...; generated: undefined; }, {}, {}>' is missing the following properties from type 'Aliased<string | null | undefined>': sql, fieldAlias
  Overload 3 of 3, '(left: never, right: unknown): SQL<unknown>', gave the following error.
    Argument of type 'PgColumn<{ name: "tenant_id"; tableName: "driver_certifications"; dataType: "string"; columnType: "PgText"; data: string; driverParam: string; notNull: true; hasDefault: false; isPrimaryKey: false; ... 5 more ...; generated: undefined; }, {}, {}>' is not assignable to parameter of type 'never'.
src/router/certifications.ts(176,7): error TS2578: Unused '@ts-expect-error' directive.
src/router/certifications.ts(239,7): error TS2578: Unused '@ts-expect-error' directive.
src/router/certifications.ts(260,13): error TS2769: No overload matches this call.
  Overload 1 of 3, '(left: PgColumn<{ name: "tenant_id"; tableName: "driver_certifications"; dataType: "string"; columnType: "PgText"; data: string; driverParam: string; notNull: true; hasDefault: false; isPrimaryKey: false; ... 5 more ...; generated: undefined; }, {}, {}>, right: string | SQLWrapper): SQL<...>', gave the following error.
    Argument of type 'string | null | undefined' is not assignable to parameter of type 'string | SQLWrapper'.
      Type 'undefined' is not assignable to type 'string | SQLWrapper'.
  Overload 2 of 3, '(left: Aliased<string | null | undefined>, right: string | SQLWrapper | null | undefined): SQL<unknown>', gave the following error.
    Argument of type 'PgColumn<{ name: "tenant_id"; tableName: "driver_certifications"; dataType: "string"; columnType: "PgText"; data: string; driverParam: string; notNull: true; hasDefault: false; isPrimaryKey: false; ... 5 more ...; generated: undefined; }, {}, {}>' is not assignable to parameter of type 'Aliased<string | null | undefined>'.
      Type 'PgColumn<{ name: "tenant_id"; tableName: "driver_certifications"; dataType: "string"; columnType: "PgText"; data: string; driverParam: string; notNull: true; hasDefault: false; isPrimaryKey: false; ... 5 more ...; generated: undefined; }, {}, {}>' is missing the following properties from type 'Aliased<string | null | undefined>': sql, fieldAlias
  Overload 3 of 3, '(left: never, right: unknown): SQL<unknown>', gave the following error.
    Argument of type 'PgColumn<{ name: "tenant_id"; tableName: "driver_certifications"; dataType: "string"; columnType: "PgText"; data: string; driverParam: string; notNull: true; hasDefault: false; isPrimaryKey: false; ... 5 more ...; generated: undefined; }, {}, {}>' is not assignable to parameter of type 'never'.
src/router/certifications.ts(289,7): error TS2578: Unused '@ts-expect-error' directive.
src/router/certifications.ts(294,35): error TS2769: No overload matches this call.
  Overload 1 of 3, '(left: PgColumn<{ name: "tenant_id"; tableName: "driver_certifications"; dataType: "string"; columnType: "PgText"; data: string; driverParam: string; notNull: true; hasDefault: false; isPrimaryKey: false; ... 5 more ...; generated: undefined; }, {}, {}>, right: string | SQLWrapper): SQL<...>', gave the following error.
    Argument of type 'string | null | undefined' is not assignable to parameter of type 'string | SQLWrapper'.
      Type 'undefined' is not assignable to type 'string | SQLWrapper'.
  Overload 2 of 3, '(left: Aliased<string | null | undefined>, right: string | SQLWrapper | null | undefined): SQL<unknown>', gave the following error.
    Argument of type 'PgColumn<{ name: "tenant_id"; tableName: "driver_certifications"; dataType: "string"; columnType: "PgText"; data: string; driverParam: string; notNull: true; hasDefault: false; isPrimaryKey: false; ... 5 more ...; generated: undefined; }, {}, {}>' is not assignable to parameter of type 'Aliased<string | null | undefined>'.
      Type 'PgColumn<{ name: "tenant_id"; tableName: "driver_certifications"; dataType: "string"; columnType: "PgText"; data: string; driverParam: string; notNull: true; hasDefault: false; isPrimaryKey: false; ... 5 more ...; generated: undefined; }, {}, {}>' is missing the following properties from type 'Aliased<string | null | undefined>': sql, fieldAlias
  Overload 3 of 3, '(left: never, right: unknown): SQL<unknown>', gave the following error.
    Argument of type 'PgColumn<{ name: "tenant_id"; tableName: "driver_certifications"; dataType: "string"; columnType: "PgText"; data: string; driverParam: string; notNull: true; hasDefault: false; isPrimaryKey: false; ... 5 more ...; generated: undefined; }, {}, {}>' is not assignable to parameter of type 'never'.
src/router/certifications.ts(320,13): error TS2769: No overload matches this call.
  Overload 1 of 3, '(left: PgColumn<{ name: "tenant_id"; tableName: "driver_certifications"; dataType: "string"; columnType: "PgText"; data: string; driverParam: string; notNull: true; hasDefault: false; isPrimaryKey: false; ... 5 more ...; generated: undefined; }, {}, {}>, right: string | SQLWrapper): SQL<...>', gave the following error.
    Argument of type 'string | null | undefined' is not assignable to parameter of type 'string | SQLWrapper'.
      Type 'undefined' is not assignable to type 'string | SQLWrapper'.
  Overload 2 of 3, '(left: Aliased<string | null | undefined>, right: string | SQLWrapper | null | undefined): SQL<unknown>', gave the following error.
    Argument of type 'PgColumn<{ name: "tenant_id"; tableName: "driver_certifications"; dataType: "string"; columnType: "PgText"; data: string; driverParam: string; notNull: true; hasDefault: false; isPrimaryKey: false; ... 5 more ...; generated: undefined; }, {}, {}>' is not assignable to parameter of type 'Aliased<string | null | undefined>'.
      Type 'PgColumn<{ name: "tenant_id"; tableName: "driver_certifications"; dataType: "string"; columnType: "PgText"; data: string; driverParam: string; notNull: true; hasDefault: false; isPrimaryKey: false; ... 5 more ...; generated: undefined; }, {}, {}>' is missing the following properties from type 'Aliased<string | null | undefined>': sql, fieldAlias
  Overload 3 of 3, '(left: never, right: unknown): SQL<unknown>', gave the following error.
    Argument of type 'PgColumn<{ name: "tenant_id"; tableName: "driver_certifications"; dataType: "string"; columnType: "PgText"; data: string; driverParam: string; notNull: true; hasDefault: false; isPrimaryKey: false; ... 5 more ...; generated: undefined; }, {}, {}>' is not assignable to parameter of type 'never'.
src/router/certifications.ts(338,7): error TS2578: Unused '@ts-expect-error' directive.
src/router/certifications.ts(351,13): error TS2769: No overload matches this call.
  Overload 1 of 3, '(left: PgColumn<{ name: "tenant_id"; tableName: "driver_certifications"; dataType: "string"; columnType: "PgText"; data: string; driverParam: string; notNull: true; hasDefault: false; isPrimaryKey: false; ... 5 more ...; generated: undefined; }, {}, {}>, right: string | SQLWrapper): SQL<...>', gave the following error.
    Argument of type 'string | null | undefined' is not assignable to parameter of type 'string | SQLWrapper'.
      Type 'undefined' is not assignable to type 'string | SQLWrapper'.
  Overload 2 of 3, '(left: Aliased<string | null | undefined>, right: string | SQLWrapper | null | undefined): SQL<unknown>', gave the following error.
    Argument of type 'PgColumn<{ name: "tenant_id"; tableName: "driver_certifications"; dataType: "string"; columnType: "PgText"; data: string; driverParam: string; notNull: true; hasDefault: false; isPrimaryKey: false; ... 5 more ...; generated: undefined; }, {}, {}>' is not assignable to parameter of type 'Aliased<string | null | undefined>'.
      Type 'PgColumn<{ name: "tenant_id"; tableName: "driver_certifications"; dataType: "string"; columnType: "PgText"; data: string; driverParam: string; notNull: true; hasDefault: false; isPrimaryKey: false; ... 5 more ...; generated: undefined; }, {}, {}>' is missing the following properties from type 'Aliased<string | null | undefined>': sql, fieldAlias
  Overload 3 of 3, '(left: never, right: unknown): SQL<unknown>', gave the following error.
    Argument of type 'PgColumn<{ name: "tenant_id"; tableName: "driver_certifications"; dataType: "string"; columnType: "PgText"; data: string; driverParam: string; notNull: true; hasDefault: false; isPrimaryKey: false; ... 5 more ...; generated: undefined; }, {}, {}>' is not assignable to parameter of type 'never'.
src/router/certifications.ts(372,7): error TS2578: Unused '@ts-expect-error' directive.
src/router/certifications.ts(392,13): error TS2769: No overload matches this call.
  Overload 1 of 3, '(left: PgColumn<{ name: "tenant_id"; tableName: "driver_certifications"; dataType: "string"; columnType: "PgText"; data: string; driverParam: string; notNull: true; hasDefault: false; isPrimaryKey: false; ... 5 more ...; generated: undefined; }, {}, {}>, right: string | SQLWrapper): SQL<...>', gave the following error.
    Argument of type 'string | null | undefined' is not assignable to parameter of type 'string | SQLWrapper'.
      Type 'undefined' is not assignable to type 'string | SQLWrapper'.
  Overload 2 of 3, '(left: Aliased<string | null | undefined>, right: string | SQLWrapper | null | undefined): SQL<unknown>', gave the following error.
    Argument of type 'PgColumn<{ name: "tenant_id"; tableName: "driver_certifications"; dataType: "string"; columnType: "PgText"; data: string; driverParam: string; notNull: true; hasDefault: false; isPrimaryKey: false; ... 5 more ...; generated: undefined; }, {}, {}>' is not assignable to parameter of type 'Aliased<string | null | undefined>'.
      Type 'PgColumn<{ name: "tenant_id"; tableName: "driver_certifications"; dataType: "string"; columnType: "PgText"; data: string; driverParam: string; notNull: true; hasDefault: false; isPrimaryKey: false; ... 5 more ...; generated: undefined; }, {}, {}>' is missing the following properties from type 'Aliased<string | null | undefined>': sql, fieldAlias
  Overload 3 of 3, '(left: never, right: unknown): SQL<unknown>', gave the following error.
    Argument of type 'PgColumn<{ name: "tenant_id"; tableName: "driver_certifications"; dataType: "string"; columnType: "PgText"; data: string; driverParam: string; notNull: true; hasDefault: false; isPrimaryKey: false; ... 5 more ...; generated: undefined; }, {}, {}>' is not assignable to parameter of type 'never'.
src/router/certifications.ts(411,5): error TS2578: Unused '@ts-expect-error' directive.
src/router/certifications.ts(428,11): error TS2769: No overload matches this call.
  Overload 1 of 3, '(left: PgColumn<{ name: "tenant_id"; tableName: "driver_certifications"; dataType: "string"; columnType: "PgText"; data: string; driverParam: string; notNull: true; hasDefault: false; isPrimaryKey: false; ... 5 more ...; generated: undefined; }, {}, {}>, right: string | SQLWrapper): SQL<...>', gave the following error.
    Argument of type 'string | null | undefined' is not assignable to parameter of type 'string | SQLWrapper'.
      Type 'undefined' is not assignable to type 'string | SQLWrapper'.
  Overload 2 of 3, '(left: Aliased<string | null | undefined>, right: string | SQLWrapper | null | undefined): SQL<unknown>', gave the following error.
    Argument of type 'PgColumn<{ name: "tenant_id"; tableName: "driver_certifications"; dataType: "string"; columnType: "PgText"; data: string; driverParam: string; notNull: true; hasDefault: false; isPrimaryKey: false; ... 5 more ...; generated: undefined; }, {}, {}>' is not assignable to parameter of type 'Aliased<string | null | undefined>'.
      Type 'PgColumn<{ name: "tenant_id"; tableName: "driver_certifications"; dataType: "string"; columnType: "PgText"; data: string; driverParam: string; notNull: true; hasDefault: false; isPrimaryKey: false; ... 5 more ...; generated: undefined; }, {}, {}>' is missing the following properties from type 'Aliased<string | null | undefined>': sql, fieldAlias
  Overload 3 of 3, '(left: never, right: unknown): SQL<unknown>', gave the following error.
    Argument of type 'PgColumn<{ name: "tenant_id"; tableName: "driver_certifications"; dataType: "string"; columnType: "PgText"; data: string; driverParam: string; notNull: true; hasDefault: false; isPrimaryKey: false; ... 5 more ...; generated: undefined; }, {}, {}>' is not assignable to parameter of type 'never'.
src/router/certifications.ts(441,5): error TS2578: Unused '@ts-expect-error' directive.
src/router/certifications.ts(456,11): error TS2769: No overload matches this call.
  Overload 1 of 3, '(left: PgColumn<{ name: "tenant_id"; tableName: "driver_certifications"; dataType: "string"; columnType: "PgText"; data: string; driverParam: string; notNull: true; hasDefault: false; isPrimaryKey: false; ... 5 more ...; generated: undefined; }, {}, {}>, right: string | SQLWrapper): SQL<...>', gave the following error.
    Argument of type 'string | null | undefined' is not assignable to parameter of type 'string | SQLWrapper'.
      Type 'undefined' is not assignable to type 'string | SQLWrapper'.
  Overload 2 of 3, '(left: Aliased<string | null | undefined>, right: string | SQLWrapper | null | undefined): SQL<unknown>', gave the following error.
    Argument of type 'PgColumn<{ name: "tenant_id"; tableName: "driver_certifications"; dataType: "string"; columnType: "PgText"; data: string; driverParam: string; notNull: true; hasDefault: false; isPrimaryKey: false; ... 5 more ...; generated: undefined; }, {}, {}>' is not assignable to parameter of type 'Aliased<string | null | undefined>'.
      Type 'PgColumn<{ name: "tenant_id"; tableName: "driver_certifications"; dataType: "string"; columnType: "PgText"; data: string; driverParam: string; notNull: true; hasDefault: false; isPrimaryKey: false; ... 5 more ...; generated: undefined; }, {}, {}>' is missing the following properties from type 'Aliased<string | null | undefined>': sql, fieldAlias
  Overload 3 of 3, '(left: never, right: unknown): SQL<unknown>', gave the following error.
    Argument of type 'PgColumn<{ name: "tenant_id"; tableName: "driver_certifications"; dataType: "string"; columnType: "PgText"; data: string; driverParam: string; notNull: true; hasDefault: false; isPrimaryKey: false; ... 5 more ...; generated: undefined; }, {}, {}>' is not assignable to parameter of type 'never'.
src/router/certifications.ts(496,5): error TS2578: Unused '@ts-expect-error' directive.
src/router/certifications.ts(507,14): error TS2769: No overload matches this call.
  Overload 1 of 3, '(left: PgColumn<{ name: "tenant_id"; tableName: "driver_certifications"; dataType: "string"; columnType: "PgText"; data: string; driverParam: string; notNull: true; hasDefault: false; isPrimaryKey: false; ... 5 more ...; generated: undefined; }, {}, {}>, right: string | SQLWrapper): SQL<...>', gave the following error.
    Argument of type 'string | null | undefined' is not assignable to parameter of type 'string | SQLWrapper'.
      Type 'undefined' is not assignable to type 'string | SQLWrapper'.
  Overload 2 of 3, '(left: Aliased<string | null | undefined>, right: string | SQLWrapper | null | undefined): SQL<unknown>', gave the following error.
    Argument of type 'PgColumn<{ name: "tenant_id"; tableName: "driver_certifications"; dataType: "string"; columnType: "PgText"; data: string; driverParam: string; notNull: true; hasDefault: false; isPrimaryKey: false; ... 5 more ...; generated: undefined; }, {}, {}>' is not assignable to parameter of type 'Aliased<string | null | undefined>'.
      Type 'PgColumn<{ name: "tenant_id"; tableName: "driver_certifications"; dataType: "string"; columnType: "PgText"; data: string; driverParam: string; notNull: true; hasDefault: false; isPrimaryKey: false; ... 5 more ...; generated: undefined; }, {}, {}>' is missing the following properties from type 'Aliased<string | null | undefined>': sql, fieldAlias
  Overload 3 of 3, '(left: never, right: unknown): SQL<unknown>', gave the following error.
    Argument of type 'PgColumn<{ name: "tenant_id"; tableName: "driver_certifications"; dataType: "string"; columnType: "PgText"; data: string; driverParam: string; notNull: true; hasDefault: false; isPrimaryKey: false; ... 5 more ...; generated: undefined; }, {}, {}>' is not assignable to parameter of type 'never'.
src/router/certifications.ts(524,11): error TS2769: No overload matches this call.
  Overload 1 of 3, '(left: PgColumn<{ name: "tenant_id"; tableName: "driver_certifications"; dataType: "string"; columnType: "PgText"; data: string; driverParam: string; notNull: true; hasDefault: false; isPrimaryKey: false; ... 5 more ...; generated: undefined; }, {}, {}>, right: string | SQLWrapper): SQL<...>', gave the following error.
    Argument of type 'string | null | undefined' is not assignable to parameter of type 'string | SQLWrapper'.
      Type 'undefined' is not assignable to type 'string | SQLWrapper'.
  Overload 2 of 3, '(left: Aliased<string | null | undefined>, right: string | SQLWrapper | null | undefined): SQL<unknown>', gave the following error.
    Argument of type 'PgColumn<{ name: "tenant_id"; tableName: "driver_certifications"; dataType: "string"; columnType: "PgText"; data: string; driverParam: string; notNull: true; hasDefault: false; isPrimaryKey: false; ... 5 more ...; generated: undefined; }, {}, {}>' is not assignable to parameter of type 'Aliased<string | null | undefined>'.
      Type 'PgColumn<{ name: "tenant_id"; tableName: "driver_certifications"; dataType: "string"; columnType: "PgText"; data: string; driverParam: string; notNull: true; hasDefault: false; isPrimaryKey: false; ... 5 more ...; generated: undefined; }, {}, {}>' is missing the following properties from type 'Aliased<string | null | undefined>': sql, fieldAlias
  Overload 3 of 3, '(left: never, right: unknown): SQL<unknown>', gave the following error.
    Argument of type 'PgColumn<{ name: "tenant_id"; tableName: "driver_certifications"; dataType: "string"; columnType: "PgText"; data: string; driverParam: string; notNull: true; hasDefault: false; isPrimaryKey: false; ... 5 more ...; generated: undefined; }, {}, {}>' is not assignable to parameter of type 'never'.
src/router/certifications.ts(560,7): error TS2578: Unused '@ts-expect-error' directive.
src/router/certifications.ts(604,5): error TS2578: Unused '@ts-expect-error' directive.
src/router/certifications.ts(610,14): error TS2769: No overload matches this call.
  Overload 1 of 3, '(left: PgColumn<{ name: "tenant_id"; tableName: "certification_alert_settings"; dataType: "string"; columnType: "PgText"; data: string; driverParam: string; notNull: true; hasDefault: false; isPrimaryKey: false; ... 5 more ...; generated: undefined; }, {}, {}>, right: string | SQLWrapper): SQL<...>', gave the following error.
    Argument of type 'string | null | undefined' is not assignable to parameter of type 'string | SQLWrapper'.
      Type 'undefined' is not assignable to type 'string | SQLWrapper'.
  Overload 2 of 3, '(left: Aliased<string | null | undefined>, right: string | SQLWrapper | null | undefined): SQL<unknown>', gave the following error.
    Argument of type 'PgColumn<{ name: "tenant_id"; tableName: "certification_alert_settings"; dataType: "string"; columnType: "PgText"; data: string; driverParam: string; notNull: true; hasDefault: false; isPrimaryKey: false; ... 5 more ...; generated: undefined; }, {}, {}>' is not assignable to parameter of type 'Aliased<string | null | undefined>'.
      Type 'PgColumn<{ name: "tenant_id"; tableName: "certification_alert_settings"; dataType: "string"; columnType: "PgText"; data: string; driverParam: string; notNull: true; hasDefault: false; isPrimaryKey: false; ... 5 more ...; generated: undefined; }, {}, {}>' is missing the following properties from type 'Aliased<string | null | undefined>': sql, fieldAlias
  Overload 3 of 3, '(left: never, right: unknown): SQL<unknown>', gave the following error.
    Argument of type 'PgColumn<{ name: "tenant_id"; tableName: "certification_alert_settings"; dataType: "string"; columnType: "PgText"; data: string; driverParam: string; notNull: true; hasDefault: false; isPrimaryKey: false; ... 5 more ...; generated: undefined; }, {}, {}>' is not assignable to parameter of type 'never'.
src/router/customers.ts(114,11): error TS2769: No overload matches this call.
  Overload 1 of 3, '(left: PgColumn<{ name: "tenant_id"; tableName: "customers"; dataType: "string"; columnType: "PgText"; data: string; driverParam: string; notNull: true; hasDefault: false; isPrimaryKey: false; isAutoincrement: false; ... 4 more ...; generated: undefined; }, {}, {}>, right: string | SQLWrapper): SQL<...>', gave the following error.
    Argument of type 'string | null | undefined' is not assignable to parameter of type 'string | SQLWrapper'.
      Type 'undefined' is not assignable to type 'string | SQLWrapper'.
  Overload 2 of 3, '(left: Aliased<string | null | undefined>, right: string | SQLWrapper | null | undefined): SQL<unknown>', gave the following error.
    Argument of type 'PgColumn<{ name: "tenant_id"; tableName: "customers"; dataType: "string"; columnType: "PgText"; data: string; driverParam: string; notNull: true; hasDefault: false; isPrimaryKey: false; isAutoincrement: false; ... 4 more ...; generated: undefined; }, {}, {}>' is not assignable to parameter of type 'Aliased<string | null | undefined>'.
      Type 'PgColumn<{ name: "tenant_id"; tableName: "customers"; dataType: "string"; columnType: "PgText"; data: string; driverParam: string; notNull: true; hasDefault: false; isPrimaryKey: false; isAutoincrement: false; ... 4 more ...; generated: undefined; }, {}, {}>' is missing the following properties from type 'Aliased<string | null | undefined>': sql, fieldAlias
  Overload 3 of 3, '(left: never, right: unknown): SQL<unknown>', gave the following error.
    Argument of type 'PgColumn<{ name: "tenant_id"; tableName: "customers"; dataType: "string"; columnType: "PgText"; data: string; driverParam: string; notNull: true; hasDefault: false; isPrimaryKey: false; isAutoincrement: false; ... 4 more ...; generated: undefined; }, {}, {}>' is not assignable to parameter of type 'never'.
src/router/customers.ts(180,10): error TS2769: No overload matches this call.
  Overload 1 of 2, '(value: { tenantId: string | SQL<unknown> | Placeholder<string, any>; email: string | SQL<unknown> | Placeholder<string, any>; id: string | SQL<unknown> | Placeholder<...>; ... 15 more ...; paymentTerms?: string | ... 3 more ... | undefined; }): PgInsertBase<...> | PgInsertBase<...>', gave the following error.
    Type 'string | null | undefined' is not assignable to type 'string | SQL<unknown> | Placeholder<string, any>'.
      Type 'undefined' is not assignable to type 'string | SQL<unknown> | Placeholder<string, any>'.
  Overload 2 of 2, '(values: { tenantId: string | SQL<unknown> | Placeholder<string, any>; email: string | SQL<unknown> | Placeholder<string, any>; id: string | SQL<unknown> | Placeholder<...>; ... 15 more ...; paymentTerms?: string | ... 3 more ... | undefined; }[]): PgInsertBase<...> | PgInsertBase<...>', gave the following error.
    Object literal may only specify known properties, and 'id' does not exist in type '{ tenantId: string | SQL<unknown> | Placeholder<string, any>; email: string | SQL<unknown> | Placeholder<string, any>; id: string | SQL<unknown> | Placeholder<string, any>; ... 15 more ...; paymentTerms?: string | ... 3 more ... | undefined; }[]'.
src/router/customers.ts(234,10): error TS2769: No overload matches this call.
  Overload 1 of 2, '(value: { tenantId: string | SQL<unknown> | Placeholder<string, any>; state: string | SQL<unknown> | Placeholder<string, any>; id: string | SQL<unknown> | Placeholder<...>; ... 19 more ...; isActive?: number | ... 2 more ... | undefined; }): PgInsertBase<...> | PgInsertBase<...>', gave the following error.
    Type 'string | null | undefined' is not assignable to type 'string | SQL<unknown> | Placeholder<string, any>'.
      Type 'undefined' is not assignable to type 'string | SQL<unknown> | Placeholder<string, any>'.
  Overload 2 of 2, '(values: { tenantId: string | SQL<unknown> | Placeholder<string, any>; state: string | SQL<unknown> | Placeholder<string, any>; id: string | SQL<unknown> | Placeholder<...>; ... 19 more ...; isActive?: number | ... 2 more ... | undefined; }[]): PgInsertBase<...> | PgInsertBase<...>', gave the following error.
    Object literal may only specify known properties, and 'id' does not exist in type '{ tenantId: string | SQL<unknown> | Placeholder<string, any>; state: string | SQL<unknown> | Placeholder<string, any>; id: string | SQL<unknown> | Placeholder<string, any>; ... 19 more ...; isActive?: number | ... 2 more ... | undefined; }[]'.
src/router/customers.ts(285,42): error TS2769: No overload matches this call.
  Overload 1 of 3, '(left: PgColumn<{ name: "tenant_id"; tableName: "customers"; dataType: "string"; columnType: "PgText"; data: string; driverParam: string; notNull: true; hasDefault: false; isPrimaryKey: false; isAutoincrement: false; ... 4 more ...; generated: undefined; }, {}, {}>, right: string | SQLWrapper): SQL<...>', gave the following error.
    Argument of type 'string | null | undefined' is not assignable to parameter of type 'string | SQLWrapper'.
      Type 'undefined' is not assignable to type 'string | SQLWrapper'.
  Overload 2 of 3, '(left: Aliased<string | null | undefined>, right: string | SQLWrapper | null | undefined): SQL<unknown>', gave the following error.
    Argument of type 'PgColumn<{ name: "tenant_id"; tableName: "customers"; dataType: "string"; columnType: "PgText"; data: string; driverParam: string; notNull: true; hasDefault: false; isPrimaryKey: false; isAutoincrement: false; ... 4 more ...; generated: undefined; }, {}, {}>' is not assignable to parameter of type 'Aliased<string | null | undefined>'.
      Type 'PgColumn<{ name: "tenant_id"; tableName: "customers"; dataType: "string"; columnType: "PgText"; data: string; driverParam: string; notNull: true; hasDefault: false; isPrimaryKey: false; isAutoincrement: false; ... 4 more ...; generated: undefined; }, {}, {}>' is missing the following properties from type 'Aliased<string | null | undefined>': sql, fieldAlias
  Overload 3 of 3, '(left: never, right: unknown): SQL<unknown>', gave the following error.
    Argument of type 'PgColumn<{ name: "tenant_id"; tableName: "customers"; dataType: "string"; columnType: "PgText"; data: string; driverParam: string; notNull: true; hasDefault: false; isPrimaryKey: false; isAutoincrement: false; ... 4 more ...; generated: undefined; }, {}, {}>' is not assignable to parameter of type 'never'.
src/router/customers.ts(303,11): error TS2769: No overload matches this call.
  Overload 1 of 3, '(left: PgColumn<{ name: "tenant_id"; tableName: "customers"; dataType: "string"; columnType: "PgText"; data: string; driverParam: string; notNull: true; hasDefault: false; isPrimaryKey: false; isAutoincrement: false; ... 4 more ...; generated: undefined; }, {}, {}>, right: string | SQLWrapper): SQL<...>', gave the following error.
    Argument of type 'string | null | undefined' is not assignable to parameter of type 'string | SQLWrapper'.
      Type 'undefined' is not assignable to type 'string | SQLWrapper'.
  Overload 2 of 3, '(left: Aliased<string | null | undefined>, right: string | SQLWrapper | null | undefined): SQL<unknown>', gave the following error.
    Argument of type 'PgColumn<{ name: "tenant_id"; tableName: "customers"; dataType: "string"; columnType: "PgText"; data: string; driverParam: string; notNull: true; hasDefault: false; isPrimaryKey: false; isAutoincrement: false; ... 4 more ...; generated: undefined; }, {}, {}>' is not assignable to parameter of type 'Aliased<string | null | undefined>'.
      Type 'PgColumn<{ name: "tenant_id"; tableName: "customers"; dataType: "string"; columnType: "PgText"; data: string; driverParam: string; notNull: true; hasDefault: false; isPrimaryKey: false; isAutoincrement: false; ... 4 more ...; generated: undefined; }, {}, {}>' is missing the following properties from type 'Aliased<string | null | undefined>': sql, fieldAlias
  Overload 3 of 3, '(left: never, right: unknown): SQL<unknown>', gave the following error.
    Argument of type 'PgColumn<{ name: "tenant_id"; tableName: "customers"; dataType: "string"; columnType: "PgText"; data: string; driverParam: string; notNull: true; hasDefault: false; isPrimaryKey: false; isAutoincrement: false; ... 4 more ...; generated: undefined; }, {}, {}>' is not assignable to parameter of type 'never'.
src/router/customers.ts(317,43): error TS2769: No overload matches this call.
  Overload 1 of 3, '(left: PgColumn<{ name: "tenant_id"; tableName: "customers"; dataType: "string"; columnType: "PgText"; data: string; driverParam: string; notNull: true; hasDefault: false; isPrimaryKey: false; isAutoincrement: false; ... 4 more ...; generated: undefined; }, {}, {}>, right: string | SQLWrapper): SQL<...>', gave the following error.
    Argument of type 'string | null | undefined' is not assignable to parameter of type 'string | SQLWrapper'.
      Type 'undefined' is not assignable to type 'string | SQLWrapper'.
  Overload 2 of 3, '(left: Aliased<string | null | undefined>, right: string | SQLWrapper | null | undefined): SQL<unknown>', gave the following error.
    Argument of type 'PgColumn<{ name: "tenant_id"; tableName: "customers"; dataType: "string"; columnType: "PgText"; data: string; driverParam: string; notNull: true; hasDefault: false; isPrimaryKey: false; isAutoincrement: false; ... 4 more ...; generated: undefined; }, {}, {}>' is not assignable to parameter of type 'Aliased<string | null | undefined>'.
      Type 'PgColumn<{ name: "tenant_id"; tableName: "customers"; dataType: "string"; columnType: "PgText"; data: string; driverParam: string; notNull: true; hasDefault: false; isPrimaryKey: false; isAutoincrement: false; ... 4 more ...; generated: undefined; }, {}, {}>' is missing the following properties from type 'Aliased<string | null | undefined>': sql, fieldAlias
  Overload 3 of 3, '(left: never, right: unknown): SQL<unknown>', gave the following error.
    Argument of type 'PgColumn<{ name: "tenant_id"; tableName: "customers"; dataType: "string"; columnType: "PgText"; data: string; driverParam: string; notNull: true; hasDefault: false; isPrimaryKey: false; isAutoincrement: false; ... 4 more ...; generated: undefined; }, {}, {}>' is not assignable to parameter of type 'never'.
src/router/driver.ts(29,5): error TS2578: Unused '@ts-expect-error' directive.
src/router/driver.ts(43,11): error TS2769: No overload matches this call.
  Overload 1 of 3, '(left: PgColumn<{ name: "tenant_id"; tableName: "route_loads"; dataType: "string"; columnType: "PgText"; data: string; driverParam: string; notNull: true; hasDefault: false; isPrimaryKey: false; isAutoincrement: false; ... 4 more ...; generated: undefined; }, {}, {}>, right: string | SQLWrapper): SQL<...>', gave the following error.
    Argument of type 'string | null | undefined' is not assignable to parameter of type 'string | SQLWrapper'.
      Type 'undefined' is not assignable to type 'string | SQLWrapper'.
  Overload 2 of 3, '(left: Aliased<string | null | undefined>, right: string | SQLWrapper | null | undefined): SQL<unknown>', gave the following error.
    Argument of type 'PgColumn<{ name: "tenant_id"; tableName: "route_loads"; dataType: "string"; columnType: "PgText"; data: string; driverParam: string; notNull: true; hasDefault: false; isPrimaryKey: false; isAutoincrement: false; ... 4 more ...; generated: undefined; }, {}, {}>' is not assignable to parameter of type 'Aliased<string | null | undefined>'.
      Type 'PgColumn<{ name: "tenant_id"; tableName: "route_loads"; dataType: "string"; columnType: "PgText"; data: string; driverParam: string; notNull: true; hasDefault: false; isPrimaryKey: false; isAutoincrement: false; ... 4 more ...; generated: undefined; }, {}, {}>' is missing the following properties from type 'Aliased<string | null | undefined>': sql, fieldAlias
  Overload 3 of 3, '(left: never, right: unknown): SQL<unknown>', gave the following error.
    Argument of type 'PgColumn<{ name: "tenant_id"; tableName: "route_loads"; dataType: "string"; columnType: "PgText"; data: string; driverParam: string; notNull: true; hasDefault: false; isPrimaryKey: false; isAutoincrement: false; ... 4 more ...; generated: undefined; }, {}, {}>' is not assignable to parameter of type 'never'.
src/router/driver.ts(61,7): error TS2578: Unused '@ts-expect-error' directive.
src/router/driver.ts(81,13): error TS2769: No overload matches this call.
  Overload 1 of 3, '(left: PgColumn<{ name: "tenant_id"; tableName: "route_loads"; dataType: "string"; columnType: "PgText"; data: string; driverParam: string; notNull: true; hasDefault: false; isPrimaryKey: false; isAutoincrement: false; ... 4 more ...; generated: undefined; }, {}, {}>, right: string | SQLWrapper): SQL<...>', gave the following error.
    Argument of type 'string | null | undefined' is not assignable to parameter of type 'string | SQLWrapper'.
      Type 'undefined' is not assignable to type 'string | SQLWrapper'.
  Overload 2 of 3, '(left: Aliased<string | null | undefined>, right: string | SQLWrapper | null | undefined): SQL<unknown>', gave the following error.
    Argument of type 'PgColumn<{ name: "tenant_id"; tableName: "route_loads"; dataType: "string"; columnType: "PgText"; data: string; driverParam: string; notNull: true; hasDefault: false; isPrimaryKey: false; isAutoincrement: false; ... 4 more ...; generated: undefined; }, {}, {}>' is not assignable to parameter of type 'Aliased<string | null | undefined>'.
      Type 'PgColumn<{ name: "tenant_id"; tableName: "route_loads"; dataType: "string"; columnType: "PgText"; data: string; driverParam: string; notNull: true; hasDefault: false; isPrimaryKey: false; isAutoincrement: false; ... 4 more ...; generated: undefined; }, {}, {}>' is missing the following properties from type 'Aliased<string | null | undefined>': sql, fieldAlias
  Overload 3 of 3, '(left: never, right: unknown): SQL<unknown>', gave the following error.
    Argument of type 'PgColumn<{ name: "tenant_id"; tableName: "route_loads"; dataType: "string"; columnType: "PgText"; data: string; driverParam: string; notNull: true; hasDefault: false; isPrimaryKey: false; isAutoincrement: false; ... 4 more ...; generated: undefined; }, {}, {}>' is not assignable to parameter of type 'never'.
src/router/driver.ts(109,13): error TS2769: No overload matches this call.
  Overload 1 of 3, '(left: PgColumn<{ name: "tenant_id"; tableName: "orders"; dataType: "string"; columnType: "PgText"; data: string; driverParam: string; notNull: true; hasDefault: false; isPrimaryKey: false; isAutoincrement: false; ... 4 more ...; generated: undefined; }, {}, {}>, right: string | SQLWrapper): SQL<...>', gave the following error.
    Argument of type 'string | null | undefined' is not assignable to parameter of type 'string | SQLWrapper'.
      Type 'undefined' is not assignable to type 'string | SQLWrapper'.
  Overload 2 of 3, '(left: Aliased<string | null | undefined>, right: string | SQLWrapper | null | undefined): SQL<unknown>', gave the following error.
    Argument of type 'PgColumn<{ name: "tenant_id"; tableName: "orders"; dataType: "string"; columnType: "PgText"; data: string; driverParam: string; notNull: true; hasDefault: false; isPrimaryKey: false; isAutoincrement: false; ... 4 more ...; generated: undefined; }, {}, {}>' is not assignable to parameter of type 'Aliased<string | null | undefined>'.
      Type 'PgColumn<{ name: "tenant_id"; tableName: "orders"; dataType: "string"; columnType: "PgText"; data: string; driverParam: string; notNull: true; hasDefault: false; isPrimaryKey: false; isAutoincrement: false; ... 4 more ...; generated: undefined; }, {}, {}>' is missing the following properties from type 'Aliased<string | null | undefined>': sql, fieldAlias
  Overload 3 of 3, '(left: never, right: unknown): SQL<unknown>', gave the following error.
    Argument of type 'PgColumn<{ name: "tenant_id"; tableName: "orders"; dataType: "string"; columnType: "PgText"; data: string; driverParam: string; notNull: true; hasDefault: false; isPrimaryKey: false; isAutoincrement: false; ... 4 more ...; generated: undefined; }, {}, {}>' is not assignable to parameter of type 'never'.
src/router/driver.ts(126,7): error TS2578: Unused '@ts-expect-error' directive.
src/router/driver.ts(148,13): error TS2769: No overload matches this call.
  Overload 1 of 3, '(left: PgColumn<{ name: "tenant_id"; tableName: "orders"; dataType: "string"; columnType: "PgText"; data: string; driverParam: string; notNull: true; hasDefault: false; isPrimaryKey: false; isAutoincrement: false; ... 4 more ...; generated: undefined; }, {}, {}>, right: string | SQLWrapper): SQL<...>', gave the following error.
    Argument of type 'string | null | undefined' is not assignable to parameter of type 'string | SQLWrapper'.
      Type 'undefined' is not assignable to type 'string | SQLWrapper'.
  Overload 2 of 3, '(left: Aliased<string | null | undefined>, right: string | SQLWrapper | null | undefined): SQL<unknown>', gave the following error.
    Argument of type 'PgColumn<{ name: "tenant_id"; tableName: "orders"; dataType: "string"; columnType: "PgText"; data: string; driverParam: string; notNull: true; hasDefault: false; isPrimaryKey: false; isAutoincrement: false; ... 4 more ...; generated: undefined; }, {}, {}>' is not assignable to parameter of type 'Aliased<string | null | undefined>'.
      Type 'PgColumn<{ name: "tenant_id"; tableName: "orders"; dataType: "string"; columnType: "PgText"; data: string; driverParam: string; notNull: true; hasDefault: false; isPrimaryKey: false; isAutoincrement: false; ... 4 more ...; generated: undefined; }, {}, {}>' is missing the following properties from type 'Aliased<string | null | undefined>': sql, fieldAlias
  Overload 3 of 3, '(left: never, right: unknown): SQL<unknown>', gave the following error.
    Argument of type 'PgColumn<{ name: "tenant_id"; tableName: "orders"; dataType: "string"; columnType: "PgText"; data: string; driverParam: string; notNull: true; hasDefault: false; isPrimaryKey: false; isAutoincrement: false; ... 4 more ...; generated: undefined; }, {}, {}>' is not assignable to parameter of type 'never'.
src/router/driver.ts(171,7): error TS2578: Unused '@ts-expect-error' directive.
src/router/driver.ts(180,50): error TS2769: No overload matches this call.
  Overload 1 of 3, '(left: PgColumn<{ name: "tenant_id"; tableName: "orders"; dataType: "string"; columnType: "PgText"; data: string; driverParam: string; notNull: true; hasDefault: false; isPrimaryKey: false; isAutoincrement: false; ... 4 more ...; generated: undefined; }, {}, {}>, right: string | SQLWrapper): SQL<...>', gave the following error.
    Argument of type 'string | null | undefined' is not assignable to parameter of type 'string | SQLWrapper'.
      Type 'undefined' is not assignable to type 'string | SQLWrapper'.
  Overload 2 of 3, '(left: Aliased<string | null | undefined>, right: string | SQLWrapper | null | undefined): SQL<unknown>', gave the following error.
    Argument of type 'PgColumn<{ name: "tenant_id"; tableName: "orders"; dataType: "string"; columnType: "PgText"; data: string; driverParam: string; notNull: true; hasDefault: false; isPrimaryKey: false; isAutoincrement: false; ... 4 more ...; generated: undefined; }, {}, {}>' is not assignable to parameter of type 'Aliased<string | null | undefined>'.
      Type 'PgColumn<{ name: "tenant_id"; tableName: "orders"; dataType: "string"; columnType: "PgText"; data: string; driverParam: string; notNull: true; hasDefault: false; isPrimaryKey: false; isAutoincrement: false; ... 4 more ...; generated: undefined; }, {}, {}>' is missing the following properties from type 'Aliased<string | null | undefined>': sql, fieldAlias
  Overload 3 of 3, '(left: never, right: unknown): SQL<unknown>', gave the following error.
    Argument of type 'PgColumn<{ name: "tenant_id"; tableName: "orders"; dataType: "string"; columnType: "PgText"; data: string; driverParam: string; notNull: true; hasDefault: false; isPrimaryKey: false; isAutoincrement: false; ... 4 more ...; generated: undefined; }, {}, {}>' is not assignable to parameter of type 'never'.
src/router/driver.ts(243,7): error TS2578: Unused '@ts-expect-error' directive.
src/router/driver.ts(264,44): error TS2769: No overload matches this call.
  Overload 1 of 3, '(left: PgColumn<{ name: "tenant_id"; tableName: "orders"; dataType: "string"; columnType: "PgText"; data: string; driverParam: string; notNull: true; hasDefault: false; isPrimaryKey: false; isAutoincrement: false; ... 4 more ...; generated: undefined; }, {}, {}>, right: string | SQLWrapper): SQL<...>', gave the following error.
    Argument of type 'string | null | undefined' is not assignable to parameter of type 'string | SQLWrapper'.
      Type 'undefined' is not assignable to type 'string | SQLWrapper'.
  Overload 2 of 3, '(left: Aliased<string | null | undefined>, right: string | SQLWrapper | null | undefined): SQL<unknown>', gave the following error.
    Argument of type 'PgColumn<{ name: "tenant_id"; tableName: "orders"; dataType: "string"; columnType: "PgText"; data: string; driverParam: string; notNull: true; hasDefault: false; isPrimaryKey: false; isAutoincrement: false; ... 4 more ...; generated: undefined; }, {}, {}>' is not assignable to parameter of type 'Aliased<string | null | undefined>'.
      Type 'PgColumn<{ name: "tenant_id"; tableName: "orders"; dataType: "string"; columnType: "PgText"; data: string; driverParam: string; notNull: true; hasDefault: false; isPrimaryKey: false; isAutoincrement: false; ... 4 more ...; generated: undefined; }, {}, {}>' is missing the following properties from type 'Aliased<string | null | undefined>': sql, fieldAlias
  Overload 3 of 3, '(left: never, right: unknown): SQL<unknown>', gave the following error.
    Argument of type 'PgColumn<{ name: "tenant_id"; tableName: "orders"; dataType: "string"; columnType: "PgText"; data: string; driverParam: string; notNull: true; hasDefault: false; isPrimaryKey: false; isAutoincrement: false; ... 4 more ...; generated: undefined; }, {}, {}>' is not assignable to parameter of type 'never'.
src/router/driver.ts(299,7): error TS2578: Unused '@ts-expect-error' directive.
src/router/driver.ts(311,39): error TS2769: No overload matches this call.
  Overload 1 of 2, '(value: { tenantId: string | SQL<unknown> | Placeholder<string, any>; type: SQL<unknown> | "other" | "leak" | "vehicle_issue" | "customer_absent" | "access_denied" | "safety_hazard" | "equipment_failure" | Placeholder<...>; ... 17 more ...; photoUrls?: string | ... 3 more ... | undefined; }): PgInsertBase<...> | PgInsertBase<...>', gave the following error.
    Type 'string | null | undefined' is not assignable to type 'string | SQL<unknown> | Placeholder<string, any>'.
      Type 'undefined' is not assignable to type 'string | SQL<unknown> | Placeholder<string, any>'.
  Overload 2 of 2, '(values: { tenantId: string | SQL<unknown> | Placeholder<string, any>; type: SQL<unknown> | "other" | "leak" | "vehicle_issue" | "customer_absent" | "access_denied" | "safety_hazard" | "equipment_failure" | Placeholder<...>; ... 17 more ...; photoUrls?: string | ... 3 more ... | undefined; }[]): PgInsertBase<...> | PgInsertBase<...>', gave the following error.
    Object literal may only specify known properties, and 'id' does not exist in type '{ tenantId: string | SQL<unknown> | Placeholder<string, any>; type: SQL<unknown> | "other" | "leak" | "vehicle_issue" | "customer_absent" | "access_denied" | "safety_hazard" | "equipment_failure" | Placeholder<...>; ... 17 more ...; photoUrls?: string | ... 3 more ... | undefined; }[]'.
src/router/driver.ts(351,7): error TS2578: Unused '@ts-expect-error' directive.
src/router/driver.ts(356,9): error TS2769: No overload matches this call.
  Overload 1 of 3, '(left: PgColumn<{ name: "tenant_id"; tableName: "route_incidents"; dataType: "string"; columnType: "PgText"; data: string; driverParam: string; notNull: true; hasDefault: false; isPrimaryKey: false; isAutoincrement: false; ... 4 more ...; generated: undefined; }, {}, {}>, right: string | SQLWrapper): SQL<...>', gave the following error.
    Argument of type 'string | null | undefined' is not assignable to parameter of type 'string | SQLWrapper'.
      Type 'undefined' is not assignable to type 'string | SQLWrapper'.
  Overload 2 of 3, '(left: Aliased<string | null | undefined>, right: string | SQLWrapper | null | undefined): SQL<unknown>', gave the following error.
    Argument of type 'PgColumn<{ name: "tenant_id"; tableName: "route_incidents"; dataType: "string"; columnType: "PgText"; data: string; driverParam: string; notNull: true; hasDefault: false; isPrimaryKey: false; isAutoincrement: false; ... 4 more ...; generated: undefined; }, {}, {}>' is not assignable to parameter of type 'Aliased<string | null | undefined>'.
      Type 'PgColumn<{ name: "tenant_id"; tableName: "route_incidents"; dataType: "string"; columnType: "PgText"; data: string; driverParam: string; notNull: true; hasDefault: false; isPrimaryKey: false; isAutoincrement: false; ... 4 more ...; generated: undefined; }, {}, {}>' is missing the following properties from type 'Aliased<string | null | undefined>': sql, fieldAlias
  Overload 3 of 3, '(left: never, right: unknown): SQL<unknown>', gave the following error.
    Argument of type 'PgColumn<{ name: "tenant_id"; tableName: "route_incidents"; dataType: "string"; columnType: "PgText"; data: string; driverParam: string; notNull: true; hasDefault: false; isPrimaryKey: false; isAutoincrement: false; ... 4 more ...; generated: undefined; }, {}, {}>' is not assignable to parameter of type 'never'.
src/router/driver.ts(387,5): error TS2578: Unused '@ts-expect-error' directive.
src/router/driver.ts(402,13): error TS2769: No overload matches this call.
  Overload 1 of 3, '(left: PgColumn<{ name: "tenant_id"; tableName: "sync_queue"; dataType: "string"; columnType: "PgText"; data: string; driverParam: string; notNull: true; hasDefault: false; isPrimaryKey: false; isAutoincrement: false; ... 4 more ...; generated: undefined; }, {}, {}>, right: string | SQLWrapper): SQL<...>', gave the following error.
    Argument of type 'string | null | undefined' is not assignable to parameter of type 'string | SQLWrapper'.
      Type 'undefined' is not assignable to type 'string | SQLWrapper'.
  Overload 2 of 3, '(left: Aliased<string | null | undefined>, right: string | SQLWrapper | null | undefined): SQL<unknown>', gave the following error.
    Argument of type 'PgColumn<{ name: "tenant_id"; tableName: "sync_queue"; dataType: "string"; columnType: "PgText"; data: string; driverParam: string; notNull: true; hasDefault: false; isPrimaryKey: false; isAutoincrement: false; ... 4 more ...; generated: undefined; }, {}, {}>' is not assignable to parameter of type 'Aliased<string | null | undefined>'.
      Type 'PgColumn<{ name: "tenant_id"; tableName: "sync_queue"; dataType: "string"; columnType: "PgText"; data: string; driverParam: string; notNull: true; hasDefault: false; isPrimaryKey: false; isAutoincrement: false; ... 4 more ...; generated: undefined; }, {}, {}>' is missing the following properties from type 'Aliased<string | null | undefined>': sql, fieldAlias
  Overload 3 of 3, '(left: never, right: unknown): SQL<unknown>', gave the following error.
    Argument of type 'PgColumn<{ name: "tenant_id"; tableName: "sync_queue"; dataType: "string"; columnType: "PgText"; data: string; driverParam: string; notNull: true; hasDefault: false; isPrimaryKey: false; isAutoincrement: false; ... 4 more ...; generated: undefined; }, {}, {}>' is not assignable to parameter of type 'never'.
src/router/driver.ts(421,7): error TS2578: Unused '@ts-expect-error' directive.
src/router/driver.ts(426,34): error TS2769: No overload matches this call.
  Overload 1 of 2, '(value: { tenantId: string | SQL<unknown> | Placeholder<string, any>; id: string | SQL<unknown> | Placeholder<string, any>; entityType: string | SQL<unknown> | Placeholder<...>; ... 7 more ...; syncedAt?: Date | ... 3 more ... | undefined; }): PgInsertBase<...> | PgInsertBase<...>', gave the following error.
    Type 'string | null | undefined' is not assignable to type 'string | SQL<unknown> | Placeholder<string, any>'.
      Type 'undefined' is not assignable to type 'string | SQL<unknown> | Placeholder<string, any>'.
  Overload 2 of 2, '(values: { tenantId: string | SQL<unknown> | Placeholder<string, any>; id: string | SQL<unknown> | Placeholder<string, any>; entityType: string | SQL<unknown> | Placeholder<...>; ... 7 more ...; syncedAt?: Date | ... 3 more ... | undefined; }[]): PgInsertBase<...> | PgInsertBase<...>', gave the following error.
    Object literal may only specify known properties, and 'id' does not exist in type '{ tenantId: string | SQL<unknown> | Placeholder<string, any>; id: string | SQL<unknown> | Placeholder<string, any>; entityType: string | SQL<unknown> | Placeholder<...>; ... 7 more ...; syncedAt?: Date | ... 3 more ... | undefined; }[]'.
src/router/driver.ts(461,5): error TS2578: Unused '@ts-expect-error' directive.
src/router/driver.ts(476,11): error TS2769: No overload matches this call.
  Overload 1 of 3, '(left: PgColumn<{ name: "tenant_id"; tableName: "orders"; dataType: "string"; columnType: "PgText"; data: string; driverParam: string; notNull: true; hasDefault: false; isPrimaryKey: false; isAutoincrement: false; ... 4 more ...; generated: undefined; }, {}, {}>, right: string | SQLWrapper): SQL<...>', gave the following error.
    Argument of type 'string | null | undefined' is not assignable to parameter of type 'string | SQLWrapper'.
      Type 'undefined' is not assignable to type 'string | SQLWrapper'.
  Overload 2 of 3, '(left: Aliased<string | null | undefined>, right: string | SQLWrapper | null | undefined): SQL<unknown>', gave the following error.
    Argument of type 'PgColumn<{ name: "tenant_id"; tableName: "orders"; dataType: "string"; columnType: "PgText"; data: string; driverParam: string; notNull: true; hasDefault: false; isPrimaryKey: false; isAutoincrement: false; ... 4 more ...; generated: undefined; }, {}, {}>' is not assignable to parameter of type 'Aliased<string | null | undefined>'.
      Type 'PgColumn<{ name: "tenant_id"; tableName: "orders"; dataType: "string"; columnType: "PgText"; data: string; driverParam: string; notNull: true; hasDefault: false; isPrimaryKey: false; isAutoincrement: false; ... 4 more ...; generated: undefined; }, {}, {}>' is missing the following properties from type 'Aliased<string | null | undefined>': sql, fieldAlias
  Overload 3 of 3, '(left: never, right: unknown): SQL<unknown>', gave the following error.
    Argument of type 'PgColumn<{ name: "tenant_id"; tableName: "orders"; dataType: "string"; columnType: "PgText"; data: string; driverParam: string; notNull: true; hasDefault: false; isPrimaryKey: false; isAutoincrement: false; ... 4 more ...; generated: undefined; }, {}, {}>' is not assignable to parameter of type 'never'.
src/router/driver.ts(490,11): error TS2769: No overload matches this call.
  Overload 1 of 3, '(left: PgColumn<{ name: "tenant_id"; tableName: "route_incidents"; dataType: "string"; columnType: "PgText"; data: string; driverParam: string; notNull: true; hasDefault: false; isPrimaryKey: false; isAutoincrement: false; ... 4 more ...; generated: undefined; }, {}, {}>, right: string | SQLWrapper): SQL<...>', gave the following error.
    Argument of type 'string | null | undefined' is not assignable to parameter of type 'string | SQLWrapper'.
      Type 'undefined' is not assignable to type 'string | SQLWrapper'.
  Overload 2 of 3, '(left: Aliased<string | null | undefined>, right: string | SQLWrapper | null | undefined): SQL<unknown>', gave the following error.
    Argument of type 'PgColumn<{ name: "tenant_id"; tableName: "route_incidents"; dataType: "string"; columnType: "PgText"; data: string; driverParam: string; notNull: true; hasDefault: false; isPrimaryKey: false; isAutoincrement: false; ... 4 more ...; generated: undefined; }, {}, {}>' is not assignable to parameter of type 'Aliased<string | null | undefined>'.
      Type 'PgColumn<{ name: "tenant_id"; tableName: "route_incidents"; dataType: "string"; columnType: "PgText"; data: string; driverParam: string; notNull: true; hasDefault: false; isPrimaryKey: false; isAutoincrement: false; ... 4 more ...; generated: undefined; }, {}, {}>' is missing the following properties from type 'Aliased<string | null | undefined>': sql, fieldAlias
  Overload 3 of 3, '(left: never, right: unknown): SQL<unknown>', gave the following error.
    Argument of type 'PgColumn<{ name: "tenant_id"; tableName: "route_incidents"; dataType: "string"; columnType: "PgText"; data: string; driverParam: string; notNull: true; hasDefault: false; isPrimaryKey: false; isAutoincrement: false; ... 4 more ...; generated: undefined; }, {}, {}>' is not assignable to parameter of type 'never'.
src/router/driver.ts(507,5): error TS2578: Unused '@ts-expect-error' directive.
src/router/driver.ts(521,11): error TS2769: No overload matches this call.
  Overload 1 of 3, '(left: PgColumn<{ name: "tenant_id"; tableName: "route_loads"; dataType: "string"; columnType: "PgText"; data: string; driverParam: string; notNull: true; hasDefault: false; isPrimaryKey: false; isAutoincrement: false; ... 4 more ...; generated: undefined; }, {}, {}>, right: string | SQLWrapper): SQL<...>', gave the following error.
    Argument of type 'string | null | undefined' is not assignable to parameter of type 'string | SQLWrapper'.
      Type 'undefined' is not assignable to type 'string | SQLWrapper'.
  Overload 2 of 3, '(left: Aliased<string | null | undefined>, right: string | SQLWrapper | null | undefined): SQL<unknown>', gave the following error.
    Argument of type 'PgColumn<{ name: "tenant_id"; tableName: "route_loads"; dataType: "string"; columnType: "PgText"; data: string; driverParam: string; notNull: true; hasDefault: false; isPrimaryKey: false; isAutoincrement: false; ... 4 more ...; generated: undefined; }, {}, {}>' is not assignable to parameter of type 'Aliased<string | null | undefined>'.
      Type 'PgColumn<{ name: "tenant_id"; tableName: "route_loads"; dataType: "string"; columnType: "PgText"; data: string; driverParam: string; notNull: true; hasDefault: false; isPrimaryKey: false; isAutoincrement: false; ... 4 more ...; generated: undefined; }, {}, {}>' is missing the following properties from type 'Aliased<string | null | undefined>': sql, fieldAlias
  Overload 3 of 3, '(left: never, right: unknown): SQL<unknown>', gave the following error.
    Argument of type 'PgColumn<{ name: "tenant_id"; tableName: "route_loads"; dataType: "string"; columnType: "PgText"; data: string; driverParam: string; notNull: true; hasDefault: false; isPrimaryKey: false; isAutoincrement: false; ... 4 more ...; generated: undefined; }, {}, {}>' is not assignable to parameter of type 'never'.
src/router/driver.ts(537,13): error TS2769: No overload matches this call.
  Overload 1 of 3, '(left: PgColumn<{ name: "tenant_id"; tableName: "orders"; dataType: "string"; columnType: "PgText"; data: string; driverParam: string; notNull: true; hasDefault: false; isPrimaryKey: false; isAutoincrement: false; ... 4 more ...; generated: undefined; }, {}, {}>, right: string | SQLWrapper): SQL<...>', gave the following error.
    Argument of type 'string | null | undefined' is not assignable to parameter of type 'string | SQLWrapper'.
      Type 'undefined' is not assignable to type 'string | SQLWrapper'.
  Overload 2 of 3, '(left: Aliased<string | null | undefined>, right: string | SQLWrapper | null | undefined): SQL<unknown>', gave the following error.
    Argument of type 'PgColumn<{ name: "tenant_id"; tableName: "orders"; dataType: "string"; columnType: "PgText"; data: string; driverParam: string; notNull: true; hasDefault: false; isPrimaryKey: false; isAutoincrement: false; ... 4 more ...; generated: undefined; }, {}, {}>' is not assignable to parameter of type 'Aliased<string | null | undefined>'.
      Type 'PgColumn<{ name: "tenant_id"; tableName: "orders"; dataType: "string"; columnType: "PgText"; data: string; driverParam: string; notNull: true; hasDefault: false; isPrimaryKey: false; isAutoincrement: false; ... 4 more ...; generated: undefined; }, {}, {}>' is missing the following properties from type 'Aliased<string | null | undefined>': sql, fieldAlias
  Overload 3 of 3, '(left: never, right: unknown): SQL<unknown>', gave the following error.
    Argument of type 'PgColumn<{ name: "tenant_id"; tableName: "orders"; dataType: "string"; columnType: "PgText"; data: string; driverParam: string; notNull: true; hasDefault: false; isPrimaryKey: false; isAutoincrement: false; ... 4 more ...; generated: undefined; }, {}, {}>' is not assignable to parameter of type 'never'.
src/router/drivers.ts(25,7): error TS2578: Unused '@ts-expect-error' directive.
src/router/drivers.ts(33,11): error TS2345: Argument of type 'SQL<unknown> | undefined' is not assignable to parameter of type 'SQL<unknown>'.
  Type 'undefined' is not assignable to type 'SQL<unknown>'.
src/router/drivers.ts(78,7): error TS2578: Unused '@ts-expect-error' directive.
src/router/drivers.ts(83,32): error TS2769: No overload matches this call.
  Overload 1 of 2, '(value: { tenantId: string | SQL<unknown> | Placeholder<string, any>; email: string | SQL<unknown> | Placeholder<string, any>; id: string | SQL<unknown> | Placeholder<...>; ... 9 more ...; rating?: string | ... 3 more ... | undefined; }): PgInsertBase<...> | PgInsertBase<...>', gave the following error.
    Type 'string | null | undefined' is not assignable to type 'string | SQL<unknown> | Placeholder<string, any>'.
      Type 'undefined' is not assignable to type 'string | SQL<unknown> | Placeholder<string, any>'.
  Overload 2 of 2, '(values: { tenantId: string | SQL<unknown> | Placeholder<string, any>; email: string | SQL<unknown> | Placeholder<string, any>; id: string | SQL<unknown> | Placeholder<...>; ... 9 more ...; rating?: string | ... 3 more ... | undefined; }[]): PgInsertBase<...> | PgInsertBase<...>', gave the following error.
    Object literal may only specify known properties, and 'status' does not exist in type '{ tenantId: string | SQL<unknown> | Placeholder<string, any>; email: string | SQL<unknown> | Placeholder<string, any>; id: string | SQL<unknown> | Placeholder<string, any>; ... 9 more ...; rating?: string | ... 3 more ... | undefined; }[]'.
src/router/drivers.ts(109,7): error TS2578: Unused '@ts-expect-error' directive.
src/router/drivers.ts(116,40): error TS2769: No overload matches this call.
  Overload 1 of 3, '(left: PgColumn<{ name: "tenant_id"; tableName: "drivers"; dataType: "string"; columnType: "PgText"; data: string; driverParam: string; notNull: true; hasDefault: false; isPrimaryKey: false; isAutoincrement: false; ... 4 more ...; generated: undefined; }, {}, {}>, right: string | SQLWrapper): SQL<...>', gave the following error.
    Argument of type 'string | null | undefined' is not assignable to parameter of type 'string | SQLWrapper'.
      Type 'undefined' is not assignable to type 'string | SQLWrapper'.
  Overload 2 of 3, '(left: Aliased<string | null | undefined>, right: string | SQLWrapper | null | undefined): SQL<unknown>', gave the following error.
    Argument of type 'PgColumn<{ name: "tenant_id"; tableName: "drivers"; dataType: "string"; columnType: "PgText"; data: string; driverParam: string; notNull: true; hasDefault: false; isPrimaryKey: false; isAutoincrement: false; ... 4 more ...; generated: undefined; }, {}, {}>' is not assignable to parameter of type 'Aliased<string | null | undefined>'.
      Type 'PgColumn<{ name: "tenant_id"; tableName: "drivers"; dataType: "string"; columnType: "PgText"; data: string; driverParam: string; notNull: true; hasDefault: false; isPrimaryKey: false; isAutoincrement: false; ... 4 more ...; generated: undefined; }, {}, {}>' is missing the following properties from type 'Aliased<string | null | undefined>': sql, fieldAlias
  Overload 3 of 3, '(left: never, right: unknown): SQL<unknown>', gave the following error.
    Argument of type 'PgColumn<{ name: "tenant_id"; tableName: "drivers"; dataType: "string"; columnType: "PgText"; data: string; driverParam: string; notNull: true; hasDefault: false; isPrimaryKey: false; isAutoincrement: false; ... 4 more ...; generated: undefined; }, {}, {}>' is not assignable to parameter of type 'never'.
src/router/drivers.ts(127,7): error TS2578: Unused '@ts-expect-error' directive.
src/router/drivers.ts(132,46): error TS2769: No overload matches this call.
  Overload 1 of 3, '(left: PgColumn<{ name: "tenant_id"; tableName: "drivers"; dataType: "string"; columnType: "PgText"; data: string; driverParam: string; notNull: true; hasDefault: false; isPrimaryKey: false; isAutoincrement: false; ... 4 more ...; generated: undefined; }, {}, {}>, right: string | SQLWrapper): SQL<...>', gave the following error.
    Argument of type 'string | null | undefined' is not assignable to parameter of type 'string | SQLWrapper'.
      Type 'undefined' is not assignable to type 'string | SQLWrapper'.
  Overload 2 of 3, '(left: Aliased<string | null | undefined>, right: string | SQLWrapper | null | undefined): SQL<unknown>', gave the following error.
    Argument of type 'PgColumn<{ name: "tenant_id"; tableName: "drivers"; dataType: "string"; columnType: "PgText"; data: string; driverParam: string; notNull: true; hasDefault: false; isPrimaryKey: false; isAutoincrement: false; ... 4 more ...; generated: undefined; }, {}, {}>' is not assignable to parameter of type 'Aliased<string | null | undefined>'.
      Type 'PgColumn<{ name: "tenant_id"; tableName: "drivers"; dataType: "string"; columnType: "PgText"; data: string; driverParam: string; notNull: true; hasDefault: false; isPrimaryKey: false; isAutoincrement: false; ... 4 more ...; generated: undefined; }, {}, {}>' is missing the following properties from type 'Aliased<string | null | undefined>': sql, fieldAlias
  Overload 3 of 3, '(left: never, right: unknown): SQL<unknown>', gave the following error.
    Argument of type 'PgColumn<{ name: "tenant_id"; tableName: "drivers"; dataType: "string"; columnType: "PgText"; data: string; driverParam: string; notNull: true; hasDefault: false; isPrimaryKey: false; isAutoincrement: false; ... 4 more ...; generated: undefined; }, {}, {}>' is not assignable to parameter of type 'never'.
src/router/faq.ts(31,7): error TS2578: Unused '@ts-expect-error' directive.
src/router/faq.ts(82,7): error TS2578: Unused '@ts-expect-error' directive.
src/router/faq.ts(114,7): error TS2578: Unused '@ts-expect-error' directive.
src/router/faq.ts(146,7): error TS2578: Unused '@ts-expect-error' directive.
src/router/faq.ts(178,7): error TS2578: Unused '@ts-expect-error' directive.
src/router/faq.ts(240,7): error TS2578: Unused '@ts-expect-error' directive.
src/router/faq.ts(278,7): error TS2578: Unused '@ts-expect-error' directive.
src/router/faq.ts(313,7): error TS2578: Unused '@ts-expect-error' directive.
src/router/faq.ts(348,7): error TS2578: Unused '@ts-expect-error' directive.
src/router/faq.ts(369,5): error TS2578: Unused '@ts-expect-error' directive.
src/router/faq.ts(400,7): error TS2578: Unused '@ts-expect-error' directive.
src/router/invitations.ts(38,5): error TS2578: Unused '@ts-expect-error' directive.
src/router/invitations.ts(68,5): error TS2578: Unused '@ts-expect-error' directive.
src/router/invitations.ts(104,7): error TS2578: Unused '@ts-expect-error' directive.
src/router/invitations.ts(254,7): error TS2578: Unused '@ts-expect-error' directive.
src/router/invitations.ts(290,7): error TS2578: Unused '@ts-expect-error' directive.
src/router/invitations.ts(330,7): error TS2578: Unused '@ts-expect-error' directive.
src/router/operations.ts(101,7): error TS2578: Unused '@ts-expect-error' directive.
src/router/operations.ts(276,7): error TS2578: Unused '@ts-expect-error' directive.
src/router/operations.ts(332,7): error TS2578: Unused '@ts-expect-error' directive.
src/router/operations.ts(404,7): error TS2578: Unused '@ts-expect-error' directive.
src/router/operations.ts(440,7): error TS2578: Unused '@ts-expect-error' directive.
src/router/operations.ts(506,7): error TS2578: Unused '@ts-expect-error' directive.
src/router/operations.ts(622,7): error TS2578: Unused '@ts-expect-error' directive.
src/router/operations.ts(653,7): error TS2578: Unused '@ts-expect-error' directive.
src/router/operations.ts(709,7): error TS2578: Unused '@ts-expect-error' directive.
src/router/operations.ts(750,7): error TS2578: Unused '@ts-expect-error' directive.
src/router/operations.ts(772,7): error TS2578: Unused '@ts-expect-error' directive.
src/router/operations.ts(867,7): error TS2578: Unused '@ts-expect-error' directive.
src/router/operations.ts(904,7): error TS2578: Unused '@ts-expect-error' directive.
src/router/operations.ts(955,7): error TS2578: Unused '@ts-expect-error' directive.
src/router/operations.ts(990,5): error TS2578: Unused '@ts-expect-error' directive.
src/router/orders.ts(235,45): error TS2769: No overload matches this call.
  Overload 1 of 3, '(left: PgColumn<{ name: "tenant_id"; tableName: "orders"; dataType: "string"; columnType: "PgText"; data: string; driverParam: string; notNull: true; hasDefault: false; isPrimaryKey: false; isAutoincrement: false; ... 4 more ...; generated: undefined; }, {}, {}>, right: string | SQLWrapper): SQL<...>', gave the following error.
    Argument of type 'string | null | undefined' is not assignable to parameter of type 'string | SQLWrapper'.
      Type 'undefined' is not assignable to type 'string | SQLWrapper'.
  Overload 2 of 3, '(left: Aliased<string | null | undefined>, right: string | SQLWrapper | null | undefined): SQL<unknown>', gave the following error.
    Argument of type 'PgColumn<{ name: "tenant_id"; tableName: "orders"; dataType: "string"; columnType: "PgText"; data: string; driverParam: string; notNull: true; hasDefault: false; isPrimaryKey: false; isAutoincrement: false; ... 4 more ...; generated: undefined; }, {}, {}>' is not assignable to parameter of type 'Aliased<string | null | undefined>'.
      Type 'PgColumn<{ name: "tenant_id"; tableName: "orders"; dataType: "string"; columnType: "PgText"; data: string; driverParam: string; notNull: true; hasDefault: false; isPrimaryKey: false; isAutoincrement: false; ... 4 more ...; generated: undefined; }, {}, {}>' is missing the following properties from type 'Aliased<string | null | undefined>': sql, fieldAlias
  Overload 3 of 3, '(left: never, right: unknown): SQL<unknown>', gave the following error.
    Argument of type 'PgColumn<{ name: "tenant_id"; tableName: "orders"; dataType: "string"; columnType: "PgText"; data: string; driverParam: string; notNull: true; hasDefault: false; isPrimaryKey: false; isAutoincrement: false; ... 4 more ...; generated: undefined; }, {}, {}>' is not assignable to parameter of type 'never'.
src/router/orders.ts(248,37): error TS2769: No overload matches this call.
  Overload 1 of 2, '(value: { tenantId: string | SQL<unknown> | Placeholder<string, any>; id: string | SQL<unknown> | Placeholder<string, any>; orderId: string | SQL<unknown> | Placeholder<...>; ... 5 more ...; previousStatus?: SQL<...> | ... 8 more ... | undefined; }): PgInsertBase<...> | PgInsertBase<...>', gave the following error.
    Type 'string | null | undefined' is not assignable to type 'string | SQL<unknown> | Placeholder<string, any>'.
      Type 'undefined' is not assignable to type 'string | SQL<unknown> | Placeholder<string, any>'.
  Overload 2 of 2, '(values: { tenantId: string | SQL<unknown> | Placeholder<string, any>; id: string | SQL<unknown> | Placeholder<string, any>; orderId: string | SQL<unknown> | Placeholder<...>; ... 5 more ...; previousStatus?: SQL<...> | ... 8 more ... | undefined; }[]): PgInsertBase<...> | PgInsertBase<...>', gave the following error.
    Object literal may only specify known properties, and 'id' does not exist in type '{ tenantId: string | SQL<unknown> | Placeholder<string, any>; id: string | SQL<unknown> | Placeholder<string, any>; orderId: string | SQL<unknown> | Placeholder<string, any>; ... 5 more ...; previousStatus?: SQL<...> | ... 8 more ... | undefined; }[]'.
src/router/post.ts(28,7): error TS2578: Unused '@ts-expect-error' directive.
src/router/post.ts(32,29): error TS2769: No overload matches this call.
  Overload 1 of 2, '(value: { tenantId: string | SQL<unknown> | Placeholder<string, any>; title: string | SQL<unknown> | Placeholder<string, any>; content: string | SQL<unknown> | Placeholder<...>; id?: string | ... 2 more ... | undefined; createdAt?: Date | ... 2 more ... | undefined; updatedAt?: Date | ... 3 more ... | undefined; }): PgInsertBase<...> | PgInsertBase<...>', gave the following error.
    Type 'string | null | undefined' is not assignable to type 'string | SQL<unknown> | Placeholder<string, any>'.
      Type 'undefined' is not assignable to type 'string | SQL<unknown> | Placeholder<string, any>'.
  Overload 2 of 2, '(values: { tenantId: string | SQL<unknown> | Placeholder<string, any>; title: string | SQL<unknown> | Placeholder<string, any>; content: string | SQL<unknown> | Placeholder<...>; id?: string | ... 2 more ... | undefined; createdAt?: Date | ... 2 more ... | undefined; updatedAt?: Date | ... 3 more ... | undefined; }[]): PgInsertBase<...> | PgInsertBase<...>', gave the following error.
    Object literal may only specify known properties, and 'tenantId' does not exist in type '{ tenantId: string | SQL<unknown> | Placeholder<string, any>; title: string | SQL<unknown> | Placeholder<string, any>; content: string | SQL<unknown> | Placeholder<...>; id?: string | ... 2 more ... | undefined; createdAt?: Date | ... 2 more ... | undefined; updatedAt?: Date | ... 3 more ... | undefined; }[]'.
src/router/routeLoads.ts(27,7): error TS2578: Unused '@ts-expect-error' directive.
src/router/routeLoads.ts(87,7): error TS2578: Unused '@ts-expect-error' directive.
src/router/routeLoads.ts(135,7): error TS2578: Unused '@ts-expect-error' directive.
src/router/routeLoads.ts(179,7): error TS2578: Unused '@ts-expect-error' directive.
src/router/routeLoads.ts(253,46): error TS2769: No overload matches this call.
  Overload 1 of 2, '(value: { tenantId: string | SQL<unknown> | Placeholder<string, any>; id: string | SQL<unknown> | Placeholder<string, any>; routeLoadId: string | SQL<unknown> | Placeholder<...>; ... 8 more ...; weightPerUnit?: number | ... 3 more ... | undefined; }): PgInsertBase<...> | PgInsertBase<...>', gave the following error.
    Argument of type '{ id: `${string}-${string}-${string}-${string}-${string}`; tenantId: string | null | undefined; routeLoadId: string; itemType: "by_serial" | "by_quantity"; assetType: "cylinder" | "tank" | undefined; ... 5 more ...; notes: string | undefined; }[]' is not assignable to parameter of type '{ tenantId: string | SQL<unknown> | Placeholder<string, any>; id: string | SQL<unknown> | Placeholder<string, any>; routeLoadId: string | SQL<unknown> | Placeholder<...>; ... 8 more ...; weightPerUnit?: number | ... 3 more ... | undefined; }'.
      Type '{ id: `${string}-${string}-${string}-${string}-${string}`; tenantId: string | null | undefined; routeLoadId: string; itemType: "by_serial" | "by_quantity"; assetType: "cylinder" | "tank" | undefined; ... 5 more ...; notes: string | undefined; }[]' is missing the following properties from type '{ tenantId: string | SQL<unknown> | Placeholder<string, any>; id: string | SQL<unknown> | Placeholder<string, any>; routeLoadId: string | SQL<unknown> | Placeholder<...>; ... 8 more ...; weightPerUnit?: number | ... 3 more ... | undefined; }': tenantId, id, routeLoadId, itemType, and 2 more.
  Overload 2 of 2, '(values: { tenantId: string | SQL<unknown> | Placeholder<string, any>; id: string | SQL<unknown> | Placeholder<string, any>; routeLoadId: string | SQL<unknown> | Placeholder<...>; ... 8 more ...; weightPerUnit?: number | ... 3 more ... | undefined; }[]): PgInsertBase<...> | PgInsertBase<...>', gave the following error.
    Argument of type '{ id: `${string}-${string}-${string}-${string}-${string}`; tenantId: string | null | undefined; routeLoadId: string; itemType: "by_serial" | "by_quantity"; assetType: "cylinder" | "tank" | undefined; ... 5 more ...; notes: string | undefined; }[]' is not assignable to parameter of type '{ tenantId: string | SQL<unknown> | Placeholder<string, any>; id: string | SQL<unknown> | Placeholder<string, any>; routeLoadId: string | SQL<unknown> | Placeholder<...>; ... 8 more ...; weightPerUnit?: number | ... 3 more ... | undefined; }[]'.
      Type '{ id: `${string}-${string}-${string}-${string}-${string}`; tenantId: string | null | undefined; routeLoadId: string; itemType: "by_serial" | "by_quantity"; assetType: "cylinder" | "tank" | undefined; ... 5 more ...; notes: string | undefined; }' is not assignable to type '{ tenantId: string | SQL<unknown> | Placeholder<string, any>; id: string | SQL<unknown> | Placeholder<string, any>; routeLoadId: string | SQL<unknown> | Placeholder<...>; ... 8 more ...; weightPerUnit?: number | ... 3 more ... | undefined; }'.
        Types of property 'tenantId' are incompatible.
          Type 'string | null | undefined' is not assignable to type 'string | SQL<unknown> | Placeholder<string, any>'.
            Type 'undefined' is not assignable to type 'string | SQL<unknown> | Placeholder<string, any>'.
src/router/routeLoads.ts(284,7): error TS2578: Unused '@ts-expect-error' directive.
src/router/routeLoads.ts(331,7): error TS2578: Unused '@ts-expect-error' directive.
src/router/routeLoads.ts(371,7): error TS2578: Unused '@ts-expect-error' directive.
src/router/routeLoads.ts(430,5): error TS2578: Unused '@ts-expect-error' directive.
src/router/routeLoads.ts(469,7): error TS2578: Unused '@ts-expect-error' directive.
src/router/routeLoads.ts(525,5): error TS2578: Unused '@ts-expect-error' directive.
