src/router/certifications.ts(41,13): error TS2769: No overload matches this call.
  Overload 1 of 3, '(left: PgColumn<{ name: "tenant_id"; tableName: "driver_certifications"; dataType: "string"; columnType: "PgText"; data: string; driverParam: string; notNull: true; hasDefault: false; isPrimaryKey: false; ... 5 more ...; generated: undefined; }, {}, {}>, right: string | SQLWrapper): SQL<...>', gave the following error.
    Argument of type 'string | null | undefined' is not assignable to parameter of type 'string | SQLWrapper'.
      Type 'undefined' is not assignable to type 'string | SQLWrapper'.
  Overload 2 of 3, '(left: Aliased<string | null | undefined>, right: string | SQLWrapper | null | undefined): SQL<unknown>', gave the following error.
    Argument of type 'PgColumn<{ name: "tenant_id"; tableName: "driver_certifications"; dataType: "string"; columnType: "PgText"; data: string; driverParam: string; notNull: true; hasDefault: false; isPrimaryKey: false; ... 5 more ...; generated: undefined; }, {}, {}>' is not assignable to parameter of type 'Aliased<string | null | undefined>'.
      Type 'PgColumn<{ name: "tenant_id"; tableName: "driver_certifications"; dataType: "string"; columnType: "PgText"; data: string; driverParam: string; notNull: true; hasDefault: false; isPrimaryKey: false; ... 5 more ...; generated: undefined; }, {}, {}>' is missing the following properties from type 'Aliased<string | null | undefined>': sql, fieldAlias
  Overload 3 of 3, '(left: never, right: unknown): SQL<unknown>', gave the following error.
    Argument of type 'PgColumn<{ name: "tenant_id"; tableName: "driver_certifications"; dataType: "string"; columnType: "PgText"; data: string; driverParam: string; notNull: true; hasDefault: false; isPrimaryKey: false; ... 5 more ...; generated: undefined; }, {}, {}>' is not assignable to parameter of type 'never'.
src/router/certifications.ts(87,27): error TS2769: No overload matches this call.
  Overload 1 of 3, '(left: PgColumn<{ name: "tenant_id"; tableName: "driver_certifications"; dataType: "string"; columnType: "PgText"; data: string; driverParam: string; notNull: true; hasDefault: false; isPrimaryKey: false; ... 5 more ...; generated: undefined; }, {}, {}>, right: string | SQLWrapper): SQL<...>', gave the following error.
    Argument of type 'string | null | undefined' is not assignable to parameter of type 'string | SQLWrapper'.
      Type 'undefined' is not assignable to type 'string | SQLWrapper'.
  Overload 2 of 3, '(left: Aliased<string | null | undefined>, right: string | SQLWrapper | null | undefined): SQL<unknown>', gave the following error.
    Argument of type 'PgColumn<{ name: "tenant_id"; tableName: "driver_certifications"; dataType: "string"; columnType: "PgText"; data: string; driverParam: string; notNull: true; hasDefault: false; isPrimaryKey: false; ... 5 more ...; generated: undefined; }, {}, {}>' is not assignable to parameter of type 'Aliased<string | null | undefined>'.
      Type 'PgColumn<{ name: "tenant_id"; tableName: "driver_certifications"; dataType: "string"; columnType: "PgText"; data: string; driverParam: string; notNull: true; hasDefault: false; isPrimaryKey: false; ... 5 more ...; generated: undefined; }, {}, {}>' is missing the following properties from type 'Aliased<string | null | undefined>': sql, fieldAlias
  Overload 3 of 3, '(left: never, right: unknown): SQL<unknown>', gave the following error.
    Argument of type 'PgColumn<{ name: "tenant_id"; tableName: "driver_certifications"; dataType: "string"; columnType: "PgText"; data: string; driverParam: string; notNull: true; hasDefault: false; isPrimaryKey: false; ... 5 more ...; generated: undefined; }, {}, {}>' is not assignable to parameter of type 'never'.
src/router/certifications.ts(138,35): error TS2769: No overload matches this call.
  Overload 1 of 3, '(left: PgColumn<{ name: "tenant_id"; tableName: "driver_certifications"; dataType: "string"; columnType: "PgText"; data: string; driverParam: string; notNull: true; hasDefault: false; isPrimaryKey: false; ... 5 more ...; generated: undefined; }, {}, {}>, right: string | SQLWrapper): SQL<...>', gave the following error.
    Argument of type 'string | null | undefined' is not assignable to parameter of type 'string | SQLWrapper'.
      Type 'undefined' is not assignable to type 'string | SQLWrapper'.
  Overload 2 of 3, '(left: Aliased<string | null | undefined>, right: string | SQLWrapper | null | undefined): SQL<unknown>', gave the following error.
    Argument of type 'PgColumn<{ name: "tenant_id"; tableName: "driver_certifications"; dataType: "string"; columnType: "PgText"; data: string; driverParam: string; notNull: true; hasDefault: false; isPrimaryKey: false; ... 5 more ...; generated: undefined; }, {}, {}>' is not assignable to parameter of type 'Aliased<string | null | undefined>'.
      Type 'PgColumn<{ name: "tenant_id"; tableName: "driver_certifications"; dataType: "string"; columnType: "PgText"; data: string; driverParam: string; notNull: true; hasDefault: false; isPrimaryKey: false; ... 5 more ...; generated: undefined; }, {}, {}>' is missing the following properties from type 'Aliased<string | null | undefined>': sql, fieldAlias
  Overload 3 of 3, '(left: never, right: unknown): SQL<unknown>', gave the following error.
    Argument of type 'PgColumn<{ name: "tenant_id"; tableName: "driver_certifications"; dataType: "string"; columnType: "PgText"; data: string; driverParam: string; notNull: true; hasDefault: false; isPrimaryKey: false; ... 5 more ...; generated: undefined; }, {}, {}>' is not assignable to parameter of type 'never'.
src/router/certifications.ts(260,13): error TS2769: No overload matches this call.
  Overload 1 of 3, '(left: PgColumn<{ name: "tenant_id"; tableName: "driver_certifications"; dataType: "string"; columnType: "PgText"; data: string; driverParam: string; notNull: true; hasDefault: false; isPrimaryKey: false; ... 5 more ...; generated: undefined; }, {}, {}>, right: string | SQLWrapper): SQL<...>', gave the following error.
    Argument of type 'string | null | undefined' is not assignable to parameter of type 'string | SQLWrapper'.
      Type 'undefined' is not assignable to type 'string | SQLWrapper'.
  Overload 2 of 3, '(left: Aliased<string | null | undefined>, right: string | SQLWrapper | null | undefined): SQL<unknown>', gave the following error.
    Argument of type 'PgColumn<{ name: "tenant_id"; tableName: "driver_certifications"; dataType: "string"; columnType: "PgText"; data: string; driverParam: string; notNull: true; hasDefault: false; isPrimaryKey: false; ... 5 more ...; generated: undefined; }, {}, {}>' is not assignable to parameter of type 'Aliased<string | null | undefined>'.
      Type 'PgColumn<{ name: "tenant_id"; tableName: "driver_certifications"; dataType: "string"; columnType: "PgText"; data: string; driverParam: string; notNull: true; hasDefault: false; isPrimaryKey: false; ... 5 more ...; generated: undefined; }, {}, {}>' is missing the following properties from type 'Aliased<string | null | undefined>': sql, fieldAlias
  Overload 3 of 3, '(left: never, right: unknown): SQL<unknown>', gave the following error.
    Argument of type 'PgColumn<{ name: "tenant_id"; tableName: "driver_certifications"; dataType: "string"; columnType: "PgText"; data: string; driverParam: string; notNull: true; hasDefault: false; isPrimaryKey: false; ... 5 more ...; generated: undefined; }, {}, {}>' is not assignable to parameter of type 'never'.
src/router/certifications.ts(294,35): error TS2769: No overload matches this call.
  Overload 1 of 3, '(left: PgColumn<{ name: "tenant_id"; tableName: "driver_certifications"; dataType: "string"; columnType: "PgText"; data: string; driverParam: string; notNull: true; hasDefault: false; isPrimaryKey: false; ... 5 more ...; generated: undefined; }, {}, {}>, right: string | SQLWrapper): SQL<...>', gave the following error.
    Argument of type 'string | null | undefined' is not assignable to parameter of type 'string | SQLWrapper'.
      Type 'undefined' is not assignable to type 'string | SQLWrapper'.
  Overload 2 of 3, '(left: Aliased<string | null | undefined>, right: string | SQLWrapper | null | undefined): SQL<unknown>', gave the following error.
    Argument of type 'PgColumn<{ name: "tenant_id"; tableName: "driver_certifications"; dataType: "string"; columnType: "PgText"; data: string; driverParam: string; notNull: true; hasDefault: false; isPrimaryKey: false; ... 5 more ...; generated: undefined; }, {}, {}>' is not assignable to parameter of type 'Aliased<string | null | undefined>'.
      Type 'PgColumn<{ name: "tenant_id"; tableName: "driver_certifications"; dataType: "string"; columnType: "PgText"; data: string; driverParam: string; notNull: true; hasDefault: false; isPrimaryKey: false; ... 5 more ...; generated: undefined; }, {}, {}>' is missing the following properties from type 'Aliased<string | null | undefined>': sql, fieldAlias
  Overload 3 of 3, '(left: never, right: unknown): SQL<unknown>', gave the following error.
    Argument of type 'PgColumn<{ name: "tenant_id"; tableName: "driver_certifications"; dataType: "string"; columnType: "PgText"; data: string; driverParam: string; notNull: true; hasDefault: false; isPrimaryKey: false; ... 5 more ...; generated: undefined; }, {}, {}>' is not assignable to parameter of type 'never'.
src/router/certifications.ts(320,13): error TS2769: No overload matches this call.
  Overload 1 of 3, '(left: PgColumn<{ name: "tenant_id"; tableName: "driver_certifications"; dataType: "string"; columnType: "PgText"; data: string; driverParam: string; notNull: true; hasDefault: false; isPrimaryKey: false; ... 5 more ...; generated: undefined; }, {}, {}>, right: string | SQLWrapper): SQL<...>', gave the following error.
    Argument of type 'string | null | undefined' is not assignable to parameter of type 'string | SQLWrapper'.
      Type 'undefined' is not assignable to type 'string | SQLWrapper'.
  Overload 2 of 3, '(left: Aliased<string | null | undefined>, right: string | SQLWrapper | null | undefined): SQL<unknown>', gave the following error.
    Argument of type 'PgColumn<{ name: "tenant_id"; tableName: "driver_certifications"; dataType: "string"; columnType: "PgText"; data: string; driverParam: string; notNull: true; hasDefault: false; isPrimaryKey: false; ... 5 more ...; generated: undefined; }, {}, {}>' is not assignable to parameter of type 'Aliased<string | null | undefined>'.
      Type 'PgColumn<{ name: "tenant_id"; tableName: "driver_certifications"; dataType: "string"; columnType: "PgText"; data: string; driverParam: string; notNull: true; hasDefault: false; isPrimaryKey: false; ... 5 more ...; generated: undefined; }, {}, {}>' is missing the following properties from type 'Aliased<string | null | undefined>': sql, fieldAlias
  Overload 3 of 3, '(left: never, right: unknown): SQL<unknown>', gave the following error.
    Argument of type 'PgColumn<{ name: "tenant_id"; tableName: "driver_certifications"; dataType: "string"; columnType: "PgText"; data: string; driverParam: string; notNull: true; hasDefault: false; isPrimaryKey: false; ... 5 more ...; generated: undefined; }, {}, {}>' is not assignable to parameter of type 'never'.
src/router/certifications.ts(351,13): error TS2769: No overload matches this call.
  Overload 1 of 3, '(left: PgColumn<{ name: "tenant_id"; tableName: "driver_certifications"; dataType: "string"; columnType: "PgText"; data: string; driverParam: string; notNull: true; hasDefault: false; isPrimaryKey: false; ... 5 more ...; generated: undefined; }, {}, {}>, right: string | SQLWrapper): SQL<...>', gave the following error.
    Argument of type 'string | null | undefined' is not assignable to parameter of type 'string | SQLWrapper'.
      Type 'undefined' is not assignable to type 'string | SQLWrapper'.
  Overload 2 of 3, '(left: Aliased<string | null | undefined>, right: string | SQLWrapper | null | undefined): SQL<unknown>', gave the following error.
    Argument of type 'PgColumn<{ name: "tenant_id"; tableName: "driver_certifications"; dataType: "string"; columnType: "PgText"; data: string; driverParam: string; notNull: true; hasDefault: false; isPrimaryKey: false; ... 5 more ...; generated: undefined; }, {}, {}>' is not assignable to parameter of type 'Aliased<string | null | undefined>'.
      Type 'PgColumn<{ name: "tenant_id"; tableName: "driver_certifications"; dataType: "string"; columnType: "PgText"; data: string; driverParam: string; notNull: true; hasDefault: false; isPrimaryKey: false; ... 5 more ...; generated: undefined; }, {}, {}>' is missing the following properties from type 'Aliased<string | null | undefined>': sql, fieldAlias
  Overload 3 of 3, '(left: never, right: unknown): SQL<unknown>', gave the following error.
    Argument of type 'PgColumn<{ name: "tenant_id"; tableName: "driver_certifications"; dataType: "string"; columnType: "PgText"; data: string; driverParam: string; notNull: true; hasDefault: false; isPrimaryKey: false; ... 5 more ...; generated: undefined; }, {}, {}>' is not assignable to parameter of type 'never'.
src/router/certifications.ts(392,13): error TS2769: No overload matches this call.
  Overload 1 of 3, '(left: PgColumn<{ name: "tenant_id"; tableName: "driver_certifications"; dataType: "string"; columnType: "PgText"; data: string; driverParam: string; notNull: true; hasDefault: false; isPrimaryKey: false; ... 5 more ...; generated: undefined; }, {}, {}>, right: string | SQLWrapper): SQL<...>', gave the following error.
    Argument of type 'string | null | undefined' is not assignable to parameter of type 'string | SQLWrapper'.
      Type 'undefined' is not assignable to type 'string | SQLWrapper'.
  Overload 2 of 3, '(left: Aliased<string | null | undefined>, right: string | SQLWrapper | null | undefined): SQL<unknown>', gave the following error.
    Argument of type 'PgColumn<{ name: "tenant_id"; tableName: "driver_certifications"; dataType: "string"; columnType: "PgText"; data: string; driverParam: string; notNull: true; hasDefault: false; isPrimaryKey: false; ... 5 more ...; generated: undefined; }, {}, {}>' is not assignable to parameter of type 'Aliased<string | null | undefined>'.
      Type 'PgColumn<{ name: "tenant_id"; tableName: "driver_certifications"; dataType: "string"; columnType: "PgText"; data: string; driverParam: string; notNull: true; hasDefault: false; isPrimaryKey: false; ... 5 more ...; generated: undefined; }, {}, {}>' is missing the following properties from type 'Aliased<string | null | undefined>': sql, fieldAlias
  Overload 3 of 3, '(left: never, right: unknown): SQL<unknown>', gave the following error.
    Argument of type 'PgColumn<{ name: "tenant_id"; tableName: "driver_certifications"; dataType: "string"; columnType: "PgText"; data: string; driverParam: string; notNull: true; hasDefault: false; isPrimaryKey: false; ... 5 more ...; generated: undefined; }, {}, {}>' is not assignable to parameter of type 'never'.
src/router/certifications.ts(428,11): error TS2769: No overload matches this call.
  Overload 1 of 3, '(left: PgColumn<{ name: "tenant_id"; tableName: "driver_certifications"; dataType: "string"; columnType: "PgText"; data: string; driverParam: string; notNull: true; hasDefault: false; isPrimaryKey: false; ... 5 more ...; generated: undefined; }, {}, {}>, right: string | SQLWrapper): SQL<...>', gave the following error.
    Argument of type 'string | null | undefined' is not assignable to parameter of type 'string | SQLWrapper'.
      Type 'undefined' is not assignable to type 'string | SQLWrapper'.
  Overload 2 of 3, '(left: Aliased<string | null | undefined>, right: string | SQLWrapper | null | undefined): SQL<unknown>', gave the following error.
    Argument of type 'PgColumn<{ name: "tenant_id"; tableName: "driver_certifications"; dataType: "string"; columnType: "PgText"; data: string; driverParam: string; notNull: true; hasDefault: false; isPrimaryKey: false; ... 5 more ...; generated: undefined; }, {}, {}>' is not assignable to parameter of type 'Aliased<string | null | undefined>'.
      Type 'PgColumn<{ name: "tenant_id"; tableName: "driver_certifications"; dataType: "string"; columnType: "PgText"; data: string; driverParam: string; notNull: true; hasDefault: false; isPrimaryKey: false; ... 5 more ...; generated: undefined; }, {}, {}>' is missing the following properties from type 'Aliased<string | null | undefined>': sql, fieldAlias
  Overload 3 of 3, '(left: never, right: unknown): SQL<unknown>', gave the following error.
    Argument of type 'PgColumn<{ name: "tenant_id"; tableName: "driver_certifications"; dataType: "string"; columnType: "PgText"; data: string; driverParam: string; notNull: true; hasDefault: false; isPrimaryKey: false; ... 5 more ...; generated: undefined; }, {}, {}>' is not assignable to parameter of type 'never'.
src/router/certifications.ts(456,11): error TS2769: No overload matches this call.
  Overload 1 of 3, '(left: PgColumn<{ name: "tenant_id"; tableName: "driver_certifications"; dataType: "string"; columnType: "PgText"; data: string; driverParam: string; notNull: true; hasDefault: false; isPrimaryKey: false; ... 5 more ...; generated: undefined; }, {}, {}>, right: string | SQLWrapper): SQL<...>', gave the following error.
    Argument of type 'string | null | undefined' is not assignable to parameter of type 'string | SQLWrapper'.
      Type 'undefined' is not assignable to type 'string | SQLWrapper'.
  Overload 2 of 3, '(left: Aliased<string | null | undefined>, right: string | SQLWrapper | null | undefined): SQL<unknown>', gave the following error.
    Argument of type 'PgColumn<{ name: "tenant_id"; tableName: "driver_certifications"; dataType: "string"; columnType: "PgText"; data: string; driverParam: string; notNull: true; hasDefault: false; isPrimaryKey: false; ... 5 more ...; generated: undefined; }, {}, {}>' is not assignable to parameter of type 'Aliased<string | null | undefined>'.
      Type 'PgColumn<{ name: "tenant_id"; tableName: "driver_certifications"; dataType: "string"; columnType: "PgText"; data: string; driverParam: string; notNull: true; hasDefault: false; isPrimaryKey: false; ... 5 more ...; generated: undefined; }, {}, {}>' is missing the following properties from type 'Aliased<string | null | undefined>': sql, fieldAlias
  Overload 3 of 3, '(left: never, right: unknown): SQL<unknown>', gave the following error.
    Argument of type 'PgColumn<{ name: "tenant_id"; tableName: "driver_certifications"; dataType: "string"; columnType: "PgText"; data: string; driverParam: string; notNull: true; hasDefault: false; isPrimaryKey: false; ... 5 more ...; generated: undefined; }, {}, {}>' is not assignable to parameter of type 'never'.
src/router/certifications.ts(507,14): error TS2769: No overload matches this call.
  Overload 1 of 3, '(left: PgColumn<{ name: "tenant_id"; tableName: "driver_certifications"; dataType: "string"; columnType: "PgText"; data: string; driverParam: string; notNull: true; hasDefault: false; isPrimaryKey: false; ... 5 more ...; generated: undefined; }, {}, {}>, right: string | SQLWrapper): SQL<...>', gave the following error.
    Argument of type 'string | null | undefined' is not assignable to parameter of type 'string | SQLWrapper'.
      Type 'undefined' is not assignable to type 'string | SQLWrapper'.
  Overload 2 of 3, '(left: Aliased<string | null | undefined>, right: string | SQLWrapper | null | undefined): SQL<unknown>', gave the following error.
    Argument of type 'PgColumn<{ name: "tenant_id"; tableName: "driver_certifications"; dataType: "string"; columnType: "PgText"; data: string; driverParam: string; notNull: true; hasDefault: false; isPrimaryKey: false; ... 5 more ...; generated: undefined; }, {}, {}>' is not assignable to parameter of type 'Aliased<string | null | undefined>'.
      Type 'PgColumn<{ name: "tenant_id"; tableName: "driver_certifications"; dataType: "string"; columnType: "PgText"; data: string; driverParam: string; notNull: true; hasDefault: false; isPrimaryKey: false; ... 5 more ...; generated: undefined; }, {}, {}>' is missing the following properties from type 'Aliased<string | null | undefined>': sql, fieldAlias
  Overload 3 of 3, '(left: never, right: unknown): SQL<unknown>', gave the following error.
    Argument of type 'PgColumn<{ name: "tenant_id"; tableName: "driver_certifications"; dataType: "string"; columnType: "PgText"; data: string; driverParam: string; notNull: true; hasDefault: false; isPrimaryKey: false; ... 5 more ...; generated: undefined; }, {}, {}>' is not assignable to parameter of type 'never'.
src/router/certifications.ts(524,11): error TS2769: No overload matches this call.
  Overload 1 of 3, '(left: PgColumn<{ name: "tenant_id"; tableName: "driver_certifications"; dataType: "string"; columnType: "PgText"; data: string; driverParam: string; notNull: true; hasDefault: false; isPrimaryKey: false; ... 5 more ...; generated: undefined; }, {}, {}>, right: string | SQLWrapper): SQL<...>', gave the following error.
    Argument of type 'string | null | undefined' is not assignable to parameter of type 'string | SQLWrapper'.
      Type 'undefined' is not assignable to type 'string | SQLWrapper'.
  Overload 2 of 3, '(left: Aliased<string | null | undefined>, right: string | SQLWrapper | null | undefined): SQL<unknown>', gave the following error.
    Argument of type 'PgColumn<{ name: "tenant_id"; tableName: "driver_certifications"; dataType: "string"; columnType: "PgText"; data: string; driverParam: string; notNull: true; hasDefault: false; isPrimaryKey: false; ... 5 more ...; generated: undefined; }, {}, {}>' is not assignable to parameter of type 'Aliased<string | null | undefined>'.
      Type 'PgColumn<{ name: "tenant_id"; tableName: "driver_certifications"; dataType: "string"; columnType: "PgText"; data: string; driverParam: string; notNull: true; hasDefault: false; isPrimaryKey: false; ... 5 more ...; generated: undefined; }, {}, {}>' is missing the following properties from type 'Aliased<string | null | undefined>': sql, fieldAlias
  Overload 3 of 3, '(left: never, right: unknown): SQL<unknown>', gave the following error.
    Argument of type 'PgColumn<{ name: "tenant_id"; tableName: "driver_certifications"; dataType: "string"; columnType: "PgText"; data: string; driverParam: string; notNull: true; hasDefault: false; isPrimaryKey: false; ... 5 more ...; generated: undefined; }, {}, {}>' is not assignable to parameter of type 'never'.
src/router/certifications.ts(610,14): error TS2769: No overload matches this call.
  Overload 1 of 3, '(left: PgColumn<{ name: "tenant_id"; tableName: "certification_alert_settings"; dataType: "string"; columnType: "PgText"; data: string; driverParam: string; notNull: true; hasDefault: false; isPrimaryKey: false; ... 5 more ...; generated: undefined; }, {}, {}>, right: string | SQLWrapper): SQL<...>', gave the following error.
    Argument of type 'string | null | undefined' is not assignable to parameter of type 'string | SQLWrapper'.
      Type 'undefined' is not assignable to type 'string | SQLWrapper'.
  Overload 2 of 3, '(left: Aliased<string | null | undefined>, right: string | SQLWrapper | null | undefined): SQL<unknown>', gave the following error.
    Argument of type 'PgColumn<{ name: "tenant_id"; tableName: "certification_alert_settings"; dataType: "string"; columnType: "PgText"; data: string; driverParam: string; notNull: true; hasDefault: false; isPrimaryKey: false; ... 5 more ...; generated: undefined; }, {}, {}>' is not assignable to parameter of type 'Aliased<string | null | undefined>'.
      Type 'PgColumn<{ name: "tenant_id"; tableName: "certification_alert_settings"; dataType: "string"; columnType: "PgText"; data: string; driverParam: string; notNull: true; hasDefault: false; isPrimaryKey: false; ... 5 more ...; generated: undefined; }, {}, {}>' is missing the following properties from type 'Aliased<string | null | undefined>': sql, fieldAlias
  Overload 3 of 3, '(left: never, right: unknown): SQL<unknown>', gave the following error.
    Argument of type 'PgColumn<{ name: "tenant_id"; tableName: "certification_alert_settings"; dataType: "string"; columnType: "PgText"; data: string; driverParam: string; notNull: true; hasDefault: false; isPrimaryKey: false; ... 5 more ...; generated: undefined; }, {}, {}>' is not assignable to parameter of type 'never'.
src/router/driver.ts(43,11): error TS2769: No overload matches this call.
  Overload 1 of 3, '(left: PgColumn<{ name: "tenant_id"; tableName: "route_loads"; dataType: "string"; columnType: "PgText"; data: string; driverParam: string; notNull: true; hasDefault: false; isPrimaryKey: false; isAutoincrement: false; ... 4 more ...; generated: undefined; }, {}, {}>, right: string | SQLWrapper): SQL<...>', gave the following error.
    Argument of type 'string | null | undefined' is not assignable to parameter of type 'string | SQLWrapper'.
      Type 'undefined' is not assignable to type 'string | SQLWrapper'.
  Overload 2 of 3, '(left: Aliased<string | null | undefined>, right: string | SQLWrapper | null | undefined): SQL<unknown>', gave the following error.
    Argument of type 'PgColumn<{ name: "tenant_id"; tableName: "route_loads"; dataType: "string"; columnType: "PgText"; data: string; driverParam: string; notNull: true; hasDefault: false; isPrimaryKey: false; isAutoincrement: false; ... 4 more ...; generated: undefined; }, {}, {}>' is not assignable to parameter of type 'Aliased<string | null | undefined>'.
      Type 'PgColumn<{ name: "tenant_id"; tableName: "route_loads"; dataType: "string"; columnType: "PgText"; data: string; driverParam: string; notNull: true; hasDefault: false; isPrimaryKey: false; isAutoincrement: false; ... 4 more ...; generated: undefined; }, {}, {}>' is missing the following properties from type 'Aliased<string | null | undefined>': sql, fieldAlias
  Overload 3 of 3, '(left: never, right: unknown): SQL<unknown>', gave the following error.
    Argument of type 'PgColumn<{ name: "tenant_id"; tableName: "route_loads"; dataType: "string"; columnType: "PgText"; data: string; driverParam: string; notNull: true; hasDefault: false; isPrimaryKey: false; isAutoincrement: false; ... 4 more ...; generated: undefined; }, {}, {}>' is not assignable to parameter of type 'never'.
src/router/driver.ts(81,13): error TS2769: No overload matches this call.
  Overload 1 of 3, '(left: PgColumn<{ name: "tenant_id"; tableName: "route_loads"; dataType: "string"; columnType: "PgText"; data: string; driverParam: string; notNull: true; hasDefault: false; isPrimaryKey: false; isAutoincrement: false; ... 4 more ...; generated: undefined; }, {}, {}>, right: string | SQLWrapper): SQL<...>', gave the following error.
    Argument of type 'string | null | undefined' is not assignable to parameter of type 'string | SQLWrapper'.
      Type 'undefined' is not assignable to type 'string | SQLWrapper'.
  Overload 2 of 3, '(left: Aliased<string | null | undefined>, right: string | SQLWrapper | null | undefined): SQL<unknown>', gave the following error.
    Argument of type 'PgColumn<{ name: "tenant_id"; tableName: "route_loads"; dataType: "string"; columnType: "PgText"; data: string; driverParam: string; notNull: true; hasDefault: false; isPrimaryKey: false; isAutoincrement: false; ... 4 more ...; generated: undefined; }, {}, {}>' is not assignable to parameter of type 'Aliased<string | null | undefined>'.
      Type 'PgColumn<{ name: "tenant_id"; tableName: "route_loads"; dataType: "string"; columnType: "PgText"; data: string; driverParam: string; notNull: true; hasDefault: false; isPrimaryKey: false; isAutoincrement: false; ... 4 more ...; generated: undefined; }, {}, {}>' is missing the following properties from type 'Aliased<string | null | undefined>': sql, fieldAlias
  Overload 3 of 3, '(left: never, right: unknown): SQL<unknown>', gave the following error.
    Argument of type 'PgColumn<{ name: "tenant_id"; tableName: "route_loads"; dataType: "string"; columnType: "PgText"; data: string; driverParam: string; notNull: true; hasDefault: false; isPrimaryKey: false; isAutoincrement: false; ... 4 more ...; generated: undefined; }, {}, {}>' is not assignable to parameter of type 'never'.
src/router/driver.ts(109,13): error TS2769: No overload matches this call.
  Overload 1 of 3, '(left: PgColumn<{ name: "tenant_id"; tableName: "orders"; dataType: "string"; columnType: "PgText"; data: string; driverParam: string; notNull: true; hasDefault: false; isPrimaryKey: false; isAutoincrement: false; ... 4 more ...; generated: undefined; }, {}, {}>, right: string | SQLWrapper): SQL<...>', gave the following error.
    Argument of type 'string | null | undefined' is not assignable to parameter of type 'string | SQLWrapper'.
      Type 'undefined' is not assignable to type 'string | SQLWrapper'.
  Overload 2 of 3, '(left: Aliased<string | null | undefined>, right: string | SQLWrapper | null | undefined): SQL<unknown>', gave the following error.
    Argument of type 'PgColumn<{ name: "tenant_id"; tableName: "orders"; dataType: "string"; columnType: "PgText"; data: string; driverParam: string; notNull: true; hasDefault: false; isPrimaryKey: false; isAutoincrement: false; ... 4 more ...; generated: undefined; }, {}, {}>' is not assignable to parameter of type 'Aliased<string | null | undefined>'.
      Type 'PgColumn<{ name: "tenant_id"; tableName: "orders"; dataType: "string"; columnType: "PgText"; data: string; driverParam: string; notNull: true; hasDefault: false; isPrimaryKey: false; isAutoincrement: false; ... 4 more ...; generated: undefined; }, {}, {}>' is missing the following properties from type 'Aliased<string | null | undefined>': sql, fieldAlias
  Overload 3 of 3, '(left: never, right: unknown): SQL<unknown>', gave the following error.
    Argument of type 'PgColumn<{ name: "tenant_id"; tableName: "orders"; dataType: "string"; columnType: "PgText"; data: string; driverParam: string; notNull: true; hasDefault: false; isPrimaryKey: false; isAutoincrement: false; ... 4 more ...; generated: undefined; }, {}, {}>' is not assignable to parameter of type 'never'.
src/router/driver.ts(148,13): error TS2769: No overload matches this call.
  Overload 1 of 3, '(left: PgColumn<{ name: "tenant_id"; tableName: "orders"; dataType: "string"; columnType: "PgText"; data: string; driverParam: string; notNull: true; hasDefault: false; isPrimaryKey: false; isAutoincrement: false; ... 4 more ...; generated: undefined; }, {}, {}>, right: string | SQLWrapper): SQL<...>', gave the following error.
    Argument of type 'string | null | undefined' is not assignable to parameter of type 'string | SQLWrapper'.
      Type 'undefined' is not assignable to type 'string | SQLWrapper'.
  Overload 2 of 3, '(left: Aliased<string | null | undefined>, right: string | SQLWrapper | null | undefined): SQL<unknown>', gave the following error.
    Argument of type 'PgColumn<{ name: "tenant_id"; tableName: "orders"; dataType: "string"; columnType: "PgText"; data: string; driverParam: string; notNull: true; hasDefault: false; isPrimaryKey: false; isAutoincrement: false; ... 4 more ...; generated: undefined; }, {}, {}>' is not assignable to parameter of type 'Aliased<string | null | undefined>'.
      Type 'PgColumn<{ name: "tenant_id"; tableName: "orders"; dataType: "string"; columnType: "PgText"; data: string; driverParam: string; notNull: true; hasDefault: false; isPrimaryKey: false; isAutoincrement: false; ... 4 more ...; generated: undefined; }, {}, {}>' is missing the following properties from type 'Aliased<string | null | undefined>': sql, fieldAlias
  Overload 3 of 3, '(left: never, right: unknown): SQL<unknown>', gave the following error.
    Argument of type 'PgColumn<{ name: "tenant_id"; tableName: "orders"; dataType: "string"; columnType: "PgText"; data: string; driverParam: string; notNull: true; hasDefault: false; isPrimaryKey: false; isAutoincrement: false; ... 4 more ...; generated: undefined; }, {}, {}>' is not assignable to parameter of type 'never'.
src/router/driver.ts(180,50): error TS2769: No overload matches this call.
  Overload 1 of 3, '(left: PgColumn<{ name: "tenant_id"; tableName: "orders"; dataType: "string"; columnType: "PgText"; data: string; driverParam: string; notNull: true; hasDefault: false; isPrimaryKey: false; isAutoincrement: false; ... 4 more ...; generated: undefined; }, {}, {}>, right: string | SQLWrapper): SQL<...>', gave the following error.
    Argument of type 'string | null | undefined' is not assignable to parameter of type 'string | SQLWrapper'.
      Type 'undefined' is not assignable to type 'string | SQLWrapper'.
  Overload 2 of 3, '(left: Aliased<string | null | undefined>, right: string | SQLWrapper | null | undefined): SQL<unknown>', gave the following error.
    Argument of type 'PgColumn<{ name: "tenant_id"; tableName: "orders"; dataType: "string"; columnType: "PgText"; data: string; driverParam: string; notNull: true; hasDefault: false; isPrimaryKey: false; isAutoincrement: false; ... 4 more ...; generated: undefined; }, {}, {}>' is not assignable to parameter of type 'Aliased<string | null | undefined>'.
      Type 'PgColumn<{ name: "tenant_id"; tableName: "orders"; dataType: "string"; columnType: "PgText"; data: string; driverParam: string; notNull: true; hasDefault: false; isPrimaryKey: false; isAutoincrement: false; ... 4 more ...; generated: undefined; }, {}, {}>' is missing the following properties from type 'Aliased<string | null | undefined>': sql, fieldAlias
  Overload 3 of 3, '(left: never, right: unknown): SQL<unknown>', gave the following error.
    Argument of type 'PgColumn<{ name: "tenant_id"; tableName: "orders"; dataType: "string"; columnType: "PgText"; data: string; driverParam: string; notNull: true; hasDefault: false; isPrimaryKey: false; isAutoincrement: false; ... 4 more ...; generated: undefined; }, {}, {}>' is not assignable to parameter of type 'never'.
src/router/driver.ts(264,44): error TS2769: No overload matches this call.
  Overload 1 of 3, '(left: PgColumn<{ name: "tenant_id"; tableName: "orders"; dataType: "string"; columnType: "PgText"; data: string; driverParam: string; notNull: true; hasDefault: false; isPrimaryKey: false; isAutoincrement: false; ... 4 more ...; generated: undefined; }, {}, {}>, right: string | SQLWrapper): SQL<...>', gave the following error.
    Argument of type 'string | null | undefined' is not assignable to parameter of type 'string | SQLWrapper'.
      Type 'undefined' is not assignable to type 'string | SQLWrapper'.
  Overload 2 of 3, '(left: Aliased<string | null | undefined>, right: string | SQLWrapper | null | undefined): SQL<unknown>', gave the following error.
    Argument of type 'PgColumn<{ name: "tenant_id"; tableName: "orders"; dataType: "string"; columnType: "PgText"; data: string; driverParam: string; notNull: true; hasDefault: false; isPrimaryKey: false; isAutoincrement: false; ... 4 more ...; generated: undefined; }, {}, {}>' is not assignable to parameter of type 'Aliased<string | null | undefined>'.
      Type 'PgColumn<{ name: "tenant_id"; tableName: "orders"; dataType: "string"; columnType: "PgText"; data: string; driverParam: string; notNull: true; hasDefault: false; isPrimaryKey: false; isAutoincrement: false; ... 4 more ...; generated: undefined; }, {}, {}>' is missing the following properties from type 'Aliased<string | null | undefined>': sql, fieldAlias
  Overload 3 of 3, '(left: never, right: unknown): SQL<unknown>', gave the following error.
    Argument of type 'PgColumn<{ name: "tenant_id"; tableName: "orders"; dataType: "string"; columnType: "PgText"; data: string; driverParam: string; notNull: true; hasDefault: false; isPrimaryKey: false; isAutoincrement: false; ... 4 more ...; generated: undefined; }, {}, {}>' is not assignable to parameter of type 'never'.
src/router/driver.ts(311,39): error TS2769: No overload matches this call.
  Overload 1 of 2, '(value: { tenantId: string | SQL<unknown> | Placeholder<string, any>; type: SQL<unknown> | Placeholder<string, any> | "other" | "leak" | "vehicle_issue" | "customer_absent" | "access_denied" | "safety_hazard" | "equipment_failure"; ... 17 more ...; photoUrls?: string | ... 3 more ... | undefined; }): PgInsertBase<...> | PgInsertBase<...>', gave the following error.
    Type 'string | null | undefined' is not assignable to type 'string | SQL<unknown> | Placeholder<string, any>'.
      Type 'undefined' is not assignable to type 'string | SQL<unknown> | Placeholder<string, any>'.
  Overload 2 of 2, '(values: { tenantId: string | SQL<unknown> | Placeholder<string, any>; type: SQL<unknown> | Placeholder<string, any> | "other" | "leak" | "vehicle_issue" | "customer_absent" | "access_denied" | "safety_hazard" | "equipment_failure"; ... 17 more ...; photoUrls?: string | ... 3 more ... | undefined; }[]): PgInsertBase<...> | PgInsertBase<...>', gave the following error.
    Object literal may only specify known properties, and 'id' does not exist in type '{ tenantId: string | SQL<unknown> | Placeholder<string, any>; type: SQL<unknown> | Placeholder<string, any> | "other" | "leak" | "vehicle_issue" | "customer_absent" | "access_denied" | "safety_hazard" | "equipment_failure"; ... 17 more ...; photoUrls?: string | ... 3 more ... | undefined; }[]'.
src/router/driver.ts(356,9): error TS2769: No overload matches this call.
  Overload 1 of 3, '(left: PgColumn<{ name: "tenant_id"; tableName: "route_incidents"; dataType: "string"; columnType: "PgText"; data: string; driverParam: string; notNull: true; hasDefault: false; isPrimaryKey: false; isAutoincrement: false; ... 4 more ...; generated: undefined; }, {}, {}>, right: string | SQLWrapper): SQL<...>', gave the following error.
    Argument of type 'string | null | undefined' is not assignable to parameter of type 'string | SQLWrapper'.
      Type 'undefined' is not assignable to type 'string | SQLWrapper'.
  Overload 2 of 3, '(left: Aliased<string | null | undefined>, right: string | SQLWrapper | null | undefined): SQL<unknown>', gave the following error.
    Argument of type 'PgColumn<{ name: "tenant_id"; tableName: "route_incidents"; dataType: "string"; columnType: "PgText"; data: string; driverParam: string; notNull: true; hasDefault: false; isPrimaryKey: false; isAutoincrement: false; ... 4 more ...; generated: undefined; }, {}, {}>' is not assignable to parameter of type 'Aliased<string | null | undefined>'.
      Type 'PgColumn<{ name: "tenant_id"; tableName: "route_incidents"; dataType: "string"; columnType: "PgText"; data: string; driverParam: string; notNull: true; hasDefault: false; isPrimaryKey: false; isAutoincrement: false; ... 4 more ...; generated: undefined; }, {}, {}>' is missing the following properties from type 'Aliased<string | null | undefined>': sql, fieldAlias
  Overload 3 of 3, '(left: never, right: unknown): SQL<unknown>', gave the following error.
    Argument of type 'PgColumn<{ name: "tenant_id"; tableName: "route_incidents"; dataType: "string"; columnType: "PgText"; data: string; driverParam: string; notNull: true; hasDefault: false; isPrimaryKey: false; isAutoincrement: false; ... 4 more ...; generated: undefined; }, {}, {}>' is not assignable to parameter of type 'never'.
src/router/driver.ts(402,13): error TS2769: No overload matches this call.
  Overload 1 of 3, '(left: PgColumn<{ name: "tenant_id"; tableName: "sync_queue"; dataType: "string"; columnType: "PgText"; data: string; driverParam: string; notNull: true; hasDefault: false; isPrimaryKey: false; isAutoincrement: false; ... 4 more ...; generated: undefined; }, {}, {}>, right: string | SQLWrapper): SQL<...>', gave the following error.
    Argument of type 'string | null | undefined' is not assignable to parameter of type 'string | SQLWrapper'.
      Type 'undefined' is not assignable to type 'string | SQLWrapper'.
  Overload 2 of 3, '(left: Aliased<string | null | undefined>, right: string | SQLWrapper | null | undefined): SQL<unknown>', gave the following error.
    Argument of type 'PgColumn<{ name: "tenant_id"; tableName: "sync_queue"; dataType: "string"; columnType: "PgText"; data: string; driverParam: string; notNull: true; hasDefault: false; isPrimaryKey: false; isAutoincrement: false; ... 4 more ...; generated: undefined; }, {}, {}>' is not assignable to parameter of type 'Aliased<string | null | undefined>'.
      Type 'PgColumn<{ name: "tenant_id"; tableName: "sync_queue"; dataType: "string"; columnType: "PgText"; data: string; driverParam: string; notNull: true; hasDefault: false; isPrimaryKey: false; isAutoincrement: false; ... 4 more ...; generated: undefined; }, {}, {}>' is missing the following properties from type 'Aliased<string | null | undefined>': sql, fieldAlias
  Overload 3 of 3, '(left: never, right: unknown): SQL<unknown>', gave the following error.
    Argument of type 'PgColumn<{ name: "tenant_id"; tableName: "sync_queue"; dataType: "string"; columnType: "PgText"; data: string; driverParam: string; notNull: true; hasDefault: false; isPrimaryKey: false; isAutoincrement: false; ... 4 more ...; generated: undefined; }, {}, {}>' is not assignable to parameter of type 'never'.
src/router/driver.ts(426,34): error TS2769: No overload matches this call.
  Overload 1 of 2, '(value: { tenantId: string | SQL<unknown> | Placeholder<string, any>; id: string | SQL<unknown> | Placeholder<string, any>; entityType: string | SQL<unknown> | Placeholder<...>; ... 7 more ...; syncedAt?: Date | ... 3 more ... | undefined; }): PgInsertBase<...> | PgInsertBase<...>', gave the following error.
    Type 'string | null | undefined' is not assignable to type 'string | SQL<unknown> | Placeholder<string, any>'.
      Type 'undefined' is not assignable to type 'string | SQL<unknown> | Placeholder<string, any>'.
  Overload 2 of 2, '(values: { tenantId: string | SQL<unknown> | Placeholder<string, any>; id: string | SQL<unknown> | Placeholder<string, any>; entityType: string | SQL<unknown> | Placeholder<...>; ... 7 more ...; syncedAt?: Date | ... 3 more ... | undefined; }[]): PgInsertBase<...> | PgInsertBase<...>', gave the following error.
    Object literal may only specify known properties, and 'id' does not exist in type '{ tenantId: string | SQL<unknown> | Placeholder<string, any>; id: string | SQL<unknown> | Placeholder<string, any>; entityType: string | SQL<unknown> | Placeholder<...>; ... 7 more ...; syncedAt?: Date | ... 3 more ... | undefined; }[]'.
src/router/driver.ts(476,11): error TS2769: No overload matches this call.
  Overload 1 of 3, '(left: PgColumn<{ name: "tenant_id"; tableName: "orders"; dataType: "string"; columnType: "PgText"; data: string; driverParam: string; notNull: true; hasDefault: false; isPrimaryKey: false; isAutoincrement: false; ... 4 more ...; generated: undefined; }, {}, {}>, right: string | SQLWrapper): SQL<...>', gave the following error.
    Argument of type 'string | null | undefined' is not assignable to parameter of type 'string | SQLWrapper'.
      Type 'undefined' is not assignable to type 'string | SQLWrapper'.
  Overload 2 of 3, '(left: Aliased<string | null | undefined>, right: string | SQLWrapper | null | undefined): SQL<unknown>', gave the following error.
    Argument of type 'PgColumn<{ name: "tenant_id"; tableName: "orders"; dataType: "string"; columnType: "PgText"; data: string; driverParam: string; notNull: true; hasDefault: false; isPrimaryKey: false; isAutoincrement: false; ... 4 more ...; generated: undefined; }, {}, {}>' is not assignable to parameter of type 'Aliased<string | null | undefined>'.
      Type 'PgColumn<{ name: "tenant_id"; tableName: "orders"; dataType: "string"; columnType: "PgText"; data: string; driverParam: string; notNull: true; hasDefault: false; isPrimaryKey: false; isAutoincrement: false; ... 4 more ...; generated: undefined; }, {}, {}>' is missing the following properties from type 'Aliased<string | null | undefined>': sql, fieldAlias
  Overload 3 of 3, '(left: never, right: unknown): SQL<unknown>', gave the following error.
    Argument of type 'PgColumn<{ name: "tenant_id"; tableName: "orders"; dataType: "string"; columnType: "PgText"; data: string; driverParam: string; notNull: true; hasDefault: false; isPrimaryKey: false; isAutoincrement: false; ... 4 more ...; generated: undefined; }, {}, {}>' is not assignable to parameter of type 'never'.
src/router/driver.ts(490,11): error TS2769: No overload matches this call.
  Overload 1 of 3, '(left: PgColumn<{ name: "tenant_id"; tableName: "route_incidents"; dataType: "string"; columnType: "PgText"; data: string; driverParam: string; notNull: true; hasDefault: false; isPrimaryKey: false; isAutoincrement: false; ... 4 more ...; generated: undefined; }, {}, {}>, right: string | SQLWrapper): SQL<...>', gave the following error.
    Argument of type 'string | null | undefined' is not assignable to parameter of type 'string | SQLWrapper'.
      Type 'undefined' is not assignable to type 'string | SQLWrapper'.
  Overload 2 of 3, '(left: Aliased<string | null | undefined>, right: string | SQLWrapper | null | undefined): SQL<unknown>', gave the following error.
    Argument of type 'PgColumn<{ name: "tenant_id"; tableName: "route_incidents"; dataType: "string"; columnType: "PgText"; data: string; driverParam: string; notNull: true; hasDefault: false; isPrimaryKey: false; isAutoincrement: false; ... 4 more ...; generated: undefined; }, {}, {}>' is not assignable to parameter of type 'Aliased<string | null | undefined>'.
      Type 'PgColumn<{ name: "tenant_id"; tableName: "route_incidents"; dataType: "string"; columnType: "PgText"; data: string; driverParam: string; notNull: true; hasDefault: false; isPrimaryKey: false; isAutoincrement: false; ... 4 more ...; generated: undefined; }, {}, {}>' is missing the following properties from type 'Aliased<string | null | undefined>': sql, fieldAlias
  Overload 3 of 3, '(left: never, right: unknown): SQL<unknown>', gave the following error.
    Argument of type 'PgColumn<{ name: "tenant_id"; tableName: "route_incidents"; dataType: "string"; columnType: "PgText"; data: string; driverParam: string; notNull: true; hasDefault: false; isPrimaryKey: false; isAutoincrement: false; ... 4 more ...; generated: undefined; }, {}, {}>' is not assignable to parameter of type 'never'.
src/router/driver.ts(521,11): error TS2769: No overload matches this call.
  Overload 1 of 3, '(left: PgColumn<{ name: "tenant_id"; tableName: "route_loads"; dataType: "string"; columnType: "PgText"; data: string; driverParam: string; notNull: true; hasDefault: false; isPrimaryKey: false; isAutoincrement: false; ... 4 more ...; generated: undefined; }, {}, {}>, right: string | SQLWrapper): SQL<...>', gave the following error.
    Argument of type 'string | null | undefined' is not assignable to parameter of type 'string | SQLWrapper'.
      Type 'undefined' is not assignable to type 'string | SQLWrapper'.
  Overload 2 of 3, '(left: Aliased<string | null | undefined>, right: string | SQLWrapper | null | undefined): SQL<unknown>', gave the following error.
    Argument of type 'PgColumn<{ name: "tenant_id"; tableName: "route_loads"; dataType: "string"; columnType: "PgText"; data: string; driverParam: string; notNull: true; hasDefault: false; isPrimaryKey: false; isAutoincrement: false; ... 4 more ...; generated: undefined; }, {}, {}>' is not assignable to parameter of type 'Aliased<string | null | undefined>'.
      Type 'PgColumn<{ name: "tenant_id"; tableName: "route_loads"; dataType: "string"; columnType: "PgText"; data: string; driverParam: string; notNull: true; hasDefault: false; isPrimaryKey: false; isAutoincrement: false; ... 4 more ...; generated: undefined; }, {}, {}>' is missing the following properties from type 'Aliased<string | null | undefined>': sql, fieldAlias
  Overload 3 of 3, '(left: never, right: unknown): SQL<unknown>', gave the following error.
    Argument of type 'PgColumn<{ name: "tenant_id"; tableName: "route_loads"; dataType: "string"; columnType: "PgText"; data: string; driverParam: string; notNull: true; hasDefault: false; isPrimaryKey: false; isAutoincrement: false; ... 4 more ...; generated: undefined; }, {}, {}>' is not assignable to parameter of type 'never'.
src/router/driver.ts(537,13): error TS2769: No overload matches this call.
  Overload 1 of 3, '(left: PgColumn<{ name: "tenant_id"; tableName: "orders"; dataType: "string"; columnType: "PgText"; data: string; driverParam: string; notNull: true; hasDefault: false; isPrimaryKey: false; isAutoincrement: false; ... 4 more ...; generated: undefined; }, {}, {}>, right: string | SQLWrapper): SQL<...>', gave the following error.
    Argument of type 'string | null | undefined' is not assignable to parameter of type 'string | SQLWrapper'.
      Type 'undefined' is not assignable to type 'string | SQLWrapper'.
  Overload 2 of 3, '(left: Aliased<string | null | undefined>, right: string | SQLWrapper | null | undefined): SQL<unknown>', gave the following error.
    Argument of type 'PgColumn<{ name: "tenant_id"; tableName: "orders"; dataType: "string"; columnType: "PgText"; data: string; driverParam: string; notNull: true; hasDefault: false; isPrimaryKey: false; isAutoincrement: false; ... 4 more ...; generated: undefined; }, {}, {}>' is not assignable to parameter of type 'Aliased<string | null | undefined>'.
      Type 'PgColumn<{ name: "tenant_id"; tableName: "orders"; dataType: "string"; columnType: "PgText"; data: string; driverParam: string; notNull: true; hasDefault: false; isPrimaryKey: false; isAutoincrement: false; ... 4 more ...; generated: undefined; }, {}, {}>' is missing the following properties from type 'Aliased<string | null | undefined>': sql, fieldAlias
  Overload 3 of 3, '(left: never, right: unknown): SQL<unknown>', gave the following error.
    Argument of type 'PgColumn<{ name: "tenant_id"; tableName: "orders"; dataType: "string"; columnType: "PgText"; data: string; driverParam: string; notNull: true; hasDefault: false; isPrimaryKey: false; isAutoincrement: false; ... 4 more ...; generated: undefined; }, {}, {}>' is not assignable to parameter of type 'never'.
src/router/drivers.ts(33,11): error TS2345: Argument of type 'SQL<unknown> | undefined' is not assignable to parameter of type 'SQL<unknown>'.
  Type 'undefined' is not assignable to type 'SQL<unknown>'.
src/router/drivers.ts(83,32): error TS2769: No overload matches this call.
  Overload 1 of 2, '(value: { tenantId: string | SQL<unknown> | Placeholder<string, any>; email: string | SQL<unknown> | Placeholder<string, any>; id: string | SQL<unknown> | Placeholder<...>; ... 9 more ...; rating?: string | ... 3 more ... | undefined; }): PgInsertBase<...> | PgInsertBase<...>', gave the following error.
    Type 'string | null | undefined' is not assignable to type 'string | SQL<unknown> | Placeholder<string, any>'.
      Type 'undefined' is not assignable to type 'string | SQL<unknown> | Placeholder<string, any>'.
  Overload 2 of 2, '(values: { tenantId: string | SQL<unknown> | Placeholder<string, any>; email: string | SQL<unknown> | Placeholder<string, any>; id: string | SQL<unknown> | Placeholder<...>; ... 9 more ...; rating?: string | ... 3 more ... | undefined; }[]): PgInsertBase<...> | PgInsertBase<...>', gave the following error.
    Object literal may only specify known properties, and 'status' does not exist in type '{ tenantId: string | SQL<unknown> | Placeholder<string, any>; email: string | SQL<unknown> | Placeholder<string, any>; id: string | SQL<unknown> | Placeholder<string, any>; ... 9 more ...; rating?: string | ... 3 more ... | undefined; }[]'.
src/router/drivers.ts(116,40): error TS2769: No overload matches this call.
  Overload 1 of 3, '(left: PgColumn<{ name: "tenant_id"; tableName: "drivers"; dataType: "string"; columnType: "PgText"; data: string; driverParam: string; notNull: true; hasDefault: false; isPrimaryKey: false; isAutoincrement: false; ... 4 more ...; generated: undefined; }, {}, {}>, right: string | SQLWrapper): SQL<...>', gave the following error.
    Argument of type 'string | null | undefined' is not assignable to parameter of type 'string | SQLWrapper'.
      Type 'undefined' is not assignable to type 'string | SQLWrapper'.
  Overload 2 of 3, '(left: Aliased<string | null | undefined>, right: string | SQLWrapper | null | undefined): SQL<unknown>', gave the following error.
    Argument of type 'PgColumn<{ name: "tenant_id"; tableName: "drivers"; dataType: "string"; columnType: "PgText"; data: string; driverParam: string; notNull: true; hasDefault: false; isPrimaryKey: false; isAutoincrement: false; ... 4 more ...; generated: undefined; }, {}, {}>' is not assignable to parameter of type 'Aliased<string | null | undefined>'.
      Type 'PgColumn<{ name: "tenant_id"; tableName: "drivers"; dataType: "string"; columnType: "PgText"; data: string; driverParam: string; notNull: true; hasDefault: false; isPrimaryKey: false; isAutoincrement: false; ... 4 more ...; generated: undefined; }, {}, {}>' is missing the following properties from type 'Aliased<string | null | undefined>': sql, fieldAlias
  Overload 3 of 3, '(left: never, right: unknown): SQL<unknown>', gave the following error.
    Argument of type 'PgColumn<{ name: "tenant_id"; tableName: "drivers"; dataType: "string"; columnType: "PgText"; data: string; driverParam: string; notNull: true; hasDefault: false; isPrimaryKey: false; isAutoincrement: false; ... 4 more ...; generated: undefined; }, {}, {}>' is not assignable to parameter of type 'never'.
src/router/drivers.ts(132,46): error TS2769: No overload matches this call.
  Overload 1 of 3, '(left: PgColumn<{ name: "tenant_id"; tableName: "drivers"; dataType: "string"; columnType: "PgText"; data: string; driverParam: string; notNull: true; hasDefault: false; isPrimaryKey: false; isAutoincrement: false; ... 4 more ...; generated: undefined; }, {}, {}>, right: string | SQLWrapper): SQL<...>', gave the following error.
    Argument of type 'string | null | undefined' is not assignable to parameter of type 'string | SQLWrapper'.
      Type 'undefined' is not assignable to type 'string | SQLWrapper'.
  Overload 2 of 3, '(left: Aliased<string | null | undefined>, right: string | SQLWrapper | null | undefined): SQL<unknown>', gave the following error.
    Argument of type 'PgColumn<{ name: "tenant_id"; tableName: "drivers"; dataType: "string"; columnType: "PgText"; data: string; driverParam: string; notNull: true; hasDefault: false; isPrimaryKey: false; isAutoincrement: false; ... 4 more ...; generated: undefined; }, {}, {}>' is not assignable to parameter of type 'Aliased<string | null | undefined>'.
      Type 'PgColumn<{ name: "tenant_id"; tableName: "drivers"; dataType: "string"; columnType: "PgText"; data: string; driverParam: string; notNull: true; hasDefault: false; isPrimaryKey: false; isAutoincrement: false; ... 4 more ...; generated: undefined; }, {}, {}>' is missing the following properties from type 'Aliased<string | null | undefined>': sql, fieldAlias
  Overload 3 of 3, '(left: never, right: unknown): SQL<unknown>', gave the following error.
    Argument of type 'PgColumn<{ name: "tenant_id"; tableName: "drivers"; dataType: "string"; columnType: "PgText"; data: string; driverParam: string; notNull: true; hasDefault: false; isPrimaryKey: false; isAutoincrement: false; ... 4 more ...; generated: undefined; }, {}, {}>' is not assignable to parameter of type 'never'.
src/router/orders.ts(97,45): error TS2769: No overload matches this call.
  Overload 1 of 3, '(left: PgColumn<{ name: "tenant_id"; tableName: "orders"; dataType: "string"; columnType: "PgText"; data: string; driverParam: string; notNull: true; hasDefault: false; isPrimaryKey: false; isAutoincrement: false; ... 4 more ...; generated: undefined; }, {}, {}>, right: string | SQLWrapper): SQL<...>', gave the following error.
    Argument of type 'string | null | undefined' is not assignable to parameter of type 'string | SQLWrapper'.
      Type 'undefined' is not assignable to type 'string | SQLWrapper'.
  Overload 2 of 3, '(left: Aliased<string | null | undefined>, right: string | SQLWrapper | null | undefined): SQL<unknown>', gave the following error.
    Argument of type 'PgColumn<{ name: "tenant_id"; tableName: "orders"; dataType: "string"; columnType: "PgText"; data: string; driverParam: string; notNull: true; hasDefault: false; isPrimaryKey: false; isAutoincrement: false; ... 4 more ...; generated: undefined; }, {}, {}>' is not assignable to parameter of type 'Aliased<string | null | undefined>'.
      Type 'PgColumn<{ name: "tenant_id"; tableName: "orders"; dataType: "string"; columnType: "PgText"; data: string; driverParam: string; notNull: true; hasDefault: false; isPrimaryKey: false; isAutoincrement: false; ... 4 more ...; generated: undefined; }, {}, {}>' is missing the following properties from type 'Aliased<string | null | undefined>': sql, fieldAlias
  Overload 3 of 3, '(left: never, right: unknown): SQL<unknown>', gave the following error.
    Argument of type 'PgColumn<{ name: "tenant_id"; tableName: "orders"; dataType: "string"; columnType: "PgText"; data: string; driverParam: string; notNull: true; hasDefault: false; isPrimaryKey: false; isAutoincrement: false; ... 4 more ...; generated: undefined; }, {}, {}>' is not assignable to parameter of type 'never'.
src/router/orders.ts(114,39): error TS18048: 'order' is possibly 'undefined'.
src/router/orders.ts(160,10): error TS2769: No overload matches this call.
  Overload 1 of 2, '(value: { tenantId: string | SQL<unknown> | Placeholder<string, any>; id: string | SQL<unknown> | Placeholder<string, any>; createdBy: string | SQL<unknown> | Placeholder<...>; ... 28 more ...; internalNotes?: string | ... 3 more ... | undefined; }): PgInsertBase<...> | PgInsertBase<...>', gave the following error.
    Type 'string | null | undefined' is not assignable to type 'string | SQL<unknown> | Placeholder<string, any>'.
      Type 'undefined' is not assignable to type 'string | SQL<unknown> | Placeholder<string, any>'.
  Overload 2 of 2, '(values: { tenantId: string | SQL<unknown> | Placeholder<string, any>; id: string | SQL<unknown> | Placeholder<string, any>; createdBy: string | SQL<unknown> | Placeholder<...>; ... 28 more ...; internalNotes?: string | ... 3 more ... | undefined; }[]): PgInsertBase<...> | PgInsertBase<...>', gave the following error.
    Object literal may only specify known properties, and 'id' does not exist in type '{ tenantId: string | SQL<unknown> | Placeholder<string, any>; id: string | SQL<unknown> | Placeholder<string, any>; createdBy: string | SQL<unknown> | Placeholder<...>; ... 28 more ...; internalNotes?: string | ... 3 more ... | undefined; }[]'.
src/router/orders.ts(180,11): error TS2769: No overload matches this call.
  Overload 1 of 2, '(value: { tenantId: string | SQL<unknown> | Placeholder<string, any>; id: string | SQL<unknown> | Placeholder<string, any>; quantity: number | SQL<unknown> | Placeholder<...>; ... 8 more ...; notes?: string | ... 3 more ... | undefined; }): PgInsertBase<...> | PgInsertBase<...>', gave the following error.
    Argument of type '{ id: `${string}-${string}-${string}-${string}-${string}`; tenantId: string | null | undefined; orderId: `${string}-${string}-${string}-${string}-${string}`; productType: string; productSubtype: string; productName: string; quantity: number; unitPrice: number; lineTotal: number; }[]' is not assignable to parameter of type '{ tenantId: string | SQL<unknown> | Placeholder<string, any>; id: string | SQL<unknown> | Placeholder<string, any>; quantity: number | SQL<unknown> | Placeholder<...>; ... 8 more ...; notes?: string | ... 3 more ... | undefined; }'.
      Type '{ id: `${string}-${string}-${string}-${string}-${string}`; tenantId: string | null | undefined; orderId: `${string}-${string}-${string}-${string}-${string}`; productType: string; productSubtype: string; productName: string; quantity: number; unitPrice: number; lineTotal: number; }[]' is missing the following properties from type '{ tenantId: string | SQL<unknown> | Placeholder<string, any>; id: string | SQL<unknown> | Placeholder<string, any>; quantity: number | SQL<unknown> | Placeholder<...>; ... 8 more ...; notes?: string | ... 3 more ... | undefined; }': tenantId, id, quantity, orderId, and 5 more.
  Overload 2 of 2, '(values: { tenantId: string | SQL<unknown> | Placeholder<string, any>; id: string | SQL<unknown> | Placeholder<string, any>; quantity: number | SQL<unknown> | Placeholder<...>; ... 8 more ...; notes?: string | ... 3 more ... | undefined; }[]): PgInsertBase<...> | PgInsertBase<...>', gave the following error.
    Argument of type '{ id: `${string}-${string}-${string}-${string}-${string}`; tenantId: string | null | undefined; orderId: `${string}-${string}-${string}-${string}-${string}`; productType: string; productSubtype: string; productName: string; quantity: number; unitPrice: number; lineTotal: number; }[]' is not assignable to parameter of type '{ tenantId: string | SQL<unknown> | Placeholder<string, any>; id: string | SQL<unknown> | Placeholder<string, any>; quantity: number | SQL<unknown> | Placeholder<...>; ... 8 more ...; notes?: string | ... 3 more ... | undefined; }[]'.
      Type '{ id: `${string}-${string}-${string}-${string}-${string}`; tenantId: string | null | undefined; orderId: `${string}-${string}-${string}-${string}-${string}`; productType: string; productSubtype: string; productName: string; quantity: number; unitPrice: number; lineTotal: number; }' is not assignable to type '{ tenantId: string | SQL<unknown> | Placeholder<string, any>; id: string | SQL<unknown> | Placeholder<string, any>; quantity: number | SQL<unknown> | Placeholder<...>; ... 8 more ...; notes?: string | ... 3 more ... | undefined; }'.
        Types of property 'tenantId' are incompatible.
          Type 'string | null | undefined' is not assignable to type 'string | SQL<unknown> | Placeholder<string, any>'.
            Type 'undefined' is not assignable to type 'string | SQL<unknown> | Placeholder<string, any>'.
src/router/orders.ts(195,37): error TS2769: No overload matches this call.
  Overload 1 of 2, '(value: { tenantId: string | SQL<unknown> | Placeholder<string, any>; id: string | SQL<unknown> | Placeholder<string, any>; orderId: string | SQL<unknown> | Placeholder<...>; ... 5 more ...; previousStatus?: "delivered" | ... 8 more ... | undefined; }): PgInsertBase<...> | PgInsertBase<...>', gave the following error.
    Type 'string | null | undefined' is not assignable to type 'string | SQL<unknown> | Placeholder<string, any>'.
      Type 'undefined' is not assignable to type 'string | SQL<unknown> | Placeholder<string, any>'.
  Overload 2 of 2, '(values: { tenantId: string | SQL<unknown> | Placeholder<string, any>; id: string | SQL<unknown> | Placeholder<string, any>; orderId: string | SQL<unknown> | Placeholder<...>; ... 5 more ...; previousStatus?: "delivered" | ... 8 more ... | undefined; }[]): PgInsertBase<...> | PgInsertBase<...>', gave the following error.
    Object literal may only specify known properties, and 'id' does not exist in type '{ tenantId: string | SQL<unknown> | Placeholder<string, any>; id: string | SQL<unknown> | Placeholder<string, any>; orderId: string | SQL<unknown> | Placeholder<string, any>; ... 5 more ...; previousStatus?: "delivered" | ... 8 more ... | undefined; }[]'.
src/router/post.ts(28,7): error TS2578: Unused '@ts-expect-error' directive.
src/router/post.ts(32,29): error TS2769: No overload matches this call.
  Overload 1 of 2, '(value: { tenantId: string | SQL<unknown> | Placeholder<string, any>; title: string | SQL<unknown> | Placeholder<string, any>; content: string | SQL<unknown> | Placeholder<...>; id?: string | ... 2 more ... | undefined; createdAt?: Date | ... 2 more ... | undefined; updatedAt?: Date | ... 3 more ... | undefined; }): PgInsertBase<...> | PgInsertBase<...>', gave the following error.
    Type 'string | null | undefined' is not assignable to type 'string | SQL<unknown> | Placeholder<string, any>'.
      Type 'undefined' is not assignable to type 'string | SQL<unknown> | Placeholder<string, any>'.
  Overload 2 of 2, '(values: { tenantId: string | SQL<unknown> | Placeholder<string, any>; title: string | SQL<unknown> | Placeholder<string, any>; content: string | SQL<unknown> | Placeholder<...>; id?: string | ... 2 more ... | undefined; createdAt?: Date | ... 2 more ... | undefined; updatedAt?: Date | ... 3 more ... | undefined; }[]): PgInsertBase<...> | PgInsertBase<...>', gave the following error.
    Object literal may only specify known properties, and 'tenantId' does not exist in type '{ tenantId: string | SQL<unknown> | Placeholder<string, any>; title: string | SQL<unknown> | Placeholder<string, any>; content: string | SQL<unknown> | Placeholder<...>; id?: string | ... 2 more ... | undefined; createdAt?: Date | ... 2 more ... | undefined; updatedAt?: Date | ... 3 more ... | undefined; }[]'.
src/router/routeLoads.ts(253,46): error TS2769: No overload matches this call.
  Overload 1 of 2, '(value: { tenantId: string | SQL<unknown> | Placeholder<string, any>; id: string | SQL<unknown> | Placeholder<string, any>; routeLoadId: string | SQL<unknown> | Placeholder<...>; ... 8 more ...; weightPerUnit?: number | ... 3 more ... | undefined; }): PgInsertBase<...> | PgInsertBase<...>', gave the following error.
    Argument of type '{ id: `${string}-${string}-${string}-${string}-${string}`; tenantId: string | null | undefined; routeLoadId: string; itemType: "by_serial" | "by_quantity"; assetType: "cylinder" | "tank" | undefined; ... 5 more ...; notes: string | undefined; }[]' is not assignable to parameter of type '{ tenantId: string | SQL<unknown> | Placeholder<string, any>; id: string | SQL<unknown> | Placeholder<string, any>; routeLoadId: string | SQL<unknown> | Placeholder<...>; ... 8 more ...; weightPerUnit?: number | ... 3 more ... | undefined; }'.
      Type '{ id: `${string}-${string}-${string}-${string}-${string}`; tenantId: string | null | undefined; routeLoadId: string; itemType: "by_serial" | "by_quantity"; assetType: "cylinder" | "tank" | undefined; ... 5 more ...; notes: string | undefined; }[]' is missing the following properties from type '{ tenantId: string | SQL<unknown> | Placeholder<string, any>; id: string | SQL<unknown> | Placeholder<string, any>; routeLoadId: string | SQL<unknown> | Placeholder<...>; ... 8 more ...; weightPerUnit?: number | ... 3 more ... | undefined; }': tenantId, id, routeLoadId, itemType, and 2 more.
  Overload 2 of 2, '(values: { tenantId: string | SQL<unknown> | Placeholder<string, any>; id: string | SQL<unknown> | Placeholder<string, any>; routeLoadId: string | SQL<unknown> | Placeholder<...>; ... 8 more ...; weightPerUnit?: number | ... 3 more ... | undefined; }[]): PgInsertBase<...> | PgInsertBase<...>', gave the following error.
    Argument of type '{ id: `${string}-${string}-${string}-${string}-${string}`; tenantId: string | null | undefined; routeLoadId: string; itemType: "by_serial" | "by_quantity"; assetType: "cylinder" | "tank" | undefined; ... 5 more ...; notes: string | undefined; }[]' is not assignable to parameter of type '{ tenantId: string | SQL<unknown> | Placeholder<string, any>; id: string | SQL<unknown> | Placeholder<string, any>; routeLoadId: string | SQL<unknown> | Placeholder<...>; ... 8 more ...; weightPerUnit?: number | ... 3 more ... | undefined; }[]'.
      Type '{ id: `${string}-${string}-${string}-${string}-${string}`; tenantId: string | null | undefined; routeLoadId: string; itemType: "by_serial" | "by_quantity"; assetType: "cylinder" | "tank" | undefined; ... 5 more ...; notes: string | undefined; }' is not assignable to type '{ tenantId: string | SQL<unknown> | Placeholder<string, any>; id: string | SQL<unknown> | Placeholder<string, any>; routeLoadId: string | SQL<unknown> | Placeholder<...>; ... 8 more ...; weightPerUnit?: number | ... 3 more ... | undefined; }'.
        Types of property 'tenantId' are incompatible.
          Type 'string | null | undefined' is not assignable to type 'string | SQL<unknown> | Placeholder<string, any>'.
            Type 'undefined' is not assignable to type 'string | SQL<unknown> | Placeholder<string, any>'.
src/router/tracking.ts(118,38): error TS18048: 'existing' is possibly 'undefined'.
src/router/tracking.ts(119,37): error TS18048: 'existing' is possibly 'undefined'.
src/router/tracking.ts(123,37): error TS2769: No overload matches this call.
  Overload 1 of 2, '(value: { tenantId: string | SQL<unknown> | Placeholder<string, any>; userId: string | SQL<unknown> | Placeholder<string, any>; id: string | SQL<unknown> | Placeholder<...>; ... 8 more ...; lastUsedAt?: Date | ... 2 more ... | undefined; }): PgInsertBase<...> | PgInsertBase<...>', gave the following error.
    Type 'string | null | undefined' is not assignable to type 'string | SQL<unknown> | Placeholder<string, any>'.
      Type 'undefined' is not assignable to type 'string | SQL<unknown> | Placeholder<string, any>'.
  Overload 2 of 2, '(values: { tenantId: string | SQL<unknown> | Placeholder<string, any>; userId: string | SQL<unknown> | Placeholder<string, any>; id: string | SQL<unknown> | Placeholder<...>; ... 8 more ...; lastUsedAt?: Date | ... 2 more ... | undefined; }[]): PgInsertBase<...> | PgInsertBase<...>', gave the following error.
    Object literal may only specify known properties, and 'id' does not exist in type '{ tenantId: string | SQL<unknown> | Placeholder<string, any>; userId: string | SQL<unknown> | Placeholder<string, any>; id: string | SQL<unknown> | Placeholder<string, any>; ... 8 more ...; lastUsedAt?: Date | ... 2 more ... | undefined; }[]'.
